<?xml version="1.0" encoding="UTF-8"?>
<coverage generated="1686319480020" clover="3.2.0">
  <project timestamp="1686319480020" name="All files">
    <metrics statements="32" coveredstatements="32" conditionals="6" coveredconditionals="6" methods="14" coveredmethods="14" elements="52" coveredelements="52" complexity="0" loc="32" ncloc="32" packages="1" files="1" classes="1"/>
    <file name="index.js" path="/home/fdr/all/dev/theodinproject/testing/index.js">
      <metrics statements="32" coveredstatements="32" conditionals="6" coveredconditionals="6" methods="14" coveredmethods="14"/>
      <line num="2" count="1" type="stmt"/>
      <line num="6" count="1" type="stmt"/>
      <line num="9" count="1" type="stmt"/>
      <line num="10" count="1" type="stmt"/>
      <line num="11" count="1" type="stmt"/>
      <line num="12" count="1" type="stmt"/>
      <line num="13" count="1" type="stmt"/>
      <line num="17" count="2" type="stmt"/>
      <line num="18" count="2" type="stmt"/>
      <line num="19" count="2" type="stmt"/>
      <line num="20" count="2" type="stmt"/>
      <line num="21" count="2" type="stmt"/>
      <line num="22" count="31" type="stmt"/>
      <line num="23" count="31" type="stmt"/>
      <line num="27" count="31" type="cond" truecount="2" falsecount="0"/>
      <line num="28" count="3" type="stmt"/>
      <line num="29" count="3" type="stmt"/>
      <line num="33" count="31" type="stmt"/>
      <line num="38" count="2" type="stmt"/>
      <line num="41" count="1" type="stmt"/>
      <line num="44" count="6" type="stmt"/>
      <line num="48" count="1" type="stmt"/>
      <line num="49" count="1" type="stmt"/>
      <line num="50" count="6" type="cond" truecount="2" falsecount="0"/>
      <line num="51" count="1" type="stmt"/>
      <line num="54" count="1" type="stmt"/>
      <line num="58" count="1" type="stmt"/>
      <line num="59" count="1" type="stmt"/>
      <line num="60" count="6" type="cond" truecount="2" falsecount="0"/>
      <line num="61" count="1" type="stmt"/>
      <line num="64" count="1" type="stmt"/>
      <line num="68" count="1" type="stmt"/>
    </file>
  </project>
</coverage>
