{"/home/fdr/all/dev/theodinproject/testing/index.js": {"path":"/home/fdr/all/dev/theodinproject/testing/index.js","statementMap":{"0":{"start":{"line":2,"column":2},"end":{"line":2,"column":52}},"1":{"start":{"line":6,"column":2},"end":{"line":6,"column":42}},"2":{"start":{"line":9,"column":19},"end":{"line":14,"column":1}},"3":{"start":{"line":10,"column":17},"end":{"line":10,"column":22}},"4":{"start":{"line":11,"column":22},"end":{"line":11,"column":27}},"5":{"start":{"line":12,"column":22},"end":{"line":12,"column":27}},"6":{"start":{"line":13,"column":20},"end":{"line":13,"column":25}},"7":{"start":{"line":17,"column":16},"end":{"line":17,"column":18}},"8":{"start":{"line":18,"column":13},"end":{"line":18,"column":14}},"9":{"start":{"line":19,"column":16},"end":{"line":19,"column":17}},"10":{"start":{"line":20,"column":10},"end":{"line":20,"column":11}},"11":{"start":{"line":21,"column":2},"end":{"line":34,"column":3}},"12":{"start":{"line":21,"column":15},"end":{"line":21,"column":16}},"13":{"start":{"line":22,"column":4},"end":{"line":22,"column":29}},"14":{"start":{"line":23,"column":4},"end":{"line":23,"column":27}},"15":{"start":{"line":27,"column":4},"end":{"line":30,"column":5}},"16":{"start":{"line":28,"column":6},"end":{"line":28,"column":24}},"17":{"start":{"line":29,"column":6},"end":{"line":29,"column":23}},"18":{"start":{"line":33,"column":4},"end":{"line":33,"column":24}},"19":{"start":{"line":38,"column":2},"end":{"line":38,"column":39}},"20":{"start":{"line":41,"column":0},"end":{"line":41,"column":46}},"21":{"start":{"line":44,"column":2},"end":{"line":44,"column":63}},"22":{"start":{"line":44,"column":35},"end":{"line":44,"column":45}},"23":{"start":{"line":48,"column":12},"end":{"line":48,"column":18}},"24":{"start":{"line":49,"column":2},"end":{"line":53,"column":5}},"25":{"start":{"line":50,"column":4},"end":{"line":52,"column":5}},"26":{"start":{"line":51,"column":6},"end":{"line":51,"column":17}},"27":{"start":{"line":54,"column":2},"end":{"line":54,"column":13}},"28":{"start":{"line":58,"column":12},"end":{"line":58,"column":18}},"29":{"start":{"line":59,"column":2},"end":{"line":63,"column":5}},"30":{"start":{"line":60,"column":4},"end":{"line":62,"column":5}},"31":{"start":{"line":61,"column":6},"end":{"line":61,"column":17}},"32":{"start":{"line":64,"column":2},"end":{"line":64,"column":13}},"33":{"start":{"line":68,"column":2},"end":{"line":73,"column":4}}},"fnMap":{"0":{"name":"capitalize","decl":{"start":{"line":1,"column":9},"end":{"line":1,"column":19}},"loc":{"start":{"line":1,"column":25},"end":{"line":3,"column":1}},"line":1},"1":{"name":"reverseString","decl":{"start":{"line":5,"column":9},"end":{"line":5,"column":22}},"loc":{"start":{"line":5,"column":28},"end":{"line":7,"column":1}},"line":5},"2":{"name":"(anonymous_2)","decl":{"start":{"line":10,"column":7},"end":{"line":10,"column":8}},"loc":{"start":{"line":10,"column":17},"end":{"line":10,"column":22}},"line":10},"3":{"name":"(anonymous_3)","decl":{"start":{"line":11,"column":12},"end":{"line":11,"column":13}},"loc":{"start":{"line":11,"column":22},"end":{"line":11,"column":27}},"line":11},"4":{"name":"(anonymous_4)","decl":{"start":{"line":12,"column":12},"end":{"line":12,"column":13}},"loc":{"start":{"line":12,"column":22},"end":{"line":12,"column":27}},"line":12},"5":{"name":"(anonymous_5)","decl":{"start":{"line":13,"column":10},"end":{"line":13,"column":11}},"loc":{"start":{"line":13,"column":20},"end":{"line":13,"column":25}},"line":13},"6":{"name":"caesarCipher","decl":{"start":{"line":16,"column":9},"end":{"line":16,"column":21}},"loc":{"start":{"line":16,"column":34},"end":{"line":39,"column":1}},"line":16},"7":{"name":"getAverage","decl":{"start":{"line":43,"column":9},"end":{"line":43,"column":19}},"loc":{"start":{"line":43,"column":25},"end":{"line":45,"column":1}},"line":43},"8":{"name":"(anonymous_8)","decl":{"start":{"line":44,"column":20},"end":{"line":44,"column":21}},"loc":{"start":{"line":44,"column":35},"end":{"line":44,"column":45}},"line":44},"9":{"name":"getMax","decl":{"start":{"line":47,"column":9},"end":{"line":47,"column":15}},"loc":{"start":{"line":47,"column":21},"end":{"line":55,"column":1}},"line":47},"10":{"name":"(anonymous_10)","decl":{"start":{"line":49,"column":14},"end":{"line":49,"column":15}},"loc":{"start":{"line":49,"column":24},"end":{"line":53,"column":3}},"line":49},"11":{"name":"getMin","decl":{"start":{"line":57,"column":9},"end":{"line":57,"column":15}},"loc":{"start":{"line":57,"column":21},"end":{"line":65,"column":1}},"line":57},"12":{"name":"(anonymous_12)","decl":{"start":{"line":59,"column":14},"end":{"line":59,"column":15}},"loc":{"start":{"line":59,"column":24},"end":{"line":63,"column":3}},"line":59},"13":{"name":"analyzeArray","decl":{"start":{"line":67,"column":9},"end":{"line":67,"column":21}},"loc":{"start":{"line":67,"column":27},"end":{"line":74,"column":1}},"line":67}},"branchMap":{"0":{"loc":{"start":{"line":27,"column":4},"end":{"line":30,"column":5}},"type":"if","locations":[{"start":{"line":27,"column":4},"end":{"line":30,"column":5}},{"start":{},"end":{}}],"line":27},"1":{"loc":{"start":{"line":50,"column":4},"end":{"line":52,"column":5}},"type":"if","locations":[{"start":{"line":50,"column":4},"end":{"line":52,"column":5}},{"start":{},"end":{}}],"line":50},"2":{"loc":{"start":{"line":60,"column":4},"end":{"line":62,"column":5}},"type":"if","locations":[{"start":{"line":60,"column":4},"end":{"line":62,"column":5}},{"start":{},"end":{}}],"line":60}},"s":{"0":1,"1":1,"2":1,"3":1,"4":1,"5":1,"6":1,"7":2,"8":2,"9":2,"10":2,"11":2,"12":2,"13":31,"14":31,"15":31,"16":3,"17":3,"18":31,"19":2,"20":1,"21":1,"22":6,"23":1,"24":1,"25":6,"26":1,"27":1,"28":1,"29":1,"30":6,"31":1,"32":1,"33":1},"f":{"0":1,"1":1,"2":1,"3":1,"4":1,"5":1,"6":2,"7":1,"8":6,"9":1,"10":6,"11":1,"12":6,"13":1},"b":{"0":[3,28],"1":[1,5],"2":[1,5]},"_coverageSchema":"1a1c01bbd47fc00a2c39e90264f33305004495a9","hash":"e412a24f4f292dc18a9d23b4d14d3a66bd9296b5"}
}
