TN:
SF:index.js
FN:1,capitalize
FN:5,reverseString
FN:10,(anonymous_2)
FN:11,(anonymous_3)
FN:12,(anonymous_4)
FN:13,(anonymous_5)
FN:16,caesarCipher
FN:43,getAverage
FN:44,(anonymous_8)
FN:47,getMax
FN:49,(anonymous_10)
FN:57,getMin
FN:59,(anonymous_12)
FN:67,analyzeArray
FNF:14
FNH:14
FNDA:1,capitalize
FNDA:1,reverseString
FNDA:1,(anonymous_2)
FNDA:1,(anonymous_3)
FNDA:1,(anonymous_4)
FNDA:1,(anonymous_5)
FNDA:2,caesarCipher
FNDA:1,getAverage
FNDA:6,(anonymous_8)
FNDA:1,getMax
FNDA:6,(anonymous_10)
FNDA:1,getMin
FNDA:6,(anonymous_12)
FNDA:1,analyzeArray
DA:2,1
DA:6,1
DA:9,1
DA:10,1
DA:11,1
DA:12,1
DA:13,1
DA:17,2
DA:18,2
DA:19,2
DA:20,2
DA:21,2
DA:22,31
DA:23,31
DA:27,31
DA:28,3
DA:29,3
DA:33,31
DA:38,2
DA:41,1
DA:44,6
DA:48,1
DA:49,1
DA:50,6
DA:51,1
DA:54,1
DA:58,1
DA:59,1
DA:60,6
DA:61,1
DA:64,1
DA:68,1
LF:32
LH:32
BRDA:27,0,0,3
BRDA:27,0,1,28
BRDA:50,1,0,1
BRDA:50,1,1,5
BRDA:60,2,0,1
BRDA:60,2,1,5
BRF:6
BRH:6
end_of_record
