<?xml version="1.0" encoding="UTF-8"?>
<coverage generated="1687276947180" clover="3.2.0">
  <project timestamp="1687276947180" name="All files">
    <metrics statements="195" coveredstatements="174" conditionals="70" coveredconditionals="61" methods="37" coveredmethods="34" elements="302" coveredelements="269" complexity="0" loc="195" ncloc="195" packages="1" files="5" classes="5"/>
    <file name="cell.js" path="/home/fdr/all/dev/theodinproject/battleship/src/app/cell.js">
      <metrics statements="36" coveredstatements="36" conditionals="22" coveredconditionals="22" methods="6" coveredmethods="6"/>
      <line num="2" count="804" type="stmt"/>
      <line num="3" count="804" type="stmt"/>
      <line num="5" count="804" type="stmt"/>
      <line num="7" count="804" type="stmt"/>
      <line num="10" count="2" type="stmt"/>
      <line num="14" count="570" type="stmt"/>
      <line num="18" count="801" type="stmt"/>
      <line num="19" count="801" type="stmt"/>
      <line num="21" count="801" type="stmt"/>
      <line num="22" count="6408" type="cond" truecount="2" falsecount="0"/>
      <line num="23" count="801" type="stmt"/>
      <line num="26" count="6408" type="cond" truecount="2" falsecount="0"/>
      <line num="27" count="801" type="stmt"/>
      <line num="28" count="801" type="stmt"/>
      <line num="31" count="6408" type="cond" truecount="2" falsecount="0"/>
      <line num="32" count="801" type="stmt"/>
      <line num="35" count="6408" type="cond" truecount="2" falsecount="0"/>
      <line num="36" count="801" type="stmt"/>
      <line num="37" count="801" type="stmt"/>
      <line num="40" count="6408" type="cond" truecount="2" falsecount="0"/>
      <line num="41" count="801" type="stmt"/>
      <line num="44" count="6408" type="cond" truecount="2" falsecount="0"/>
      <line num="45" count="801" type="stmt"/>
      <line num="46" count="801" type="stmt"/>
      <line num="49" count="6408" type="cond" truecount="2" falsecount="0"/>
      <line num="50" count="801" type="stmt"/>
      <line num="53" count="6408" type="cond" truecount="2" falsecount="0"/>
      <line num="54" count="801" type="stmt"/>
      <line num="55" count="801" type="stmt"/>
      <line num="58" count="6408" type="cond" truecount="6" falsecount="0"/>
      <line num="60" count="5475" type="stmt"/>
      <line num="63" count="6408" type="stmt"/>
      <line num="64" count="6408" type="stmt"/>
      <line num="69" count="801" type="stmt"/>
      <line num="72" count="804" type="stmt"/>
      <line num="79" count="57" type="stmt"/>
    </file>
    <file name="game.js" path="/home/fdr/all/dev/theodinproject/battleship/src/app/game.js">
      <metrics statements="40" coveredstatements="27" conditionals="8" coveredconditionals="3" methods="1" coveredmethods="1"/>
      <line num="6" count="1" type="stmt"/>
      <line num="7" count="1" type="stmt"/>
      <line num="9" count="1" type="stmt"/>
      <line num="10" count="1" type="stmt"/>
      <line num="12" count="1" type="stmt"/>
      <line num="13" count="1" type="stmt"/>
      <line num="15" count="1" type="stmt"/>
      <line num="17" count="1" type="stmt"/>
      <line num="22" count="1" type="stmt"/>
      <line num="27" count="1" type="stmt"/>
      <line num="32" count="1" type="stmt"/>
      <line num="37" count="1" type="stmt"/>
      <line num="43" count="1" type="stmt"/>
      <line num="51" count="1" type="stmt"/>
      <line num="56" count="1" type="stmt"/>
      <line num="61" count="1" type="stmt"/>
      <line num="66" count="1" type="stmt"/>
      <line num="71" count="1" type="stmt"/>
      <line num="77" count="1" type="stmt"/>
      <line num="85" count="1" type="stmt"/>
      <line num="86" count="1" type="stmt"/>
      <line num="88" count="1" type="stmt"/>
      <line num="89" count="1" type="stmt"/>
      <line num="93" count="1" type="cond" truecount="2" falsecount="0"/>
      <line num="95" count="1" type="stmt"/>
      <line num="96" count="1" type="cond" truecount="1" falsecount="1"/>
      <line num="97" count="1" type="stmt"/>
      <line num="100" count="0" type="cond" truecount="0" falsecount="2"/>
      <line num="102" count="0" type="stmt"/>
      <line num="105" count="0" type="stmt"/>
      <line num="107" count="0" type="stmt"/>
      <line num="108" count="0" type="stmt"/>
      <line num="110" count="0" type="stmt"/>
      <line num="111" count="0" type="cond" truecount="0" falsecount="2"/>
      <line num="113" count="0" type="stmt"/>
      <line num="116" count="0" type="stmt"/>
      <line num="117" count="0" type="stmt"/>
      <line num="119" count="0" type="stmt"/>
      <line num="120" count="0" type="stmt"/>
      <line num="124" count="0" type="stmt"/>
    </file>
    <file name="gameboard.js" path="/home/fdr/all/dev/theodinproject/battleship/src/app/gameboard.js">
      <metrics statements="81" coveredstatements="73" conditionals="24" coveredconditionals="21" methods="17" coveredmethods="14"/>
      <line num="5" count="8" type="stmt"/>
      <line num="6" count="8" type="stmt"/>
      <line num="9" count="8" type="stmt"/>
      <line num="10" count="8" type="stmt"/>
      <line num="11" count="8" type="stmt"/>
      <line num="12" count="8" type="stmt"/>
      <line num="13" count="8" type="stmt"/>
      <line num="15" count="8" type="stmt"/>
      <line num="16" count="8" type="stmt"/>
      <line num="18" count="8" type="stmt"/>
      <line num="20" count="8" type="stmt"/>
      <line num="22" count="25031" type="cond" truecount="2" falsecount="0"/>
      <line num="26" count="8" type="stmt"/>
      <line num="27" count="80" type="stmt"/>
      <line num="28" count="800" type="stmt"/>
      <line num="29" count="800" type="stmt"/>
      <line num="33" count="800" type="stmt"/>
      <line num="38" count="8" type="stmt"/>
      <line num="41" count="22071" type="stmt"/>
      <line num="44" count="1221" type="stmt"/>
      <line num="46" count="19472" type="cond" truecount="2" falsecount="0"/>
      <line num="48" count="374" type="stmt"/>
      <line num="51" count="847" type="stmt"/>
      <line num="55" count="89" type="stmt"/>
      <line num="57" count="175" type="cond" truecount="2" falsecount="0"/>
      <line num="59" count="5" type="stmt"/>
      <line num="62" count="84" type="stmt"/>
      <line num="66" count="21" type="stmt"/>
      <line num="70" count="57" type="cond" truecount="2" falsecount="0"/>
      <line num="71" count="56" type="stmt"/>
      <line num="75" count="1" type="stmt"/>
      <line num="78" count="56" type="stmt"/>
      <line num="81" count="56" type="stmt"/>
      <line num="83" count="396" type="cond" truecount="4" falsecount="0"/>
      <line num="84" count="167" type="stmt"/>
      <line num="90" count="20" type="stmt"/>
      <line num="91" count="20" type="stmt"/>
      <line num="93" count="20" type="stmt"/>
      <line num="94" count="56" type="stmt"/>
      <line num="96" count="56" type="stmt"/>
      <line num="98" count="56" type="stmt"/>
      <line num="101" count="20" type="stmt"/>
      <line num="102" count="565" type="cond" truecount="2" falsecount="0"/>
      <line num="103" count="421" type="stmt"/>
      <line num="104" count="421" type="stmt"/>
      <line num="110" count="20" type="stmt"/>
      <line num="114" count="0" type="stmt"/>
      <line num="125" count="0" type="stmt"/>
      <line num="126" count="0" type="stmt"/>
      <line num="127" count="0" type="stmt"/>
      <line num="129" count="0" type="cond" truecount="0" falsecount="2"/>
      <line num="134" count="0" type="stmt"/>
      <line num="140" count="89" type="stmt"/>
      <line num="141" count="89" type="stmt"/>
      <line num="142" count="89" type="cond" truecount="2" falsecount="0"/>
      <line num="143" count="5" type="stmt"/>
      <line num="146" count="84" type="stmt"/>
      <line num="152" count="89" type="stmt"/>
      <line num="153" count="89" type="cond" truecount="2" falsecount="0"/>
      <line num="154" count="5" type="stmt"/>
      <line num="156" count="5" type="stmt"/>
      <line num="157" count="5" type="stmt"/>
      <line num="159" count="5" type="stmt"/>
      <line num="162" count="5" type="cond" truecount="2" falsecount="0"/>
      <line num="163" count="2" type="stmt"/>
      <line num="164" count="4" type="stmt"/>
      <line num="165" count="4" type="stmt"/>
      <line num="168" count="2" type="stmt"/>
      <line num="172" count="2" type="cond" truecount="1" falsecount="1"/>
      <line num="174" count="2" type="stmt"/>
      <line num="178" count="5" type="stmt"/>
      <line num="180" count="84" type="stmt"/>
      <line num="181" count="84" type="stmt"/>
      <line num="182" count="84" type="stmt"/>
      <line num="185" count="84" type="stmt"/>
      <line num="188" count="8" type="stmt"/>
      <line num="195" count="1" type="stmt"/>
      <line num="198" count="3" type="stmt"/>
      <line num="201" count="0" type="stmt"/>
      <line num="204" count="0" type="stmt"/>
      <line num="207" count="88" type="stmt"/>
    </file>
    <file name="player.js" path="/home/fdr/all/dev/theodinproject/battleship/src/app/player.js">
      <metrics statements="25" coveredstatements="25" conditionals="10" coveredconditionals="9" methods="7" coveredmethods="7"/>
      <line num="2" count="5" type="stmt"/>
      <line num="4" count="5359" type="stmt"/>
      <line num="6" count="5" type="stmt"/>
      <line num="7" count="5" type="stmt"/>
      <line num="10" count="132" type="stmt"/>
      <line num="12" count="4865" type="cond" truecount="2" falsecount="0"/>
      <line num="14" count="46" type="stmt"/>
      <line num="17" count="86" type="stmt"/>
      <line num="21" count="260" type="stmt"/>
      <line num="22" count="260" type="stmt"/>
      <line num="26" count="86" type="cond" truecount="2" falsecount="0"/>
      <line num="28" count="84" type="stmt"/>
      <line num="29" count="84" type="stmt"/>
      <line num="30" count="130" type="stmt"/>
      <line num="31" count="130" type="stmt"/>
      <line num="32" count="130" type="stmt"/>
      <line num="34" count="130" type="cond" truecount="2" falsecount="0"/>
      <line num="35" count="84" type="stmt"/>
      <line num="36" count="84" type="stmt"/>
      <line num="40" count="84" type="stmt"/>
      <line num="43" count="2" type="cond" truecount="1" falsecount="1"/>
      <line num="44" count="2" type="stmt"/>
      <line num="46" count="2" type="stmt"/>
      <line num="49" count="5" type="stmt"/>
      <line num="53" count="1" type="stmt"/>
    </file>
    <file name="ship.js" path="/home/fdr/all/dev/theodinproject/battleship/src/app/ship.js">
      <metrics statements="13" coveredstatements="13" conditionals="6" coveredconditionals="6" methods="6" coveredmethods="6"/>
      <line num="6" count="24" type="stmt"/>
      <line num="7" count="24" type="stmt"/>
      <line num="8" count="24" type="stmt"/>
      <line num="11" count="4" type="stmt"/>
      <line num="16" count="12" type="cond" truecount="1" falsecount="0"/>
      <line num="17" count="12" type="stmt"/>
      <line num="20" count="12" type="cond" truecount="2" falsecount="0"/>
      <line num="21" count="4" type="stmt"/>
      <line num="24" count="12" type="stmt"/>
      <line num="27" count="24" type="stmt"/>
      <line num="28" count="24" type="stmt"/>
      <line num="29" count="24" type="stmt"/>
      <line num="31" count="24" type="stmt"/>
    </file>
  </project>
</coverage>
