{"/home/fdr/all/dev/theodinproject/battleship/src/app/cell.js": {"path":"/home/fdr/all/dev/theodinproject/battleship/src/app/cell.js","statementMap":{"0":{"start":{"line":2,"column":12},"end":{"line":2,"column":16}},"1":{"start":{"line":3,"column":12},"end":{"line":3,"column":16}},"2":{"start":{"line":5,"column":24},"end":{"line":5,"column":26}},"3":{"start":{"line":7,"column":12},"end":{"line":7,"column":17}},"4":{"start":{"line":10,"column":4},"end":{"line":10,"column":15}},"5":{"start":{"line":14,"column":4},"end":{"line":14,"column":24}},"6":{"start":{"line":18,"column":16},"end":{"line":18,"column":17}},"7":{"start":{"line":19,"column":16},"end":{"line":19,"column":17}},"8":{"start":{"line":21,"column":4},"end":{"line":65,"column":5}},"9":{"start":{"line":21,"column":17},"end":{"line":21,"column":18}},"10":{"start":{"line":22,"column":6},"end":{"line":24,"column":7}},"11":{"start":{"line":23,"column":8},"end":{"line":23,"column":19}},"12":{"start":{"line":26,"column":6},"end":{"line":29,"column":7}},"13":{"start":{"line":27,"column":8},"end":{"line":27,"column":19}},"14":{"start":{"line":28,"column":8},"end":{"line":28,"column":19}},"15":{"start":{"line":31,"column":6},"end":{"line":33,"column":7}},"16":{"start":{"line":32,"column":8},"end":{"line":32,"column":19}},"17":{"start":{"line":35,"column":6},"end":{"line":38,"column":7}},"18":{"start":{"line":36,"column":8},"end":{"line":36,"column":19}},"19":{"start":{"line":37,"column":8},"end":{"line":37,"column":19}},"20":{"start":{"line":40,"column":6},"end":{"line":42,"column":7}},"21":{"start":{"line":41,"column":8},"end":{"line":41,"column":19}},"22":{"start":{"line":44,"column":6},"end":{"line":47,"column":7}},"23":{"start":{"line":45,"column":8},"end":{"line":45,"column":19}},"24":{"start":{"line":46,"column":8},"end":{"line":46,"column":19}},"25":{"start":{"line":49,"column":6},"end":{"line":51,"column":7}},"26":{"start":{"line":50,"column":8},"end":{"line":50,"column":19}},"27":{"start":{"line":53,"column":6},"end":{"line":56,"column":7}},"28":{"start":{"line":54,"column":8},"end":{"line":54,"column":19}},"29":{"start":{"line":55,"column":8},"end":{"line":55,"column":19}},"30":{"start":{"line":58,"column":6},"end":{"line":61,"column":7}},"31":{"start":{"line":60,"column":8},"end":{"line":60,"column":43}},"32":{"start":{"line":63,"column":6},"end":{"line":63,"column":16}},"33":{"start":{"line":64,"column":6},"end":{"line":64,"column":16}},"34":{"start":{"line":69,"column":4},"end":{"line":69,"column":23}},"35":{"start":{"line":72,"column":2},"end":{"line":81,"column":4}},"36":{"start":{"line":79,"column":6},"end":{"line":79,"column":27}}},"fnMap":{"0":{"name":"CellFactory","decl":{"start":{"line":1,"column":24},"end":{"line":1,"column":35}},"loc":{"start":{"line":1,"column":48},"end":{"line":82,"column":1}},"line":1},"1":{"name":"renderString","decl":{"start":{"line":9,"column":11},"end":{"line":9,"column":23}},"loc":{"start":{"line":9,"column":26},"end":{"line":11,"column":3}},"line":9},"2":{"name":"setSymbol","decl":{"start":{"line":13,"column":11},"end":{"line":13,"column":20}},"loc":{"start":{"line":13,"column":29},"end":{"line":15,"column":3}},"line":13},"3":{"name":"setDisabledCells","decl":{"start":{"line":17,"column":11},"end":{"line":17,"column":27}},"loc":{"start":{"line":17,"column":30},"end":{"line":66,"column":3}},"line":17},"4":{"name":"init","decl":{"start":{"line":68,"column":11},"end":{"line":68,"column":15}},"loc":{"start":{"line":68,"column":18},"end":{"line":70,"column":3}},"line":68},"5":{"name":"(anonymous_5)","decl":{"start":{"line":78,"column":4},"end":{"line":78,"column":5}},"loc":{"start":{"line":78,"column":24},"end":{"line":80,"column":5}},"line":78}},"branchMap":{"0":{"loc":{"start":{"line":22,"column":6},"end":{"line":24,"column":7}},"type":"if","locations":[{"start":{"line":22,"column":6},"end":{"line":24,"column":7}},{"start":{},"end":{}}],"line":22},"1":{"loc":{"start":{"line":26,"column":6},"end":{"line":29,"column":7}},"type":"if","locations":[{"start":{"line":26,"column":6},"end":{"line":29,"column":7}},{"start":{},"end":{}}],"line":26},"2":{"loc":{"start":{"line":31,"column":6},"end":{"line":33,"column":7}},"type":"if","locations":[{"start":{"line":31,"column":6},"end":{"line":33,"column":7}},{"start":{},"end":{}}],"line":31},"3":{"loc":{"start":{"line":35,"column":6},"end":{"line":38,"column":7}},"type":"if","locations":[{"start":{"line":35,"column":6},"end":{"line":38,"column":7}},{"start":{},"end":{}}],"line":35},"4":{"loc":{"start":{"line":40,"column":6},"end":{"line":42,"column":7}},"type":"if","locations":[{"start":{"line":40,"column":6},"end":{"line":42,"column":7}},{"start":{},"end":{}}],"line":40},"5":{"loc":{"start":{"line":44,"column":6},"end":{"line":47,"column":7}},"type":"if","locations":[{"start":{"line":44,"column":6},"end":{"line":47,"column":7}},{"start":{},"end":{}}],"line":44},"6":{"loc":{"start":{"line":49,"column":6},"end":{"line":51,"column":7}},"type":"if","locations":[{"start":{"line":49,"column":6},"end":{"line":51,"column":7}},{"start":{},"end":{}}],"line":49},"7":{"loc":{"start":{"line":53,"column":6},"end":{"line":56,"column":7}},"type":"if","locations":[{"start":{"line":53,"column":6},"end":{"line":56,"column":7}},{"start":{},"end":{}}],"line":53},"8":{"loc":{"start":{"line":58,"column":6},"end":{"line":61,"column":7}},"type":"if","locations":[{"start":{"line":58,"column":6},"end":{"line":61,"column":7}},{"start":{},"end":{}}],"line":58},"9":{"loc":{"start":{"line":58,"column":10},"end":{"line":58,"column":64}},"type":"binary-expr","locations":[{"start":{"line":58,"column":10},"end":{"line":58,"column":20}},{"start":{"line":58,"column":24},"end":{"line":58,"column":35}},{"start":{"line":58,"column":39},"end":{"line":58,"column":49}},{"start":{"line":58,"column":53},"end":{"line":58,"column":64}}],"line":58}},"s":{"0":504,"1":504,"2":504,"3":504,"4":2,"5":147,"6":501,"7":501,"8":501,"9":501,"10":4008,"11":501,"12":4008,"13":501,"14":501,"15":4008,"16":501,"17":4008,"18":501,"19":501,"20":4008,"21":501,"22":4008,"23":501,"24":501,"25":4008,"26":501,"27":4008,"28":501,"29":501,"30":4008,"31":3423,"32":4008,"33":4008,"34":501,"35":504,"36":17},"f":{"0":504,"1":2,"2":147,"3":501,"4":501,"5":17},"b":{"0":[501,3507],"1":[501,3507],"2":[501,3507],"3":[501,3507],"4":[501,3507],"5":[501,3507],"6":[501,3507],"7":[501,3507],"8":[3423,585],"9":[4008,3855,3705,3563]},"_coverageSchema":"1a1c01bbd47fc00a2c39e90264f33305004495a9","hash":"a532583bb1639a4d38b7fe5a0fc877da577fe68b"}
,"/home/fdr/all/dev/theodinproject/battleship/src/app/gameboard.js": {"path":"/home/fdr/all/dev/theodinproject/battleship/src/app/gameboard.js","statementMap":{"0":{"start":{"line":5,"column":15},"end":{"line":5,"column":17}},"1":{"start":{"line":6,"column":16},"end":{"line":6,"column":79}},"2":{"start":{"line":9,"column":16},"end":{"line":9,"column":18}},"3":{"start":{"line":10,"column":13},"end":{"line":10,"column":14}},"4":{"start":{"line":11,"column":24},"end":{"line":11,"column":26}},"5":{"start":{"line":12,"column":22},"end":{"line":12,"column":24}},"6":{"start":{"line":13,"column":16},"end":{"line":13,"column":18}},"7":{"start":{"line":15,"column":19},"end":{"line":15,"column":21}},"8":{"start":{"line":16,"column":22},"end":{"line":16,"column":24}},"9":{"start":{"line":18,"column":26},"end":{"line":18,"column":31}},"10":{"start":{"line":20,"column":18},"end":{"line":20,"column":19}},"11":{"start":{"line":22,"column":4},"end":{"line":22,"column":62}},"12":{"start":{"line":22,"column":32},"end":{"line":22,"column":60}},"13":{"start":{"line":26,"column":4},"end":{"line":35,"column":5}},"14":{"start":{"line":26,"column":17},"end":{"line":26,"column":18}},"15":{"start":{"line":27,"column":6},"end":{"line":34,"column":7}},"16":{"start":{"line":27,"column":19},"end":{"line":27,"column":20}},"17":{"start":{"line":28,"column":21},"end":{"line":28,"column":38}},"18":{"start":{"line":29,"column":8},"end":{"line":29,"column":20}},"19":{"start":{"line":33,"column":8},"end":{"line":33,"column":25}},"20":{"start":{"line":38,"column":4},"end":{"line":38,"column":24}},"21":{"start":{"line":41,"column":24},"end":{"line":41,"column":69}},"22":{"start":{"line":41,"column":34},"end":{"line":41,"column":69}},"23":{"start":{"line":41,"column":55},"end":{"line":41,"column":68}},"24":{"start":{"line":44,"column":4},"end":{"line":50,"column":5}},"25":{"start":{"line":46,"column":6},"end":{"line":49,"column":7}},"26":{"start":{"line":48,"column":8},"end":{"line":48,"column":20}},"27":{"start":{"line":51,"column":4},"end":{"line":51,"column":17}},"28":{"start":{"line":55,"column":4},"end":{"line":61,"column":5}},"29":{"start":{"line":57,"column":6},"end":{"line":60,"column":7}},"30":{"start":{"line":59,"column":8},"end":{"line":59,"column":20}},"31":{"start":{"line":62,"column":4},"end":{"line":62,"column":16}},"32":{"start":{"line":66,"column":4},"end":{"line":88,"column":5}},"33":{"start":{"line":70,"column":6},"end":{"line":76,"column":7}},"34":{"start":{"line":71,"column":8},"end":{"line":71,"column":39}},"35":{"start":{"line":75,"column":8},"end":{"line":75,"column":21}},"36":{"start":{"line":78,"column":19},"end":{"line":78,"column":39}},"37":{"start":{"line":81,"column":6},"end":{"line":87,"column":7}},"38":{"start":{"line":83,"column":8},"end":{"line":86,"column":9}},"39":{"start":{"line":84,"column":10},"end":{"line":84,"column":32}},"40":{"start":{"line":90,"column":17},"end":{"line":90,"column":48}},"41":{"start":{"line":91,"column":4},"end":{"line":91,"column":38}},"42":{"start":{"line":93,"column":4},"end":{"line":99,"column":5}},"43":{"start":{"line":94,"column":6},"end":{"line":94,"column":35}},"44":{"start":{"line":96,"column":19},"end":{"line":96,"column":39}},"45":{"start":{"line":98,"column":6},"end":{"line":98,"column":26}},"46":{"start":{"line":101,"column":4},"end":{"line":106,"column":5}},"47":{"start":{"line":102,"column":6},"end":{"line":105,"column":7}},"48":{"start":{"line":103,"column":19},"end":{"line":103,"column":30}},"49":{"start":{"line":104,"column":8},"end":{"line":104,"column":26}},"50":{"start":{"line":110,"column":4},"end":{"line":110,"column":16}},"51":{"start":{"line":114,"column":14},"end":{"line":114,"column":16}},"52":{"start":{"line":116,"column":4},"end":{"line":116,"column":22}},"53":{"start":{"line":117,"column":4},"end":{"line":117,"column":70}},"54":{"start":{"line":118,"column":4},"end":{"line":118,"column":26}},"55":{"start":{"line":125,"column":4},"end":{"line":135,"column":5}},"56":{"start":{"line":125,"column":17},"end":{"line":125,"column":18}},"57":{"start":{"line":126,"column":6},"end":{"line":128,"column":7}},"58":{"start":{"line":126,"column":19},"end":{"line":126,"column":20}},"59":{"start":{"line":127,"column":8},"end":{"line":127,"column":48}},"60":{"start":{"line":129,"column":6},"end":{"line":133,"column":7}},"61":{"start":{"line":130,"column":8},"end":{"line":130,"column":40}},"62":{"start":{"line":132,"column":8},"end":{"line":132,"column":39}},"63":{"start":{"line":134,"column":6},"end":{"line":134,"column":15}},"64":{"start":{"line":136,"column":4},"end":{"line":136,"column":53}},"65":{"start":{"line":140,"column":4},"end":{"line":145,"column":5}},"66":{"start":{"line":141,"column":20},"end":{"line":141,"column":73}},"67":{"start":{"line":142,"column":6},"end":{"line":144,"column":7}},"68":{"start":{"line":143,"column":8},"end":{"line":143,"column":20}},"69":{"start":{"line":146,"column":4},"end":{"line":146,"column":16}},"70":{"start":{"line":152,"column":17},"end":{"line":152,"column":38}},"71":{"start":{"line":153,"column":4},"end":{"line":179,"column":5}},"72":{"start":{"line":154,"column":6},"end":{"line":154,"column":33}},"73":{"start":{"line":156,"column":27},"end":{"line":156,"column":48}},"74":{"start":{"line":157,"column":6},"end":{"line":157,"column":34}},"75":{"start":{"line":159,"column":6},"end":{"line":159,"column":22}},"76":{"start":{"line":162,"column":6},"end":{"line":176,"column":7}},"77":{"start":{"line":163,"column":8},"end":{"line":166,"column":9}},"78":{"start":{"line":164,"column":27},"end":{"line":164,"column":38}},"79":{"start":{"line":165,"column":10},"end":{"line":165,"column":34}},"80":{"start":{"line":168,"column":8},"end":{"line":168,"column":23}},"81":{"start":{"line":172,"column":8},"end":{"line":175,"column":9}},"82":{"start":{"line":174,"column":10},"end":{"line":174,"column":35}},"83":{"start":{"line":178,"column":6},"end":{"line":178,"column":18}},"84":{"start":{"line":180,"column":4},"end":{"line":180,"column":34}},"85":{"start":{"line":181,"column":17},"end":{"line":181,"column":38}},"86":{"start":{"line":182,"column":4},"end":{"line":182,"column":24}},"87":{"start":{"line":185,"column":4},"end":{"line":185,"column":17}},"88":{"start":{"line":188,"column":2},"end":{"line":208,"column":4}},"89":{"start":{"line":194,"column":6},"end":{"line":194,"column":18}},"90":{"start":{"line":197,"column":6},"end":{"line":197,"column":19}},"91":{"start":{"line":200,"column":6},"end":{"line":200,"column":22}},"92":{"start":{"line":203,"column":6},"end":{"line":203,"column":25}},"93":{"start":{"line":206,"column":6},"end":{"line":206,"column":31}}},"fnMap":{"0":{"name":"GameboardFactory","decl":{"start":{"line":4,"column":24},"end":{"line":4,"column":40}},"loc":{"start":{"line":4,"column":43},"end":{"line":209,"column":1}},"line":4},"1":{"name":"findCell","decl":{"start":{"line":21,"column":11},"end":{"line":21,"column":19}},"loc":{"start":{"line":21,"column":28},"end":{"line":23,"column":3}},"line":21},"2":{"name":"(anonymous_2)","decl":{"start":{"line":22,"column":22},"end":{"line":22,"column":23}},"loc":{"start":{"line":22,"column":32},"end":{"line":22,"column":60}},"line":22},"3":{"name":"create","decl":{"start":{"line":25,"column":11},"end":{"line":25,"column":17}},"loc":{"start":{"line":25,"column":20},"end":{"line":39,"column":3}},"line":25},"4":{"name":"(anonymous_4)","decl":{"start":{"line":41,"column":24},"end":{"line":41,"column":25}},"loc":{"start":{"line":41,"column":34},"end":{"line":41,"column":69}},"line":41},"5":{"name":"(anonymous_5)","decl":{"start":{"line":41,"column":42},"end":{"line":41,"column":43}},"loc":{"start":{"line":41,"column":55},"end":{"line":41,"column":68}},"line":41},"6":{"name":"findSubArray","decl":{"start":{"line":43,"column":11},"end":{"line":43,"column":23}},"loc":{"start":{"line":43,"column":34},"end":{"line":52,"column":3}},"line":43},"7":{"name":"findSubArrayCoordinate","decl":{"start":{"line":54,"column":11},"end":{"line":54,"column":33}},"loc":{"start":{"line":54,"column":44},"end":{"line":63,"column":3}},"line":54},"8":{"name":"placeShip","decl":{"start":{"line":65,"column":11},"end":{"line":65,"column":20}},"loc":{"start":{"line":65,"column":34},"end":{"line":111,"column":3}},"line":65},"9":{"name":"drawBoard","decl":{"start":{"line":113,"column":11},"end":{"line":113,"column":20}},"loc":{"start":{"line":113,"column":27},"end":{"line":137,"column":3}},"line":113},"10":{"name":"findShip","decl":{"start":{"line":139,"column":11},"end":{"line":139,"column":19}},"loc":{"start":{"line":139,"column":33},"end":{"line":147,"column":3}},"line":139},"11":{"name":"receiveAttack","decl":{"start":{"line":149,"column":11},"end":{"line":149,"column":24}},"loc":{"start":{"line":149,"column":38},"end":{"line":186,"column":3}},"line":149},"12":{"name":"(anonymous_12)","decl":{"start":{"line":193,"column":4},"end":{"line":193,"column":5}},"loc":{"start":{"line":193,"column":15},"end":{"line":195,"column":5}},"line":193},"13":{"name":"(anonymous_13)","decl":{"start":{"line":196,"column":4},"end":{"line":196,"column":5}},"loc":{"start":{"line":196,"column":16},"end":{"line":198,"column":5}},"line":196},"14":{"name":"(anonymous_14)","decl":{"start":{"line":199,"column":4},"end":{"line":199,"column":5}},"loc":{"start":{"line":199,"column":19},"end":{"line":201,"column":5}},"line":199},"15":{"name":"(anonymous_15)","decl":{"start":{"line":202,"column":4},"end":{"line":202,"column":5}},"loc":{"start":{"line":202,"column":22},"end":{"line":204,"column":5}},"line":202},"16":{"name":"(anonymous_16)","decl":{"start":{"line":205,"column":4},"end":{"line":205,"column":5}},"loc":{"start":{"line":205,"column":28},"end":{"line":207,"column":5}},"line":205}},"branchMap":{"0":{"loc":{"start":{"line":22,"column":32},"end":{"line":22,"column":60}},"type":"binary-expr","locations":[{"start":{"line":22,"column":32},"end":{"line":22,"column":44}},{"start":{"line":22,"column":48},"end":{"line":22,"column":60}}],"line":22},"1":{"loc":{"start":{"line":46,"column":6},"end":{"line":49,"column":7}},"type":"if","locations":[{"start":{"line":46,"column":6},"end":{"line":49,"column":7}},{"start":{},"end":{}}],"line":46},"2":{"loc":{"start":{"line":57,"column":6},"end":{"line":60,"column":7}},"type":"if","locations":[{"start":{"line":57,"column":6},"end":{"line":60,"column":7}},{"start":{},"end":{}}],"line":57},"3":{"loc":{"start":{"line":70,"column":6},"end":{"line":76,"column":7}},"type":"if","locations":[{"start":{"line":70,"column":6},"end":{"line":76,"column":7}},{"start":{"line":73,"column":13},"end":{"line":76,"column":7}}],"line":70},"4":{"loc":{"start":{"line":83,"column":8},"end":{"line":86,"column":9}},"type":"if","locations":[{"start":{"line":83,"column":8},"end":{"line":86,"column":9}},{"start":{},"end":{}}],"line":83},"5":{"loc":{"start":{"line":83,"column":12},"end":{"line":83,"column":76}},"type":"binary-expr","locations":[{"start":{"line":83,"column":12},"end":{"line":83,"column":43}},{"start":{"line":83,"column":47},"end":{"line":83,"column":76}}],"line":83},"6":{"loc":{"start":{"line":102,"column":6},"end":{"line":105,"column":7}},"type":"if","locations":[{"start":{"line":102,"column":6},"end":{"line":105,"column":7}},{"start":{},"end":{}}],"line":102},"7":{"loc":{"start":{"line":129,"column":6},"end":{"line":133,"column":7}},"type":"if","locations":[{"start":{"line":129,"column":6},"end":{"line":133,"column":7}},{"start":{"line":131,"column":13},"end":{"line":133,"column":7}}],"line":129},"8":{"loc":{"start":{"line":142,"column":6},"end":{"line":144,"column":7}},"type":"if","locations":[{"start":{"line":142,"column":6},"end":{"line":144,"column":7}},{"start":{},"end":{}}],"line":142},"9":{"loc":{"start":{"line":153,"column":4},"end":{"line":179,"column":5}},"type":"if","locations":[{"start":{"line":153,"column":4},"end":{"line":179,"column":5}},{"start":{},"end":{}}],"line":153},"10":{"loc":{"start":{"line":162,"column":6},"end":{"line":176,"column":7}},"type":"if","locations":[{"start":{"line":162,"column":6},"end":{"line":176,"column":7}},{"start":{},"end":{}}],"line":162},"11":{"loc":{"start":{"line":172,"column":8},"end":{"line":175,"column":9}},"type":"if","locations":[{"start":{"line":172,"column":8},"end":{"line":175,"column":9}},{"start":{},"end":{}}],"line":172}},"s":{"0":5,"1":5,"2":5,"3":5,"4":5,"5":5,"6":5,"7":5,"8":5,"9":5,"10":5,"11":163,"12":4750,"13":5,"14":5,"15":50,"16":50,"17":500,"18":500,"19":500,"20":5,"21":5,"22":2520,"23":2939,"24":302,"25":2443,"26":84,"27":218,"28":40,"29":77,"30":5,"31":35,"32":8,"33":17,"34":16,"35":1,"36":16,"37":16,"38":106,"39":53,"40":7,"41":7,"42":7,"43":16,"44":16,"45":16,"46":7,"47":117,"48":87,"49":87,"50":7,"51":0,"52":0,"53":0,"54":0,"55":0,"56":0,"57":0,"58":0,"59":0,"60":0,"61":0,"62":0,"63":0,"64":0,"65":40,"66":40,"67":40,"68":5,"69":35,"70":40,"71":40,"72":5,"73":5,"74":5,"75":5,"76":5,"77":2,"78":4,"79":4,"80":2,"81":2,"82":2,"83":5,"84":35,"85":35,"86":35,"87":35,"88":5,"89":1,"90":0,"91":0,"92":0,"93":37},"f":{"0":5,"1":163,"2":4750,"3":5,"4":2520,"5":2939,"6":302,"7":40,"8":8,"9":0,"10":40,"11":40,"12":1,"13":0,"14":0,"15":0,"16":37},"b":{"0":[4750,573],"1":[84,2359],"2":[5,72],"3":[16,1],"4":[53,53],"5":[106,62],"6":[87,30],"7":[0,0],"8":[5,35],"9":[5,35],"10":[2,3],"11":[2,0]},"_coverageSchema":"1a1c01bbd47fc00a2c39e90264f33305004495a9","hash":"75f81ae90b0a792d80e3b1b95e3e48d2f156058f"}
,"/home/fdr/all/dev/theodinproject/battleship/src/app/player.js": {"path":"/home/fdr/all/dev/theodinproject/battleship/src/app/player.js","statementMap":{"0":{"start":{"line":2,"column":16},"end":{"line":2,"column":17}},"1":{"start":{"line":4,"column":24},"end":{"line":4,"column":69}},"2":{"start":{"line":4,"column":34},"end":{"line":4,"column":69}},"3":{"start":{"line":4,"column":55},"end":{"line":4,"column":68}},"4":{"start":{"line":6,"column":22},"end":{"line":6,"column":24}},"5":{"start":{"line":7,"column":18},"end":{"line":7,"column":22}},"6":{"start":{"line":10,"column":4},"end":{"line":16,"column":5}},"7":{"start":{"line":12,"column":6},"end":{"line":15,"column":7}},"8":{"start":{"line":14,"column":8},"end":{"line":14,"column":20}},"9":{"start":{"line":17,"column":4},"end":{"line":17,"column":17}},"10":{"start":{"line":21,"column":14},"end":{"line":21,"column":64}},"11":{"start":{"line":22,"column":4},"end":{"line":22,"column":13}},"12":{"start":{"line":26,"column":4},"end":{"line":41,"column":5}},"13":{"start":{"line":28,"column":6},"end":{"line":28,"column":23}},"14":{"start":{"line":29,"column":6},"end":{"line":38,"column":7}},"15":{"start":{"line":30,"column":24},"end":{"line":30,"column":47}},"16":{"start":{"line":31,"column":24},"end":{"line":31,"column":47}},"17":{"start":{"line":32,"column":8},"end":{"line":32,"column":36}},"18":{"start":{"line":34,"column":8},"end":{"line":37,"column":9}},"19":{"start":{"line":35,"column":10},"end":{"line":35,"column":28}},"20":{"start":{"line":36,"column":10},"end":{"line":36,"column":35}},"21":{"start":{"line":40,"column":6},"end":{"line":40,"column":41}},"22":{"start":{"line":43,"column":4},"end":{"line":43,"column":44}},"23":{"start":{"line":45,"column":2},"end":{"line":45,"column":20}}},"fnMap":{"0":{"name":"Player","decl":{"start":{"line":1,"column":24},"end":{"line":1,"column":30}},"loc":{"start":{"line":1,"column":52},"end":{"line":46,"column":1}},"line":1},"1":{"name":"(anonymous_1)","decl":{"start":{"line":4,"column":24},"end":{"line":4,"column":25}},"loc":{"start":{"line":4,"column":34},"end":{"line":4,"column":69}},"line":4},"2":{"name":"(anonymous_2)","decl":{"start":{"line":4,"column":42},"end":{"line":4,"column":43}},"loc":{"start":{"line":4,"column":55},"end":{"line":4,"column":68}},"line":4},"3":{"name":"findSubArray","decl":{"start":{"line":9,"column":11},"end":{"line":9,"column":23}},"loc":{"start":{"line":9,"column":34},"end":{"line":18,"column":3}},"line":9},"4":{"name":"getRandomInteger","decl":{"start":{"line":20,"column":11},"end":{"line":20,"column":27}},"loc":{"start":{"line":20,"column":39},"end":{"line":23,"column":3}},"line":20},"5":{"name":"attack","decl":{"start":{"line":25,"column":11},"end":{"line":25,"column":17}},"loc":{"start":{"line":25,"column":36},"end":{"line":44,"column":3}},"line":25}},"branchMap":{"0":{"loc":{"start":{"line":1,"column":34},"end":{"line":1,"column":50}},"type":"default-arg","locations":[{"start":{"line":1,"column":45},"end":{"line":1,"column":50}}],"line":1},"1":{"loc":{"start":{"line":12,"column":6},"end":{"line":15,"column":7}},"type":"if","locations":[{"start":{"line":12,"column":6},"end":{"line":15,"column":7}},{"start":{},"end":{}}],"line":12},"2":{"loc":{"start":{"line":25,"column":18},"end":{"line":25,"column":34}},"type":"default-arg","locations":[{"start":{"line":25,"column":32},"end":{"line":25,"column":34}}],"line":25},"3":{"loc":{"start":{"line":26,"column":4},"end":{"line":41,"column":5}},"type":"if","locations":[{"start":{"line":26,"column":4},"end":{"line":41,"column":5}},{"start":{},"end":{}}],"line":26},"4":{"loc":{"start":{"line":34,"column":8},"end":{"line":37,"column":9}},"type":"if","locations":[{"start":{"line":34,"column":8},"end":{"line":37,"column":9}},{"start":{},"end":{}}],"line":34}},"s":{"0":3,"1":3,"2":652,"3":717,"4":3,"5":3,"6":40,"7":652,"8":5,"9":35,"10":80,"11":80,"12":37,"13":35,"14":35,"15":40,"16":40,"17":40,"18":40,"19":35,"20":35,"21":35,"22":2,"23":3},"f":{"0":3,"1":652,"2":717,"3":40,"4":80,"5":37},"b":{"0":[2],"1":[5,647],"2":[35],"3":[35,2],"4":[35,5]},"_coverageSchema":"1a1c01bbd47fc00a2c39e90264f33305004495a9","hash":"c01069d613b9b183029bdbbfa4ff59bc4b0b7359"}
,"/home/fdr/all/dev/theodinproject/battleship/src/app/ship.js": {"path":"/home/fdr/all/dev/theodinproject/battleship/src/app/ship.js","statementMap":{"0":{"start":{"line":6,"column":17},"end":{"line":6,"column":26}},"1":{"start":{"line":7,"column":13},"end":{"line":7,"column":20}},"2":{"start":{"line":8,"column":20},"end":{"line":8,"column":29}},"3":{"start":{"line":11,"column":4},"end":{"line":11,"column":23}},"4":{"start":{"line":16,"column":4},"end":{"line":18,"column":5}},"5":{"start":{"line":17,"column":6},"end":{"line":17,"column":16}},"6":{"start":{"line":20,"column":4},"end":{"line":22,"column":5}},"7":{"start":{"line":21,"column":6},"end":{"line":21,"column":13}},"8":{"start":{"line":24,"column":4},"end":{"line":24,"column":16}},"9":{"start":{"line":27,"column":20},"end":{"line":27,"column":32}},"10":{"start":{"line":27,"column":26},"end":{"line":27,"column":32}},"11":{"start":{"line":28,"column":18},"end":{"line":28,"column":28}},"12":{"start":{"line":28,"column":24},"end":{"line":28,"column":28}},"13":{"start":{"line":29,"column":17},"end":{"line":29,"column":34}},"14":{"start":{"line":29,"column":23},"end":{"line":29,"column":34}},"15":{"start":{"line":31,"column":2},"end":{"line":31,"column":45}}},"fnMap":{"0":{"name":"ShipFactory","decl":{"start":{"line":1,"column":24},"end":{"line":1,"column":35}},"loc":{"start":{"line":5,"column":2},"end":{"line":32,"column":1}},"line":5},"1":{"name":"sink","decl":{"start":{"line":10,"column":11},"end":{"line":10,"column":15}},"loc":{"start":{"line":10,"column":18},"end":{"line":12,"column":3}},"line":10},"2":{"name":"hit","decl":{"start":{"line":14,"column":11},"end":{"line":14,"column":14}},"loc":{"start":{"line":14,"column":17},"end":{"line":25,"column":3}},"line":14},"3":{"name":"(anonymous_3)","decl":{"start":{"line":27,"column":20},"end":{"line":27,"column":21}},"loc":{"start":{"line":27,"column":26},"end":{"line":27,"column":32}},"line":27},"4":{"name":"(anonymous_4)","decl":{"start":{"line":28,"column":18},"end":{"line":28,"column":19}},"loc":{"start":{"line":28,"column":24},"end":{"line":28,"column":28}},"line":28},"5":{"name":"(anonymous_5)","decl":{"start":{"line":29,"column":17},"end":{"line":29,"column":18}},"loc":{"start":{"line":29,"column":23},"end":{"line":29,"column":34}},"line":29}},"branchMap":{"0":{"loc":{"start":{"line":2,"column":2},"end":{"line":2,"column":15}},"type":"default-arg","locations":[{"start":{"line":2,"column":14},"end":{"line":2,"column":15}}],"line":2},"1":{"loc":{"start":{"line":3,"column":2},"end":{"line":3,"column":13}},"type":"default-arg","locations":[{"start":{"line":3,"column":12},"end":{"line":3,"column":13}}],"line":3},"2":{"loc":{"start":{"line":4,"column":2},"end":{"line":4,"column":19}},"type":"default-arg","locations":[{"start":{"line":4,"column":14},"end":{"line":4,"column":19}}],"line":4},"3":{"loc":{"start":{"line":16,"column":4},"end":{"line":18,"column":5}},"type":"if","locations":[{"start":{"line":16,"column":4},"end":{"line":18,"column":5}}],"line":16},"4":{"loc":{"start":{"line":20,"column":4},"end":{"line":22,"column":5}},"type":"if","locations":[{"start":{"line":20,"column":4},"end":{"line":22,"column":5}},{"start":{},"end":{}}],"line":20}},"s":{"0":11,"1":11,"2":11,"3":4,"4":12,"5":12,"6":12,"7":4,"8":12,"9":11,"10":1,"11":11,"12":5,"13":11,"14":8,"15":11},"f":{"0":11,"1":4,"2":12,"3":1,"4":5,"5":8},"b":{"0":[1],"1":[10],"2":[11],"3":[12],"4":[4,8]},"_coverageSchema":"1a1c01bbd47fc00a2c39e90264f33305004495a9","hash":"a0c018618bc8e4dc5cdc546ec8a1bfcb4ca43448"}
}
