{"/home/fdr/all/dev/theodinproject/battleship/src/app/cell.js": {"path":"/home/fdr/all/dev/theodinproject/battleship/src/app/cell.js","statementMap":{"0":{"start":{"line":2,"column":12},"end":{"line":2,"column":16}},"1":{"start":{"line":3,"column":12},"end":{"line":3,"column":16}},"2":{"start":{"line":5,"column":24},"end":{"line":5,"column":26}},"3":{"start":{"line":7,"column":12},"end":{"line":7,"column":17}},"4":{"start":{"line":10,"column":4},"end":{"line":10,"column":15}},"5":{"start":{"line":14,"column":4},"end":{"line":14,"column":24}},"6":{"start":{"line":18,"column":16},"end":{"line":18,"column":17}},"7":{"start":{"line":19,"column":16},"end":{"line":19,"column":17}},"8":{"start":{"line":21,"column":4},"end":{"line":65,"column":5}},"9":{"start":{"line":21,"column":17},"end":{"line":21,"column":18}},"10":{"start":{"line":22,"column":6},"end":{"line":24,"column":7}},"11":{"start":{"line":23,"column":8},"end":{"line":23,"column":19}},"12":{"start":{"line":26,"column":6},"end":{"line":29,"column":7}},"13":{"start":{"line":27,"column":8},"end":{"line":27,"column":19}},"14":{"start":{"line":28,"column":8},"end":{"line":28,"column":19}},"15":{"start":{"line":31,"column":6},"end":{"line":33,"column":7}},"16":{"start":{"line":32,"column":8},"end":{"line":32,"column":19}},"17":{"start":{"line":35,"column":6},"end":{"line":38,"column":7}},"18":{"start":{"line":36,"column":8},"end":{"line":36,"column":19}},"19":{"start":{"line":37,"column":8},"end":{"line":37,"column":19}},"20":{"start":{"line":40,"column":6},"end":{"line":42,"column":7}},"21":{"start":{"line":41,"column":8},"end":{"line":41,"column":19}},"22":{"start":{"line":44,"column":6},"end":{"line":47,"column":7}},"23":{"start":{"line":45,"column":8},"end":{"line":45,"column":19}},"24":{"start":{"line":46,"column":8},"end":{"line":46,"column":19}},"25":{"start":{"line":49,"column":6},"end":{"line":51,"column":7}},"26":{"start":{"line":50,"column":8},"end":{"line":50,"column":19}},"27":{"start":{"line":53,"column":6},"end":{"line":56,"column":7}},"28":{"start":{"line":54,"column":8},"end":{"line":54,"column":19}},"29":{"start":{"line":55,"column":8},"end":{"line":55,"column":19}},"30":{"start":{"line":58,"column":6},"end":{"line":61,"column":7}},"31":{"start":{"line":60,"column":8},"end":{"line":60,"column":43}},"32":{"start":{"line":63,"column":6},"end":{"line":63,"column":16}},"33":{"start":{"line":64,"column":6},"end":{"line":64,"column":16}},"34":{"start":{"line":69,"column":4},"end":{"line":69,"column":23}},"35":{"start":{"line":72,"column":2},"end":{"line":81,"column":4}},"36":{"start":{"line":79,"column":6},"end":{"line":79,"column":27}}},"fnMap":{"0":{"name":"CellFactory","decl":{"start":{"line":1,"column":24},"end":{"line":1,"column":35}},"loc":{"start":{"line":1,"column":48},"end":{"line":82,"column":1}},"line":1},"1":{"name":"renderString","decl":{"start":{"line":9,"column":11},"end":{"line":9,"column":23}},"loc":{"start":{"line":9,"column":26},"end":{"line":11,"column":3}},"line":9},"2":{"name":"setSymbol","decl":{"start":{"line":13,"column":11},"end":{"line":13,"column":20}},"loc":{"start":{"line":13,"column":29},"end":{"line":15,"column":3}},"line":13},"3":{"name":"setDisabledCells","decl":{"start":{"line":17,"column":11},"end":{"line":17,"column":27}},"loc":{"start":{"line":17,"column":30},"end":{"line":66,"column":3}},"line":17},"4":{"name":"init","decl":{"start":{"line":68,"column":11},"end":{"line":68,"column":15}},"loc":{"start":{"line":68,"column":18},"end":{"line":70,"column":3}},"line":68},"5":{"name":"(anonymous_5)","decl":{"start":{"line":78,"column":4},"end":{"line":78,"column":5}},"loc":{"start":{"line":78,"column":24},"end":{"line":80,"column":5}},"line":78}},"branchMap":{"0":{"loc":{"start":{"line":22,"column":6},"end":{"line":24,"column":7}},"type":"if","locations":[{"start":{"line":22,"column":6},"end":{"line":24,"column":7}},{"start":{},"end":{}}],"line":22},"1":{"loc":{"start":{"line":26,"column":6},"end":{"line":29,"column":7}},"type":"if","locations":[{"start":{"line":26,"column":6},"end":{"line":29,"column":7}},{"start":{},"end":{}}],"line":26},"2":{"loc":{"start":{"line":31,"column":6},"end":{"line":33,"column":7}},"type":"if","locations":[{"start":{"line":31,"column":6},"end":{"line":33,"column":7}},{"start":{},"end":{}}],"line":31},"3":{"loc":{"start":{"line":35,"column":6},"end":{"line":38,"column":7}},"type":"if","locations":[{"start":{"line":35,"column":6},"end":{"line":38,"column":7}},{"start":{},"end":{}}],"line":35},"4":{"loc":{"start":{"line":40,"column":6},"end":{"line":42,"column":7}},"type":"if","locations":[{"start":{"line":40,"column":6},"end":{"line":42,"column":7}},{"start":{},"end":{}}],"line":40},"5":{"loc":{"start":{"line":44,"column":6},"end":{"line":47,"column":7}},"type":"if","locations":[{"start":{"line":44,"column":6},"end":{"line":47,"column":7}},{"start":{},"end":{}}],"line":44},"6":{"loc":{"start":{"line":49,"column":6},"end":{"line":51,"column":7}},"type":"if","locations":[{"start":{"line":49,"column":6},"end":{"line":51,"column":7}},{"start":{},"end":{}}],"line":49},"7":{"loc":{"start":{"line":53,"column":6},"end":{"line":56,"column":7}},"type":"if","locations":[{"start":{"line":53,"column":6},"end":{"line":56,"column":7}},{"start":{},"end":{}}],"line":53},"8":{"loc":{"start":{"line":58,"column":6},"end":{"line":61,"column":7}},"type":"if","locations":[{"start":{"line":58,"column":6},"end":{"line":61,"column":7}},{"start":{},"end":{}}],"line":58},"9":{"loc":{"start":{"line":58,"column":10},"end":{"line":58,"column":64}},"type":"binary-expr","locations":[{"start":{"line":58,"column":10},"end":{"line":58,"column":20}},{"start":{"line":58,"column":24},"end":{"line":58,"column":35}},{"start":{"line":58,"column":39},"end":{"line":58,"column":49}},{"start":{"line":58,"column":53},"end":{"line":58,"column":64}}],"line":58}},"s":{"0":404,"1":404,"2":404,"3":404,"4":2,"5":0,"6":401,"7":401,"8":401,"9":401,"10":3208,"11":401,"12":3208,"13":401,"14":401,"15":3208,"16":401,"17":3208,"18":401,"19":401,"20":3208,"21":401,"22":3208,"23":401,"24":401,"25":3208,"26":401,"27":3208,"28":401,"29":401,"30":3208,"31":2739,"32":3208,"33":3208,"34":401,"35":404,"36":15},"f":{"0":404,"1":2,"2":0,"3":401,"4":401,"5":15},"b":{"0":[401,2807],"1":[401,2807],"2":[401,2807],"3":[401,2807],"4":[401,2807],"5":[401,2807],"6":[401,2807],"7":[401,2807],"8":[2739,469],"9":[3208,3085,2965,2851]},"_coverageSchema":"1a1c01bbd47fc00a2c39e90264f33305004495a9","hash":"a532583bb1639a4d38b7fe5a0fc877da577fe68b"}
,"/home/fdr/all/dev/theodinproject/battleship/src/app/drag_and_drop.js": {"path":"/home/fdr/all/dev/theodinproject/battleship/src/app/drag_and_drop.js","statementMap":{"0":{"start":{"line":2,"column":15},"end":{"line":2,"column":16}},"1":{"start":{"line":6,"column":20},"end":{"line":6,"column":22}},"2":{"start":{"line":8,"column":20},"end":{"line":8,"column":25}},"3":{"start":{"line":9,"column":19},"end":{"line":9,"column":24}},"4":{"start":{"line":10,"column":21},"end":{"line":10,"column":26}},"5":{"start":{"line":12,"column":22},"end":{"line":12,"column":27}},"6":{"start":{"line":15,"column":4},"end":{"line":15,"column":21}},"7":{"start":{"line":16,"column":25},"end":{"line":16,"column":26}},"8":{"start":{"line":18,"column":4},"end":{"line":34,"column":5}},"9":{"start":{"line":19,"column":32},"end":{"line":19,"column":60}},"10":{"start":{"line":21,"column":22},"end":{"line":21,"column":32}},"11":{"start":{"line":22,"column":22},"end":{"line":22,"column":33}},"12":{"start":{"line":25,"column":6},"end":{"line":25,"column":34}},"13":{"start":{"line":26,"column":24},"end":{"line":26,"column":67}},"14":{"start":{"line":27,"column":6},"end":{"line":27,"column":34}},"15":{"start":{"line":29,"column":6},"end":{"line":33,"column":7}},"16":{"start":{"line":31,"column":8},"end":{"line":31,"column":36}},"17":{"start":{"line":32,"column":8},"end":{"line":32,"column":28}},"18":{"start":{"line":36,"column":4},"end":{"line":42,"column":5}},"19":{"start":{"line":38,"column":6},"end":{"line":38,"column":25}},"20":{"start":{"line":41,"column":6},"end":{"line":41,"column":26}},"21":{"start":{"line":48,"column":6},"end":{"line":48,"column":75}},"22":{"start":{"line":49,"column":21},"end":{"line":49,"column":49}},"23":{"start":{"line":53,"column":4},"end":{"line":53,"column":32}},"24":{"start":{"line":54,"column":4},"end":{"line":54,"column":34}},"25":{"start":{"line":60,"column":4},"end":{"line":60,"column":44}},"26":{"start":{"line":61,"column":4},"end":{"line":61,"column":43}},"27":{"start":{"line":66,"column":4},"end":{"line":66,"column":24}},"28":{"start":{"line":68,"column":4},"end":{"line":71,"column":5}},"29":{"start":{"line":70,"column":6},"end":{"line":70,"column":50}},"30":{"start":{"line":80,"column":4},"end":{"line":80,"column":25}},"31":{"start":{"line":81,"column":4},"end":{"line":81,"column":29}},"32":{"start":{"line":82,"column":4},"end":{"line":82,"column":25}},"33":{"start":{"line":84,"column":4},"end":{"line":90,"column":5}},"34":{"start":{"line":85,"column":6},"end":{"line":85,"column":31}},"35":{"start":{"line":86,"column":6},"end":{"line":86,"column":38}},"36":{"start":{"line":89,"column":6},"end":{"line":89,"column":41}},"37":{"start":{"line":97,"column":4},"end":{"line":97,"column":25}},"38":{"start":{"line":99,"column":4},"end":{"line":99,"column":51}},"39":{"start":{"line":100,"column":4},"end":{"line":100,"column":25}},"40":{"start":{"line":102,"column":4},"end":{"line":108,"column":5}},"41":{"start":{"line":103,"column":6},"end":{"line":103,"column":31}},"42":{"start":{"line":105,"column":6},"end":{"line":105,"column":38}},"43":{"start":{"line":107,"column":6},"end":{"line":107,"column":41}},"44":{"start":{"line":112,"column":24},"end":{"line":112,"column":26}},"45":{"start":{"line":114,"column":4},"end":{"line":116,"column":5}},"46":{"start":{"line":115,"column":6},"end":{"line":115,"column":67}},"47":{"start":{"line":118,"column":4},"end":{"line":118,"column":23}},"48":{"start":{"line":125,"column":4},"end":{"line":128,"column":5}},"49":{"start":{"line":127,"column":6},"end":{"line":127,"column":13}},"50":{"start":{"line":130,"column":4},"end":{"line":133,"column":5}},"51":{"start":{"line":132,"column":6},"end":{"line":132,"column":13}},"52":{"start":{"line":136,"column":4},"end":{"line":136,"column":58}},"53":{"start":{"line":137,"column":4},"end":{"line":137,"column":58}},"54":{"start":{"line":141,"column":23},"end":{"line":141,"column":25}},"55":{"start":{"line":142,"column":28},"end":{"line":142,"column":30}},"56":{"start":{"line":144,"column":4},"end":{"line":154,"column":5}},"57":{"start":{"line":145,"column":32},"end":{"line":145,"column":61}},"58":{"start":{"line":147,"column":22},"end":{"line":147,"column":32}},"59":{"start":{"line":148,"column":22},"end":{"line":148,"column":33}},"60":{"start":{"line":151,"column":6},"end":{"line":151,"column":34}},"61":{"start":{"line":152,"column":6},"end":{"line":152,"column":67}},"62":{"start":{"line":153,"column":6},"end":{"line":153,"column":34}},"63":{"start":{"line":157,"column":4},"end":{"line":160,"column":5}},"64":{"start":{"line":157,"column":31},"end":{"line":157,"column":60}},"65":{"start":{"line":159,"column":6},"end":{"line":159,"column":13}},"66":{"start":{"line":162,"column":38},"end":{"line":162,"column":40}},"67":{"start":{"line":164,"column":4},"end":{"line":169,"column":5}},"68":{"start":{"line":165,"column":6},"end":{"line":168,"column":9}},"69":{"start":{"line":173,"column":4},"end":{"line":177,"column":5}},"70":{"start":{"line":175,"column":6},"end":{"line":175,"column":38}},"71":{"start":{"line":176,"column":6},"end":{"line":176,"column":36}},"72":{"start":{"line":179,"column":19},"end":{"line":179,"column":53}},"73":{"start":{"line":180,"column":19},"end":{"line":180,"column":53}},"74":{"start":{"line":188,"column":4},"end":{"line":188,"column":43}},"75":{"start":{"line":190,"column":4},"end":{"line":198,"column":5}},"76":{"start":{"line":191,"column":6},"end":{"line":193,"column":7}},"77":{"start":{"line":191,"column":19},"end":{"line":191,"column":20}},"78":{"start":{"line":192,"column":8},"end":{"line":192,"column":67}},"79":{"start":{"line":195,"column":6},"end":{"line":197,"column":7}},"80":{"start":{"line":195,"column":19},"end":{"line":195,"column":20}},"81":{"start":{"line":196,"column":8},"end":{"line":196,"column":67}},"82":{"start":{"line":202,"column":4},"end":{"line":209,"column":5}},"83":{"start":{"line":202,"column":36},"end":{"line":202,"column":58}},"84":{"start":{"line":203,"column":6},"end":{"line":203,"column":41}},"85":{"start":{"line":205,"column":6},"end":{"line":207,"column":9}},"86":{"start":{"line":206,"column":8},"end":{"line":206,"column":46}},"87":{"start":{"line":208,"column":6},"end":{"line":208,"column":13}},"88":{"start":{"line":211,"column":27},"end":{"line":211,"column":29}},"89":{"start":{"line":213,"column":4},"end":{"line":217,"column":5}},"90":{"start":{"line":214,"column":6},"end":{"line":216,"column":8}},"91":{"start":{"line":221,"column":27},"end":{"line":223,"column":5}},"92":{"start":{"line":222,"column":6},"end":{"line":222,"column":40}},"93":{"start":{"line":227,"column":4},"end":{"line":247,"column":5}},"94":{"start":{"line":229,"column":6},"end":{"line":229,"column":35}},"95":{"start":{"line":230,"column":6},"end":{"line":230,"column":40}},"96":{"start":{"line":233,"column":8},"end":{"line":234,"column":42}},"97":{"start":{"line":235,"column":23},"end":{"line":235,"column":64}},"98":{"start":{"line":239,"column":6},"end":{"line":239,"column":34}},"99":{"start":{"line":240,"column":6},"end":{"line":240,"column":36}},"100":{"start":{"line":242,"column":6},"end":{"line":242,"column":41}},"101":{"start":{"line":244,"column":6},"end":{"line":246,"column":9}},"102":{"start":{"line":245,"column":8},"end":{"line":245,"column":46}},"103":{"start":{"line":252,"column":6},"end":{"line":253,"column":40}},"104":{"start":{"line":254,"column":21},"end":{"line":254,"column":59}},"105":{"start":{"line":258,"column":4},"end":{"line":258,"column":32}},"106":{"start":{"line":259,"column":4},"end":{"line":259,"column":34}},"107":{"start":{"line":263,"column":4},"end":{"line":263,"column":23}},"108":{"start":{"line":265,"column":4},"end":{"line":268,"column":5}},"109":{"start":{"line":267,"column":6},"end":{"line":267,"column":13}},"110":{"start":{"line":271,"column":4},"end":{"line":271,"column":25}},"111":{"start":{"line":274,"column":4},"end":{"line":274,"column":22}},"112":{"start":{"line":276,"column":4},"end":{"line":276,"column":77}},"113":{"start":{"line":278,"column":4},"end":{"line":281,"column":7}},"114":{"start":{"line":279,"column":6},"end":{"line":279,"column":35}},"115":{"start":{"line":280,"column":6},"end":{"line":280,"column":33}},"116":{"start":{"line":283,"column":4},"end":{"line":292,"column":5}},"117":{"start":{"line":284,"column":6},"end":{"line":284,"column":72}},"118":{"start":{"line":285,"column":6},"end":{"line":285,"column":71}},"119":{"start":{"line":287,"column":6},"end":{"line":287,"column":53}},"120":{"start":{"line":289,"column":6},"end":{"line":289,"column":61}},"121":{"start":{"line":290,"column":6},"end":{"line":290,"column":60}},"122":{"start":{"line":291,"column":6},"end":{"line":291,"column":31}},"123":{"start":{"line":295,"column":4},"end":{"line":295,"column":56}},"124":{"start":{"line":296,"column":4},"end":{"line":296,"column":56}},"125":{"start":{"line":298,"column":4},"end":{"line":298,"column":71}},"126":{"start":{"line":299,"column":4},"end":{"line":299,"column":71}},"127":{"start":{"line":301,"column":4},"end":{"line":301,"column":37}},"128":{"start":{"line":302,"column":4},"end":{"line":302,"column":26}},"129":{"start":{"line":306,"column":4},"end":{"line":306,"column":23}},"130":{"start":{"line":310,"column":4},"end":{"line":310,"column":23}},"131":{"start":{"line":311,"column":4},"end":{"line":311,"column":26}},"132":{"start":{"line":315,"column":4},"end":{"line":323,"column":5}},"133":{"start":{"line":316,"column":6},"end":{"line":316,"column":37}},"134":{"start":{"line":317,"column":6},"end":{"line":317,"column":40}},"135":{"start":{"line":319,"column":6},"end":{"line":319,"column":28}},"136":{"start":{"line":320,"column":6},"end":{"line":320,"column":41}},"137":{"start":{"line":322,"column":6},"end":{"line":322,"column":78}},"138":{"start":{"line":325,"column":4},"end":{"line":325,"column":48}},"139":{"start":{"line":327,"column":4},"end":{"line":327,"column":25}},"140":{"start":{"line":329,"column":4},"end":{"line":329,"column":59}},"141":{"start":{"line":330,"column":4},"end":{"line":330,"column":59}},"142":{"start":{"line":332,"column":4},"end":{"line":336,"column":5}},"143":{"start":{"line":333,"column":6},"end":{"line":333,"column":57}},"144":{"start":{"line":335,"column":6},"end":{"line":335,"column":60}},"145":{"start":{"line":344,"column":4},"end":{"line":344,"column":17}},"146":{"start":{"line":345,"column":4},"end":{"line":345,"column":15}},"147":{"start":{"line":349,"column":4},"end":{"line":352,"column":5}},"148":{"start":{"line":351,"column":6},"end":{"line":351,"column":17}},"149":{"start":{"line":356,"column":4},"end":{"line":356,"column":23}},"150":{"start":{"line":359,"column":4},"end":{"line":359,"column":26}},"151":{"start":{"line":361,"column":4},"end":{"line":361,"column":58}},"152":{"start":{"line":362,"column":4},"end":{"line":362,"column":55}},"153":{"start":{"line":370,"column":4},"end":{"line":370,"column":54}},"154":{"start":{"line":371,"column":4},"end":{"line":371,"column":55}},"155":{"start":{"line":373,"column":4},"end":{"line":373,"column":50}},"156":{"start":{"line":374,"column":4},"end":{"line":374,"column":51}},"157":{"start":{"line":376,"column":4},"end":{"line":376,"column":53}},"158":{"start":{"line":377,"column":4},"end":{"line":377,"column":54}},"159":{"start":{"line":380,"column":2},"end":{"line":380,"column":34}}},"fnMap":{"0":{"name":"DragAndDrop","decl":{"start":{"line":1,"column":24},"end":{"line":1,"column":35}},"loc":{"start":{"line":1,"column":62},"end":{"line":381,"column":1}},"line":1},"1":{"name":"detectDropTargets","decl":{"start":{"line":14,"column":11},"end":{"line":14,"column":28}},"loc":{"start":{"line":14,"column":31},"end":{"line":43,"column":3}},"line":14},"2":{"name":"snapShip","decl":{"start":{"line":45,"column":11},"end":{"line":45,"column":19}},"loc":{"start":{"line":45,"column":26},"end":{"line":57,"column":3}},"line":45},"3":{"name":"moveAt","decl":{"start":{"line":59,"column":11},"end":{"line":59,"column":17}},"loc":{"start":{"line":59,"column":32},"end":{"line":62,"column":3}},"line":59},"4":{"name":"detectMove","decl":{"start":{"line":64,"column":11},"end":{"line":64,"column":21}},"loc":{"start":{"line":64,"column":24},"end":{"line":72,"column":3}},"line":64},"5":{"name":"onMouseMove","decl":{"start":{"line":74,"column":11},"end":{"line":74,"column":22}},"loc":{"start":{"line":74,"column":26},"end":{"line":91,"column":3}},"line":74},"6":{"name":"onTouchMove","decl":{"start":{"line":93,"column":11},"end":{"line":93,"column":22}},"loc":{"start":{"line":93,"column":26},"end":{"line":109,"column":3}},"line":93},"7":{"name":"extractArrayOfCoordinates","decl":{"start":{"line":111,"column":11},"end":{"line":111,"column":36}},"loc":{"start":{"line":111,"column":46},"end":{"line":119,"column":3}},"line":111},"8":{"name":"rotateShip","decl":{"start":{"line":121,"column":11},"end":{"line":121,"column":21}},"loc":{"start":{"line":121,"column":24},"end":{"line":248,"column":3}},"line":121},"9":{"name":"(anonymous_9)","decl":{"start":{"line":157,"column":24},"end":{"line":157,"column":25}},"loc":{"start":{"line":157,"column":31},"end":{"line":157,"column":60}},"line":157},"10":{"name":"(anonymous_10)","decl":{"start":{"line":202,"column":29},"end":{"line":202,"column":30}},"loc":{"start":{"line":202,"column":36},"end":{"line":202,"column":58}},"line":202},"11":{"name":"(anonymous_11)","decl":{"start":{"line":205,"column":44},"end":{"line":205,"column":45}},"loc":{"start":{"line":205,"column":50},"end":{"line":207,"column":7}},"line":205},"12":{"name":"(anonymous_12)","decl":{"start":{"line":221,"column":48},"end":{"line":221,"column":49}},"loc":{"start":{"line":222,"column":6},"end":{"line":222,"column":40}},"line":222},"13":{"name":"(anonymous_13)","decl":{"start":{"line":244,"column":44},"end":{"line":244,"column":45}},"loc":{"start":{"line":244,"column":50},"end":{"line":246,"column":7}},"line":244},"14":{"name":"moveAfterResize","decl":{"start":{"line":250,"column":11},"end":{"line":250,"column":26}},"loc":{"start":{"line":250,"column":29},"end":{"line":260,"column":3}},"line":250},"15":{"name":"dragStart","decl":{"start":{"line":262,"column":11},"end":{"line":262,"column":20}},"loc":{"start":{"line":262,"column":24},"end":{"line":303,"column":3}},"line":262},"16":{"name":"(anonymous_16)","decl":{"start":{"line":278,"column":24},"end":{"line":278,"column":25}},"loc":{"start":{"line":278,"column":31},"end":{"line":281,"column":5}},"line":278},"17":{"name":"dragEnd","decl":{"start":{"line":305,"column":11},"end":{"line":305,"column":18}},"loc":{"start":{"line":305,"column":22},"end":{"line":341,"column":3}},"line":305},"18":{"name":"mouseUpResponse","decl":{"start":{"line":343,"column":11},"end":{"line":343,"column":26}},"loc":{"start":{"line":343,"column":30},"end":{"line":346,"column":3}},"line":343},"19":{"name":"cancelDrag","decl":{"start":{"line":348,"column":11},"end":{"line":348,"column":21}},"loc":{"start":{"line":348,"column":25},"end":{"line":353,"column":3}},"line":348},"20":{"name":"setDropTargets","decl":{"start":{"line":355,"column":11},"end":{"line":355,"column":25}},"loc":{"start":{"line":355,"column":35},"end":{"line":363,"column":3}},"line":355},"21":{"name":"init","decl":{"start":{"line":365,"column":11},"end":{"line":365,"column":15}},"loc":{"start":{"line":365,"column":18},"end":{"line":378,"column":3}},"line":365}},"branchMap":{"0":{"loc":{"start":{"line":29,"column":6},"end":{"line":33,"column":7}},"type":"if","locations":[{"start":{"line":29,"column":6},"end":{"line":33,"column":7}},{"start":{},"end":{}}],"line":29},"1":{"loc":{"start":{"line":29,"column":10},"end":{"line":29,"column":64}},"type":"binary-expr","locations":[{"start":{"line":29,"column":10},"end":{"line":29,"column":19}},{"start":{"line":29,"column":23},"end":{"line":29,"column":64}}],"line":29},"2":{"loc":{"start":{"line":36,"column":4},"end":{"line":42,"column":5}},"type":"if","locations":[{"start":{"line":36,"column":4},"end":{"line":42,"column":5}},{"start":{"line":40,"column":11},"end":{"line":42,"column":5}}],"line":36},"3":{"loc":{"start":{"line":68,"column":4},"end":{"line":71,"column":5}},"type":"if","locations":[{"start":{"line":68,"column":4},"end":{"line":71,"column":5}},{"start":{},"end":{}}],"line":68},"4":{"loc":{"start":{"line":84,"column":4},"end":{"line":90,"column":5}},"type":"if","locations":[{"start":{"line":84,"column":4},"end":{"line":90,"column":5}},{"start":{"line":88,"column":11},"end":{"line":90,"column":5}}],"line":84},"5":{"loc":{"start":{"line":102,"column":4},"end":{"line":108,"column":5}},"type":"if","locations":[{"start":{"line":102,"column":4},"end":{"line":108,"column":5}},{"start":{"line":106,"column":11},"end":{"line":108,"column":5}}],"line":102},"6":{"loc":{"start":{"line":125,"column":4},"end":{"line":128,"column":5}},"type":"if","locations":[{"start":{"line":125,"column":4},"end":{"line":128,"column":5}},{"start":{},"end":{}}],"line":125},"7":{"loc":{"start":{"line":130,"column":4},"end":{"line":133,"column":5}},"type":"if","locations":[{"start":{"line":130,"column":4},"end":{"line":133,"column":5}},{"start":{},"end":{}}],"line":130},"8":{"loc":{"start":{"line":157,"column":4},"end":{"line":160,"column":5}},"type":"if","locations":[{"start":{"line":157,"column":4},"end":{"line":160,"column":5}},{"start":{},"end":{}}],"line":157},"9":{"loc":{"start":{"line":190,"column":4},"end":{"line":198,"column":5}},"type":"if","locations":[{"start":{"line":190,"column":4},"end":{"line":198,"column":5}},{"start":{"line":194,"column":11},"end":{"line":198,"column":5}}],"line":190},"10":{"loc":{"start":{"line":202,"column":4},"end":{"line":209,"column":5}},"type":"if","locations":[{"start":{"line":202,"column":4},"end":{"line":209,"column":5}},{"start":{},"end":{}}],"line":202},"11":{"loc":{"start":{"line":202,"column":36},"end":{"line":202,"column":58}},"type":"binary-expr","locations":[{"start":{"line":202,"column":36},"end":{"line":202,"column":45}},{"start":{"line":202,"column":49},"end":{"line":202,"column":58}}],"line":202},"12":{"loc":{"start":{"line":227,"column":4},"end":{"line":247,"column":5}},"type":"if","locations":[{"start":{"line":227,"column":4},"end":{"line":247,"column":5}},{"start":{"line":241,"column":11},"end":{"line":247,"column":5}}],"line":227},"13":{"loc":{"start":{"line":265,"column":4},"end":{"line":268,"column":5}},"type":"if","locations":[{"start":{"line":265,"column":4},"end":{"line":268,"column":5}},{"start":{},"end":{}}],"line":265},"14":{"loc":{"start":{"line":283,"column":4},"end":{"line":292,"column":5}},"type":"if","locations":[{"start":{"line":283,"column":4},"end":{"line":292,"column":5}},{"start":{"line":288,"column":11},"end":{"line":292,"column":5}}],"line":283},"15":{"loc":{"start":{"line":315,"column":4},"end":{"line":323,"column":5}},"type":"if","locations":[{"start":{"line":315,"column":4},"end":{"line":323,"column":5}},{"start":{"line":318,"column":11},"end":{"line":323,"column":5}}],"line":315},"16":{"loc":{"start":{"line":332,"column":4},"end":{"line":336,"column":5}},"type":"if","locations":[{"start":{"line":332,"column":4},"end":{"line":336,"column":5}},{"start":{"line":334,"column":11},"end":{"line":336,"column":5}}],"line":332},"17":{"loc":{"start":{"line":349,"column":4},"end":{"line":352,"column":5}},"type":"if","locations":[{"start":{"line":349,"column":4},"end":{"line":352,"column":5}},{"start":{},"end":{}}],"line":349}},"s":{"0":0,"1":0,"2":0,"3":0,"4":0,"5":0,"6":0,"7":0,"8":0,"9":0,"10":0,"11":0,"12":0,"13":0,"14":0,"15":0,"16":0,"17":0,"18":0,"19":0,"20":0,"21":0,"22":0,"23":0,"24":0,"25":0,"26":0,"27":0,"28":0,"29":0,"30":0,"31":0,"32":0,"33":0,"34":0,"35":0,"36":0,"37":0,"38":0,"39":0,"40":0,"41":0,"42":0,"43":0,"44":0,"45":0,"46":0,"47":0,"48":0,"49":0,"50":0,"51":0,"52":0,"53":0,"54":0,"55":0,"56":0,"57":0,"58":0,"59":0,"60":0,"61":0,"62":0,"63":0,"64":0,"65":0,"66":0,"67":0,"68":0,"69":0,"70":0,"71":0,"72":0,"73":0,"74":0,"75":0,"76":0,"77":0,"78":0,"79":0,"80":0,"81":0,"82":0,"83":0,"84":0,"85":0,"86":0,"87":0,"88":0,"89":0,"90":0,"91":0,"92":0,"93":0,"94":0,"95":0,"96":0,"97":0,"98":0,"99":0,"100":0,"101":0,"102":0,"103":0,"104":0,"105":0,"106":0,"107":0,"108":0,"109":0,"110":0,"111":0,"112":0,"113":0,"114":0,"115":0,"116":0,"117":0,"118":0,"119":0,"120":0,"121":0,"122":0,"123":0,"124":0,"125":0,"126":0,"127":0,"128":0,"129":0,"130":0,"131":0,"132":0,"133":0,"134":0,"135":0,"136":0,"137":0,"138":0,"139":0,"140":0,"141":0,"142":0,"143":0,"144":0,"145":0,"146":0,"147":0,"148":0,"149":0,"150":0,"151":0,"152":0,"153":0,"154":0,"155":0,"156":0,"157":0,"158":0,"159":0},"f":{"0":0,"1":0,"2":0,"3":0,"4":0,"5":0,"6":0,"7":0,"8":0,"9":0,"10":0,"11":0,"12":0,"13":0,"14":0,"15":0,"16":0,"17":0,"18":0,"19":0,"20":0,"21":0},"b":{"0":[0,0],"1":[0,0],"2":[0,0],"3":[0,0],"4":[0,0],"5":[0,0],"6":[0,0],"7":[0,0],"8":[0,0],"9":[0,0],"10":[0,0],"11":[0,0],"12":[0,0],"13":[0,0],"14":[0,0],"15":[0,0],"16":[0,0],"17":[0,0]},"_coverageSchema":"1a1c01bbd47fc00a2c39e90264f33305004495a9","hash":"a51fe3f0b7e23db228989030da5f92e973660652"}
,"/home/fdr/all/dev/theodinproject/battleship/src/app/game.js": {"path":"/home/fdr/all/dev/theodinproject/battleship/src/app/game.js","statementMap":{"0":{"start":{"line":6,"column":13},"end":{"line":6,"column":38}},"1":{"start":{"line":9,"column":4},"end":{"line":9,"column":24}},"2":{"start":{"line":22,"column":26},"end":{"line":22,"column":61}},"3":{"start":{"line":24,"column":4},"end":{"line":26,"column":5}},"4":{"start":{"line":25,"column":6},"end":{"line":25,"column":13}},"5":{"start":{"line":28,"column":4},"end":{"line":28,"column":44}},"6":{"start":{"line":29,"column":4},"end":{"line":29,"column":50}},"7":{"start":{"line":30,"column":4},"end":{"line":30,"column":48}},"8":{"start":{"line":34,"column":4},"end":{"line":34,"column":54}},"9":{"start":{"line":38,"column":4},"end":{"line":38,"column":54}},"10":{"start":{"line":42,"column":4},"end":{"line":42,"column":37}},"11":{"start":{"line":44,"column":4},"end":{"line":44,"column":63}},"12":{"start":{"line":45,"column":4},"end":{"line":45,"column":59}},"13":{"start":{"line":47,"column":4},"end":{"line":47,"column":49}},"14":{"start":{"line":48,"column":4},"end":{"line":48,"column":41}},"15":{"start":{"line":52,"column":4},"end":{"line":52,"column":64}},"16":{"start":{"line":53,"column":4},"end":{"line":53,"column":44}},"17":{"start":{"line":56,"column":2},"end":{"line":93,"column":4}},"18":{"start":{"line":57,"column":4},"end":{"line":59,"column":5}},"19":{"start":{"line":58,"column":6},"end":{"line":58,"column":13}},"20":{"start":{"line":61,"column":14},"end":{"line":61,"column":40}},"21":{"start":{"line":62,"column":14},"end":{"line":62,"column":40}},"22":{"start":{"line":64,"column":4},"end":{"line":66,"column":5}},"23":{"start":{"line":65,"column":6},"end":{"line":65,"column":13}},"24":{"start":{"line":68,"column":28},"end":{"line":68,"column":50}},"25":{"start":{"line":69,"column":26},"end":{"line":69,"column":72}},"26":{"start":{"line":71,"column":15},"end":{"line":71,"column":56}},"27":{"start":{"line":73,"column":4},"end":{"line":73,"column":58}},"28":{"start":{"line":75,"column":4},"end":{"line":75,"column":46}},"29":{"start":{"line":78,"column":6},"end":{"line":78,"column":50}},"30":{"start":{"line":80,"column":4},"end":{"line":80,"column":65}},"31":{"start":{"line":82,"column":4},"end":{"line":82,"column":51}},"32":{"start":{"line":84,"column":4},"end":{"line":84,"column":80}},"33":{"start":{"line":86,"column":4},"end":{"line":88,"column":5}},"34":{"start":{"line":87,"column":6},"end":{"line":87,"column":34}},"35":{"start":{"line":90,"column":4},"end":{"line":92,"column":5}},"36":{"start":{"line":91,"column":6},"end":{"line":91,"column":29}},"37":{"start":{"line":96,"column":4},"end":{"line":98,"column":5}},"38":{"start":{"line":97,"column":6},"end":{"line":97,"column":13}},"39":{"start":{"line":100,"column":4},"end":{"line":100,"column":22}},"40":{"start":{"line":101,"column":4},"end":{"line":101,"column":31}},"41":{"start":{"line":103,"column":4},"end":{"line":103,"column":35}},"42":{"start":{"line":104,"column":4},"end":{"line":104,"column":63}},"43":{"start":{"line":106,"column":4},"end":{"line":108,"column":5}},"44":{"start":{"line":107,"column":6},"end":{"line":107,"column":54}},"45":{"start":{"line":110,"column":4},"end":{"line":110,"column":61}},"46":{"start":{"line":111,"column":4},"end":{"line":111,"column":16}},"47":{"start":{"line":115,"column":4},"end":{"line":115,"column":37}},"48":{"start":{"line":116,"column":4},"end":{"line":116,"column":39}},"49":{"start":{"line":118,"column":4},"end":{"line":118,"column":25}},"50":{"start":{"line":119,"column":4},"end":{"line":119,"column":27}},"51":{"start":{"line":121,"column":4},"end":{"line":121,"column":23}},"52":{"start":{"line":122,"column":4},"end":{"line":122,"column":27}},"53":{"start":{"line":124,"column":4},"end":{"line":124,"column":29}},"54":{"start":{"line":128,"column":4},"end":{"line":128,"column":24}},"55":{"start":{"line":132,"column":4},"end":{"line":132,"column":27}},"56":{"start":{"line":133,"column":4},"end":{"line":133,"column":19}},"57":{"start":{"line":137,"column":4},"end":{"line":137,"column":39}},"58":{"start":{"line":138,"column":4},"end":{"line":138,"column":15}},"59":{"start":{"line":139,"column":4},"end":{"line":139,"column":16}},"60":{"start":{"line":140,"column":4},"end":{"line":140,"column":11}},"61":{"start":{"line":144,"column":4},"end":{"line":144,"column":20}},"62":{"start":{"line":146,"column":4},"end":{"line":146,"column":24}},"63":{"start":{"line":147,"column":4},"end":{"line":147,"column":33}},"64":{"start":{"line":149,"column":4},"end":{"line":149,"column":63}},"65":{"start":{"line":150,"column":4},"end":{"line":150,"column":59}},"66":{"start":{"line":152,"column":4},"end":{"line":156,"column":5}},"67":{"start":{"line":153,"column":6},"end":{"line":153,"column":48}},"68":{"start":{"line":154,"column":6},"end":{"line":154,"column":56}},"69":{"start":{"line":155,"column":6},"end":{"line":155,"column":55}},"70":{"start":{"line":160,"column":4},"end":{"line":160,"column":49}},"71":{"start":{"line":161,"column":4},"end":{"line":161,"column":53}},"72":{"start":{"line":162,"column":4},"end":{"line":162,"column":57}},"73":{"start":{"line":163,"column":4},"end":{"line":163,"column":11}},"74":{"start":{"line":166,"column":2},"end":{"line":172,"column":4}}},"fnMap":{"0":{"name":"Game","decl":{"start":{"line":5,"column":24},"end":{"line":5,"column":28}},"loc":{"start":{"line":5,"column":52},"end":{"line":173,"column":1}},"line":5},"1":{"name":"removeShip","decl":{"start":{"line":21,"column":11},"end":{"line":21,"column":21}},"loc":{"start":{"line":21,"column":35},"end":{"line":31,"column":3}},"line":21},"2":{"name":"showDisabledSymbols","decl":{"start":{"line":33,"column":11},"end":{"line":33,"column":30}},"loc":{"start":{"line":33,"column":33},"end":{"line":35,"column":3}},"line":33},"3":{"name":"hideDisabledSymbols","decl":{"start":{"line":37,"column":11},"end":{"line":37,"column":30}},"loc":{"start":{"line":37,"column":33},"end":{"line":39,"column":3}},"line":37},"4":{"name":"placeShip","decl":{"start":{"line":41,"column":11},"end":{"line":41,"column":20}},"loc":{"start":{"line":41,"column":34},"end":{"line":49,"column":3}},"line":41},"5":{"name":"finishGame","decl":{"start":{"line":51,"column":11},"end":{"line":51,"column":21}},"loc":{"start":{"line":51,"column":31},"end":{"line":54,"column":3}},"line":51},"6":{"name":"(anonymous_6)","decl":{"start":{"line":56,"column":13},"end":{"line":56,"column":14}},"loc":{"start":{"line":56,"column":20},"end":{"line":93,"column":3}},"line":56},"7":{"name":"start","decl":{"start":{"line":95,"column":11},"end":{"line":95,"column":16}},"loc":{"start":{"line":95,"column":19},"end":{"line":112,"column":3}},"line":95},"8":{"name":"initBoardsAndPlayers","decl":{"start":{"line":114,"column":11},"end":{"line":114,"column":31}},"loc":{"start":{"line":114,"column":34},"end":{"line":125,"column":3}},"line":114},"9":{"name":"initShipYard","decl":{"start":{"line":127,"column":11},"end":{"line":127,"column":23}},"loc":{"start":{"line":127,"column":26},"end":{"line":129,"column":3}},"line":127},"10":{"name":"init","decl":{"start":{"line":131,"column":11},"end":{"line":131,"column":15}},"loc":{"start":{"line":131,"column":18},"end":{"line":134,"column":3}},"line":131},"11":{"name":"restart","decl":{"start":{"line":136,"column":11},"end":{"line":136,"column":18}},"loc":{"start":{"line":136,"column":21},"end":{"line":141,"column":3}},"line":136},"12":{"name":"randomize","decl":{"start":{"line":143,"column":11},"end":{"line":143,"column":20}},"loc":{"start":{"line":143,"column":23},"end":{"line":157,"column":3}},"line":143},"13":{"name":"initButtons","decl":{"start":{"line":159,"column":11},"end":{"line":159,"column":22}},"loc":{"start":{"line":159,"column":25},"end":{"line":164,"column":3}},"line":159}},"branchMap":{"0":{"loc":{"start":{"line":24,"column":4},"end":{"line":26,"column":5}},"type":"if","locations":[{"start":{"line":24,"column":4},"end":{"line":26,"column":5}},{"start":{},"end":{}}],"line":24},"1":{"loc":{"start":{"line":57,"column":4},"end":{"line":59,"column":5}},"type":"if","locations":[{"start":{"line":57,"column":4},"end":{"line":59,"column":5}},{"start":{},"end":{}}],"line":57},"2":{"loc":{"start":{"line":64,"column":4},"end":{"line":66,"column":5}},"type":"if","locations":[{"start":{"line":64,"column":4},"end":{"line":66,"column":5}},{"start":{},"end":{}}],"line":64},"3":{"loc":{"start":{"line":86,"column":4},"end":{"line":88,"column":5}},"type":"if","locations":[{"start":{"line":86,"column":4},"end":{"line":88,"column":5}},{"start":{},"end":{}}],"line":86},"4":{"loc":{"start":{"line":90,"column":4},"end":{"line":92,"column":5}},"type":"if","locations":[{"start":{"line":90,"column":4},"end":{"line":92,"column":5}},{"start":{},"end":{}}],"line":90},"5":{"loc":{"start":{"line":96,"column":4},"end":{"line":98,"column":5}},"type":"if","locations":[{"start":{"line":96,"column":4},"end":{"line":98,"column":5}},{"start":{},"end":{}}],"line":96}},"s":{"0":1,"1":1,"2":0,"3":0,"4":0,"5":0,"6":0,"7":0,"8":0,"9":0,"10":0,"11":0,"12":0,"13":0,"14":0,"15":0,"16":0,"17":1,"18":0,"19":0,"20":0,"21":0,"22":0,"23":0,"24":0,"25":0,"26":0,"27":0,"28":0,"29":0,"30":0,"31":0,"32":0,"33":0,"34":0,"35":0,"36":0,"37":0,"38":0,"39":0,"40":0,"41":0,"42":0,"43":0,"44":0,"45":0,"46":0,"47":0,"48":0,"49":0,"50":0,"51":0,"52":0,"53":0,"54":0,"55":0,"56":0,"57":0,"58":0,"59":0,"60":0,"61":0,"62":0,"63":0,"64":0,"65":0,"66":0,"67":0,"68":0,"69":0,"70":1,"71":0,"72":0,"73":0,"74":1},"f":{"0":1,"1":0,"2":0,"3":0,"4":0,"5":0,"6":0,"7":0,"8":0,"9":0,"10":0,"11":0,"12":0,"13":1},"b":{"0":[0,0],"1":[0,0],"2":[0,0],"3":[0,0],"4":[0,0],"5":[0,0]},"_coverageSchema":"1a1c01bbd47fc00a2c39e90264f33305004495a9","hash":"7503c404ca61d45ed95c5ae9dc32a4de58cee64a"}
,"/home/fdr/all/dev/theodinproject/battleship/src/app/gameboard.js": {"path":"/home/fdr/all/dev/theodinproject/battleship/src/app/gameboard.js","statementMap":{"0":{"start":{"line":5,"column":15},"end":{"line":5,"column":17}},"1":{"start":{"line":7,"column":16},"end":{"line":7,"column":18}},"2":{"start":{"line":8,"column":13},"end":{"line":8,"column":14}},"3":{"start":{"line":10,"column":22},"end":{"line":10,"column":24}},"4":{"start":{"line":11,"column":14},"end":{"line":11,"column":16}},"5":{"start":{"line":13,"column":19},"end":{"line":13,"column":21}},"6":{"start":{"line":14,"column":22},"end":{"line":14,"column":24}},"7":{"start":{"line":16,"column":26},"end":{"line":16,"column":31}},"8":{"start":{"line":18,"column":18},"end":{"line":18,"column":19}},"9":{"start":{"line":21,"column":4},"end":{"line":21,"column":62}},"10":{"start":{"line":21,"column":32},"end":{"line":21,"column":60}},"11":{"start":{"line":25,"column":4},"end":{"line":25,"column":23}},"12":{"start":{"line":26,"column":4},"end":{"line":26,"column":15}},"13":{"start":{"line":30,"column":4},"end":{"line":37,"column":5}},"14":{"start":{"line":30,"column":17},"end":{"line":30,"column":18}},"15":{"start":{"line":31,"column":6},"end":{"line":36,"column":7}},"16":{"start":{"line":31,"column":19},"end":{"line":31,"column":20}},"17":{"start":{"line":32,"column":21},"end":{"line":32,"column":38}},"18":{"start":{"line":33,"column":8},"end":{"line":33,"column":20}},"19":{"start":{"line":35,"column":8},"end":{"line":35,"column":25}},"20":{"start":{"line":39,"column":4},"end":{"line":39,"column":24}},"21":{"start":{"line":42,"column":24},"end":{"line":42,"column":69}},"22":{"start":{"line":42,"column":34},"end":{"line":42,"column":69}},"23":{"start":{"line":42,"column":55},"end":{"line":42,"column":68}},"24":{"start":{"line":45,"column":4},"end":{"line":49,"column":5}},"25":{"start":{"line":46,"column":6},"end":{"line":48,"column":7}},"26":{"start":{"line":47,"column":8},"end":{"line":47,"column":20}},"27":{"start":{"line":50,"column":4},"end":{"line":50,"column":17}},"28":{"start":{"line":54,"column":18},"end":{"line":56,"column":5}},"29":{"start":{"line":55,"column":13},"end":{"line":55,"column":60}},"30":{"start":{"line":55,"column":30},"end":{"line":55,"column":59}},"31":{"start":{"line":55,"column":48},"end":{"line":55,"column":58}},"32":{"start":{"line":58,"column":4},"end":{"line":60,"column":5}},"33":{"start":{"line":59,"column":6},"end":{"line":59,"column":18}},"34":{"start":{"line":64,"column":4},"end":{"line":64,"column":77}},"35":{"start":{"line":64,"column":29},"end":{"line":64,"column":75}},"36":{"start":{"line":64,"column":45},"end":{"line":64,"column":74}},"37":{"start":{"line":64,"column":63},"end":{"line":64,"column":73}},"38":{"start":{"line":68,"column":4},"end":{"line":72,"column":5}},"39":{"start":{"line":69,"column":6},"end":{"line":71,"column":7}},"40":{"start":{"line":70,"column":8},"end":{"line":70,"column":20}},"41":{"start":{"line":73,"column":4},"end":{"line":73,"column":16}},"42":{"start":{"line":77,"column":14},"end":{"line":77,"column":64}},"43":{"start":{"line":78,"column":4},"end":{"line":78,"column":13}},"44":{"start":{"line":82,"column":4},"end":{"line":82,"column":41}},"45":{"start":{"line":86,"column":4},"end":{"line":91,"column":5}},"46":{"start":{"line":87,"column":24},"end":{"line":87,"column":62}},"47":{"start":{"line":88,"column":6},"end":{"line":90,"column":7}},"48":{"start":{"line":89,"column":8},"end":{"line":89,"column":20}},"49":{"start":{"line":92,"column":4},"end":{"line":92,"column":16}},"50":{"start":{"line":96,"column":4},"end":{"line":96,"column":23}},"51":{"start":{"line":97,"column":4},"end":{"line":101,"column":5}},"52":{"start":{"line":98,"column":6},"end":{"line":100,"column":7}},"53":{"start":{"line":99,"column":8},"end":{"line":99,"column":45}},"54":{"start":{"line":105,"column":4},"end":{"line":107,"column":6}},"55":{"start":{"line":106,"column":13},"end":{"line":106,"column":71}},"56":{"start":{"line":106,"column":40},"end":{"line":106,"column":70}},"57":{"start":{"line":111,"column":17},"end":{"line":111,"column":51}},"58":{"start":{"line":112,"column":4},"end":{"line":114,"column":5}},"59":{"start":{"line":113,"column":6},"end":{"line":113,"column":18}},"60":{"start":{"line":116,"column":4},"end":{"line":116,"column":30}},"61":{"start":{"line":117,"column":4},"end":{"line":117,"column":31}},"62":{"start":{"line":119,"column":36},"end":{"line":119,"column":77}},"63":{"start":{"line":120,"column":4},"end":{"line":120,"column":35}},"64":{"start":{"line":124,"column":4},"end":{"line":128,"column":5}},"65":{"start":{"line":125,"column":6},"end":{"line":127,"column":7}},"66":{"start":{"line":126,"column":8},"end":{"line":126,"column":21}},"67":{"start":{"line":130,"column":4},"end":{"line":136,"column":5}},"68":{"start":{"line":131,"column":6},"end":{"line":133,"column":7}},"69":{"start":{"line":132,"column":8},"end":{"line":132,"column":39}},"70":{"start":{"line":135,"column":6},"end":{"line":135,"column":19}},"71":{"start":{"line":138,"column":30},"end":{"line":138,"column":32}},"72":{"start":{"line":140,"column":4},"end":{"line":144,"column":5}},"73":{"start":{"line":141,"column":19},"end":{"line":141,"column":39}},"74":{"start":{"line":143,"column":6},"end":{"line":143,"column":52}},"75":{"start":{"line":146,"column":17},"end":{"line":146,"column":48}},"76":{"start":{"line":147,"column":4},"end":{"line":147,"column":67}},"77":{"start":{"line":149,"column":4},"end":{"line":149,"column":31}},"78":{"start":{"line":150,"column":4},"end":{"line":150,"column":16}},"79":{"start":{"line":154,"column":17},"end":{"line":154,"column":19}},"80":{"start":{"line":155,"column":16},"end":{"line":155,"column":38}},"81":{"start":{"line":157,"column":14},"end":{"line":157,"column":37}},"82":{"start":{"line":158,"column":14},"end":{"line":158,"column":37}},"83":{"start":{"line":160,"column":4},"end":{"line":160,"column":22}},"84":{"start":{"line":162,"column":4},"end":{"line":170,"column":5}},"85":{"start":{"line":163,"column":6},"end":{"line":165,"column":7}},"86":{"start":{"line":163,"column":19},"end":{"line":163,"column":20}},"87":{"start":{"line":164,"column":8},"end":{"line":164,"column":30}},"88":{"start":{"line":167,"column":6},"end":{"line":169,"column":7}},"89":{"start":{"line":167,"column":19},"end":{"line":167,"column":20}},"90":{"start":{"line":168,"column":8},"end":{"line":168,"column":30}},"91":{"start":{"line":172,"column":4},"end":{"line":172,"column":16}},"92":{"start":{"line":176,"column":18},"end":{"line":176,"column":33}},"93":{"start":{"line":177,"column":4},"end":{"line":186,"column":5}},"94":{"start":{"line":178,"column":21},"end":{"line":178,"column":26}},"95":{"start":{"line":179,"column":6},"end":{"line":185,"column":7}},"96":{"start":{"line":180,"column":30},"end":{"line":180,"column":48}},"97":{"start":{"line":182,"column":8},"end":{"line":184,"column":9}},"98":{"start":{"line":183,"column":10},"end":{"line":183,"column":26}},"99":{"start":{"line":190,"column":4},"end":{"line":195,"column":5}},"100":{"start":{"line":191,"column":20},"end":{"line":191,"column":73}},"101":{"start":{"line":192,"column":6},"end":{"line":194,"column":7}},"102":{"start":{"line":193,"column":8},"end":{"line":193,"column":20}},"103":{"start":{"line":196,"column":4},"end":{"line":196,"column":16}},"104":{"start":{"line":200,"column":17},"end":{"line":200,"column":38}},"105":{"start":{"line":201,"column":4},"end":{"line":217,"column":5}},"106":{"start":{"line":202,"column":6},"end":{"line":202,"column":33}},"107":{"start":{"line":204,"column":6},"end":{"line":204,"column":22}},"108":{"start":{"line":206,"column":6},"end":{"line":214,"column":7}},"109":{"start":{"line":207,"column":8},"end":{"line":207,"column":23}},"110":{"start":{"line":209,"column":8},"end":{"line":211,"column":9}},"111":{"start":{"line":210,"column":10},"end":{"line":210,"column":35}},"112":{"start":{"line":213,"column":8},"end":{"line":213,"column":41}},"113":{"start":{"line":216,"column":6},"end":{"line":216,"column":40}},"114":{"start":{"line":218,"column":4},"end":{"line":218,"column":34}},"115":{"start":{"line":220,"column":4},"end":{"line":220,"column":39}},"116":{"start":{"line":223,"column":2},"end":{"line":249,"column":4}},"117":{"start":{"line":232,"column":6},"end":{"line":232,"column":18}},"118":{"start":{"line":235,"column":6},"end":{"line":235,"column":19}},"119":{"start":{"line":238,"column":6},"end":{"line":238,"column":22}},"120":{"start":{"line":241,"column":6},"end":{"line":241,"column":25}},"121":{"start":{"line":244,"column":6},"end":{"line":244,"column":31}},"122":{"start":{"line":247,"column":6},"end":{"line":247,"column":27}}},"fnMap":{"0":{"name":"GameboardFactory","decl":{"start":{"line":4,"column":24},"end":{"line":4,"column":40}},"loc":{"start":{"line":4,"column":43},"end":{"line":250,"column":1}},"line":4},"1":{"name":"findCell","decl":{"start":{"line":20,"column":11},"end":{"line":20,"column":19}},"loc":{"start":{"line":20,"column":28},"end":{"line":22,"column":3}},"line":20},"2":{"name":"(anonymous_2)","decl":{"start":{"line":21,"column":22},"end":{"line":21,"column":23}},"loc":{"start":{"line":21,"column":32},"end":{"line":21,"column":60}},"line":21},"3":{"name":"clear","decl":{"start":{"line":24,"column":11},"end":{"line":24,"column":16}},"loc":{"start":{"line":24,"column":19},"end":{"line":27,"column":3}},"line":24},"4":{"name":"create","decl":{"start":{"line":29,"column":11},"end":{"line":29,"column":17}},"loc":{"start":{"line":29,"column":20},"end":{"line":40,"column":3}},"line":29},"5":{"name":"(anonymous_5)","decl":{"start":{"line":42,"column":24},"end":{"line":42,"column":25}},"loc":{"start":{"line":42,"column":34},"end":{"line":42,"column":69}},"line":42},"6":{"name":"(anonymous_6)","decl":{"start":{"line":42,"column":42},"end":{"line":42,"column":43}},"loc":{"start":{"line":42,"column":55},"end":{"line":42,"column":68}},"line":42},"7":{"name":"findSubArray","decl":{"start":{"line":44,"column":11},"end":{"line":44,"column":23}},"loc":{"start":{"line":44,"column":34},"end":{"line":51,"column":3}},"line":44},"8":{"name":"addSub","decl":{"start":{"line":53,"column":11},"end":{"line":53,"column":17}},"loc":{"start":{"line":53,"column":28},"end":{"line":61,"column":3}},"line":53},"9":{"name":"(anonymous_9)","decl":{"start":{"line":55,"column":6},"end":{"line":55,"column":7}},"loc":{"start":{"line":55,"column":13},"end":{"line":55,"column":60}},"line":55},"10":{"name":"(anonymous_10)","decl":{"start":{"line":55,"column":23},"end":{"line":55,"column":24}},"loc":{"start":{"line":55,"column":30},"end":{"line":55,"column":59}},"line":55},"11":{"name":"(anonymous_11)","decl":{"start":{"line":55,"column":38},"end":{"line":55,"column":39}},"loc":{"start":{"line":55,"column":48},"end":{"line":55,"column":58}},"line":55},"12":{"name":"findSub","decl":{"start":{"line":63,"column":11},"end":{"line":63,"column":18}},"loc":{"start":{"line":63,"column":29},"end":{"line":65,"column":3}},"line":63},"13":{"name":"(anonymous_13)","decl":{"start":{"line":64,"column":22},"end":{"line":64,"column":23}},"loc":{"start":{"line":64,"column":29},"end":{"line":64,"column":75}},"line":64},"14":{"name":"(anonymous_14)","decl":{"start":{"line":64,"column":38},"end":{"line":64,"column":39}},"loc":{"start":{"line":64,"column":45},"end":{"line":64,"column":74}},"line":64},"15":{"name":"(anonymous_15)","decl":{"start":{"line":64,"column":53},"end":{"line":64,"column":54}},"loc":{"start":{"line":64,"column":63},"end":{"line":64,"column":73}},"line":64},"16":{"name":"findSubArrayCoordinate","decl":{"start":{"line":67,"column":11},"end":{"line":67,"column":33}},"loc":{"start":{"line":67,"column":44},"end":{"line":74,"column":3}},"line":67},"17":{"name":"getRandomInteger","decl":{"start":{"line":76,"column":11},"end":{"line":76,"column":27}},"loc":{"start":{"line":76,"column":39},"end":{"line":79,"column":3}},"line":76},"18":{"name":"removeShipFromArray","decl":{"start":{"line":81,"column":11},"end":{"line":81,"column":30}},"loc":{"start":{"line":81,"column":37},"end":{"line":83,"column":3}},"line":81},"19":{"name":"findShipByCoordinates","decl":{"start":{"line":85,"column":11},"end":{"line":85,"column":32}},"loc":{"start":{"line":85,"column":46},"end":{"line":93,"column":3}},"line":85},"20":{"name":"recalibrateDisabledCells","decl":{"start":{"line":95,"column":11},"end":{"line":95,"column":35}},"loc":{"start":{"line":95,"column":38},"end":{"line":102,"column":3}},"line":95},"21":{"name":"getDisabledCellsForRemoval","decl":{"start":{"line":104,"column":11},"end":{"line":104,"column":37}},"loc":{"start":{"line":104,"column":43},"end":{"line":108,"column":3}},"line":104},"22":{"name":"(anonymous_22)","decl":{"start":{"line":106,"column":6},"end":{"line":106,"column":7}},"loc":{"start":{"line":106,"column":13},"end":{"line":106,"column":71}},"line":106},"23":{"name":"(anonymous_23)","decl":{"start":{"line":106,"column":33},"end":{"line":106,"column":34}},"loc":{"start":{"line":106,"column":40},"end":{"line":106,"column":70}},"line":106},"24":{"name":"removeShip","decl":{"start":{"line":110,"column":11},"end":{"line":110,"column":21}},"loc":{"start":{"line":110,"column":35},"end":{"line":121,"column":3}},"line":110},"25":{"name":"addShip","decl":{"start":{"line":123,"column":11},"end":{"line":123,"column":18}},"loc":{"start":{"line":123,"column":32},"end":{"line":151,"column":3}},"line":123},"26":{"name":"generateShip","decl":{"start":{"line":153,"column":11},"end":{"line":153,"column":23}},"loc":{"start":{"line":153,"column":34},"end":{"line":173,"column":3}},"line":153},"27":{"name":"autoPlaceShips","decl":{"start":{"line":175,"column":11},"end":{"line":175,"column":25}},"loc":{"start":{"line":175,"column":28},"end":{"line":187,"column":3}},"line":175},"28":{"name":"findShip","decl":{"start":{"line":189,"column":11},"end":{"line":189,"column":19}},"loc":{"start":{"line":189,"column":33},"end":{"line":197,"column":3}},"line":189},"29":{"name":"receiveAttack","decl":{"start":{"line":199,"column":11},"end":{"line":199,"column":24}},"loc":{"start":{"line":199,"column":38},"end":{"line":221,"column":3}},"line":199},"30":{"name":"(anonymous_30)","decl":{"start":{"line":231,"column":4},"end":{"line":231,"column":5}},"loc":{"start":{"line":231,"column":15},"end":{"line":233,"column":5}},"line":231},"31":{"name":"(anonymous_31)","decl":{"start":{"line":234,"column":4},"end":{"line":234,"column":5}},"loc":{"start":{"line":234,"column":16},"end":{"line":236,"column":5}},"line":234},"32":{"name":"(anonymous_32)","decl":{"start":{"line":237,"column":4},"end":{"line":237,"column":5}},"loc":{"start":{"line":237,"column":19},"end":{"line":239,"column":5}},"line":237},"33":{"name":"(anonymous_33)","decl":{"start":{"line":240,"column":4},"end":{"line":240,"column":5}},"loc":{"start":{"line":240,"column":22},"end":{"line":242,"column":5}},"line":240},"34":{"name":"(anonymous_34)","decl":{"start":{"line":243,"column":4},"end":{"line":243,"column":5}},"loc":{"start":{"line":243,"column":28},"end":{"line":245,"column":5}},"line":243},"35":{"name":"(anonymous_35)","decl":{"start":{"line":246,"column":4},"end":{"line":246,"column":5}},"loc":{"start":{"line":246,"column":24},"end":{"line":248,"column":5}},"line":246}},"branchMap":{"0":{"loc":{"start":{"line":21,"column":32},"end":{"line":21,"column":60}},"type":"binary-expr","locations":[{"start":{"line":21,"column":32},"end":{"line":21,"column":44}},{"start":{"line":21,"column":48},"end":{"line":21,"column":60}}],"line":21},"1":{"loc":{"start":{"line":46,"column":6},"end":{"line":48,"column":7}},"type":"if","locations":[{"start":{"line":46,"column":6},"end":{"line":48,"column":7}},{"start":{},"end":{}}],"line":46},"2":{"loc":{"start":{"line":69,"column":6},"end":{"line":71,"column":7}},"type":"if","locations":[{"start":{"line":69,"column":6},"end":{"line":71,"column":7}},{"start":{},"end":{}}],"line":69},"3":{"loc":{"start":{"line":88,"column":6},"end":{"line":90,"column":7}},"type":"if","locations":[{"start":{"line":88,"column":6},"end":{"line":90,"column":7}},{"start":{},"end":{}}],"line":88},"4":{"loc":{"start":{"line":98,"column":6},"end":{"line":100,"column":7}},"type":"if","locations":[{"start":{"line":98,"column":6},"end":{"line":100,"column":7}},{"start":{},"end":{}}],"line":98},"5":{"loc":{"start":{"line":106,"column":40},"end":{"line":106,"column":70}},"type":"binary-expr","locations":[{"start":{"line":106,"column":40},"end":{"line":106,"column":53}},{"start":{"line":106,"column":57},"end":{"line":106,"column":70}}],"line":106},"6":{"loc":{"start":{"line":112,"column":4},"end":{"line":114,"column":5}},"type":"if","locations":[{"start":{"line":112,"column":4},"end":{"line":114,"column":5}},{"start":{},"end":{}}],"line":112},"7":{"loc":{"start":{"line":125,"column":6},"end":{"line":127,"column":7}},"type":"if","locations":[{"start":{"line":125,"column":6},"end":{"line":127,"column":7}},{"start":{},"end":{}}],"line":125},"8":{"loc":{"start":{"line":125,"column":10},"end":{"line":125,"column":50}},"type":"binary-expr","locations":[{"start":{"line":125,"column":10},"end":{"line":125,"column":28}},{"start":{"line":125,"column":32},"end":{"line":125,"column":50}}],"line":125},"9":{"loc":{"start":{"line":130,"column":4},"end":{"line":136,"column":5}},"type":"if","locations":[{"start":{"line":130,"column":4},"end":{"line":136,"column":5}},{"start":{"line":134,"column":11},"end":{"line":136,"column":5}}],"line":130},"10":{"loc":{"start":{"line":162,"column":4},"end":{"line":170,"column":5}},"type":"if","locations":[{"start":{"line":162,"column":4},"end":{"line":170,"column":5}},{"start":{"line":166,"column":11},"end":{"line":170,"column":5}}],"line":162},"11":{"loc":{"start":{"line":182,"column":8},"end":{"line":184,"column":9}},"type":"if","locations":[{"start":{"line":182,"column":8},"end":{"line":184,"column":9}},{"start":{},"end":{}}],"line":182},"12":{"loc":{"start":{"line":192,"column":6},"end":{"line":194,"column":7}},"type":"if","locations":[{"start":{"line":192,"column":6},"end":{"line":194,"column":7}},{"start":{},"end":{}}],"line":192},"13":{"loc":{"start":{"line":201,"column":4},"end":{"line":217,"column":5}},"type":"if","locations":[{"start":{"line":201,"column":4},"end":{"line":217,"column":5}},{"start":{},"end":{}}],"line":201},"14":{"loc":{"start":{"line":206,"column":6},"end":{"line":214,"column":7}},"type":"if","locations":[{"start":{"line":206,"column":6},"end":{"line":214,"column":7}},{"start":{},"end":{}}],"line":206},"15":{"loc":{"start":{"line":209,"column":8},"end":{"line":211,"column":9}},"type":"if","locations":[{"start":{"line":209,"column":8},"end":{"line":211,"column":9}},{"start":{},"end":{}}],"line":209}},"s":{"0":4,"1":4,"2":4,"3":4,"4":4,"5":4,"6":4,"7":4,"8":4,"9":14,"10":300,"11":0,"12":0,"13":4,"14":4,"15":40,"16":40,"17":400,"18":400,"19":400,"20":4,"21":4,"22":83,"23":85,"24":12,"25":78,"26":0,"27":12,"28":14,"29":82,"30":318,"31":377,"32":14,"33":56,"34":7,"35":58,"36":143,"37":161,"38":3,"39":5,"40":2,"41":1,"42":0,"43":0,"44":0,"45":0,"46":0,"47":0,"48":0,"49":0,"50":6,"51":6,"52":12,"53":12,"54":0,"55":0,"56":0,"57":0,"58":0,"59":0,"60":0,"61":0,"62":0,"63":0,"64":7,"65":16,"66":0,"67":7,"68":6,"69":14,"70":1,"71":6,"72":6,"73":14,"74":14,"75":6,"76":6,"77":6,"78":6,"79":0,"80":0,"81":0,"82":0,"83":0,"84":0,"85":0,"86":0,"87":0,"88":0,"89":0,"90":0,"91":0,"92":0,"93":0,"94":0,"95":0,"96":0,"97":0,"98":0,"99":3,"100":3,"101":3,"102":2,"103":1,"104":3,"105":3,"106":2,"107":2,"108":2,"109":1,"110":1,"111":1,"112":1,"113":1,"114":1,"115":1,"116":4,"117":1,"118":1,"119":0,"120":0,"121":0,"122":0},"f":{"0":4,"1":14,"2":300,"3":0,"4":4,"5":83,"6":85,"7":12,"8":14,"9":82,"10":318,"11":377,"12":7,"13":58,"14":143,"15":161,"16":3,"17":0,"18":0,"19":0,"20":6,"21":0,"22":0,"23":0,"24":0,"25":7,"26":0,"27":0,"28":3,"29":3,"30":1,"31":1,"32":0,"33":0,"34":0,"35":0},"b":{"0":[300,39],"1":[0,78],"2":[2,3],"3":[0,0],"4":[12,0],"5":[0,0],"6":[0,0],"7":[0,16],"8":[16,16],"9":[6,1],"10":[0,0],"11":[0,0],"12":[2,1],"13":[2,1],"14":[1,1],"15":[1,0]},"_coverageSchema":"1a1c01bbd47fc00a2c39e90264f33305004495a9","hash":"c90e7702950375ccf89400f15c496a29fdb10e09"}
,"/home/fdr/all/dev/theodinproject/battleship/src/app/player.js": {"path":"/home/fdr/all/dev/theodinproject/battleship/src/app/player.js","statementMap":{"0":{"start":{"line":2,"column":24},"end":{"line":2,"column":69}},"1":{"start":{"line":2,"column":34},"end":{"line":2,"column":69}},"2":{"start":{"line":2,"column":55},"end":{"line":2,"column":68}},"3":{"start":{"line":4,"column":22},"end":{"line":4,"column":24}},"4":{"start":{"line":5,"column":18},"end":{"line":5,"column":22}},"5":{"start":{"line":7,"column":16},"end":{"line":7,"column":21}},"6":{"start":{"line":8,"column":17},"end":{"line":8,"column":22}},"7":{"start":{"line":10,"column":20},"end":{"line":10,"column":25}},"8":{"start":{"line":12,"column":16},"end":{"line":12,"column":18}},"9":{"start":{"line":14,"column":21},"end":{"line":14,"column":23}},"10":{"start":{"line":16,"column":18},"end":{"line":16,"column":23}},"11":{"start":{"line":21,"column":4},"end":{"line":38,"column":5}},"12":{"start":{"line":22,"column":6},"end":{"line":22,"column":21}},"13":{"start":{"line":23,"column":6},"end":{"line":23,"column":23}},"14":{"start":{"line":25,"column":6},"end":{"line":25,"column":37}},"15":{"start":{"line":28,"column":6},"end":{"line":33,"column":7}},"16":{"start":{"line":30,"column":8},"end":{"line":30,"column":24}},"17":{"start":{"line":32,"column":8},"end":{"line":32,"column":26}},"18":{"start":{"line":36,"column":6},"end":{"line":36,"column":22}},"19":{"start":{"line":37,"column":6},"end":{"line":37,"column":23}},"20":{"start":{"line":42,"column":4},"end":{"line":46,"column":5}},"21":{"start":{"line":43,"column":6},"end":{"line":45,"column":7}},"22":{"start":{"line":44,"column":8},"end":{"line":44,"column":20}},"23":{"start":{"line":47,"column":4},"end":{"line":47,"column":17}},"24":{"start":{"line":51,"column":14},"end":{"line":51,"column":64}},"25":{"start":{"line":52,"column":4},"end":{"line":52,"column":13}},"26":{"start":{"line":56,"column":4},"end":{"line":60,"column":5}},"27":{"start":{"line":57,"column":6},"end":{"line":57,"column":26}},"28":{"start":{"line":58,"column":6},"end":{"line":58,"column":22}},"29":{"start":{"line":62,"column":4},"end":{"line":64,"column":5}},"30":{"start":{"line":66,"column":4},"end":{"line":74,"column":5}},"31":{"start":{"line":69,"column":6},"end":{"line":73,"column":7}},"32":{"start":{"line":76,"column":4},"end":{"line":103,"column":5}},"33":{"start":{"line":78,"column":6},"end":{"line":78,"column":25}},"34":{"start":{"line":79,"column":23},"end":{"line":79,"column":41}},"35":{"start":{"line":82,"column":6},"end":{"line":82,"column":19}},"36":{"start":{"line":84,"column":6},"end":{"line":84,"column":35}},"37":{"start":{"line":85,"column":6},"end":{"line":87,"column":7}},"38":{"start":{"line":86,"column":8},"end":{"line":86,"column":48}},"39":{"start":{"line":89,"column":6},"end":{"line":89,"column":35}},"40":{"start":{"line":90,"column":6},"end":{"line":92,"column":7}},"41":{"start":{"line":91,"column":8},"end":{"line":91,"column":48}},"42":{"start":{"line":94,"column":6},"end":{"line":94,"column":35}},"43":{"start":{"line":95,"column":6},"end":{"line":97,"column":7}},"44":{"start":{"line":96,"column":8},"end":{"line":96,"column":48}},"45":{"start":{"line":99,"column":6},"end":{"line":99,"column":35}},"46":{"start":{"line":100,"column":6},"end":{"line":102,"column":7}},"47":{"start":{"line":101,"column":8},"end":{"line":101,"column":48}},"48":{"start":{"line":105,"column":4},"end":{"line":123,"column":5}},"49":{"start":{"line":106,"column":6},"end":{"line":106,"column":22}},"50":{"start":{"line":109,"column":19},"end":{"line":109,"column":31}},"51":{"start":{"line":111,"column":6},"end":{"line":120,"column":7}},"52":{"start":{"line":111,"column":19},"end":{"line":111,"column":20}},"53":{"start":{"line":113,"column":8},"end":{"line":117,"column":9}},"54":{"start":{"line":114,"column":10},"end":{"line":114,"column":39}},"55":{"start":{"line":116,"column":10},"end":{"line":116,"column":28}},"56":{"start":{"line":119,"column":8},"end":{"line":119,"column":26}},"57":{"start":{"line":122,"column":6},"end":{"line":122,"column":21}},"58":{"start":{"line":127,"column":4},"end":{"line":127,"column":21}},"59":{"start":{"line":128,"column":4},"end":{"line":137,"column":5}},"60":{"start":{"line":129,"column":22},"end":{"line":129,"column":45}},"61":{"start":{"line":130,"column":22},"end":{"line":130,"column":45}},"62":{"start":{"line":131,"column":6},"end":{"line":131,"column":34}},"63":{"start":{"line":133,"column":6},"end":{"line":136,"column":7}},"64":{"start":{"line":134,"column":8},"end":{"line":134,"column":26}},"65":{"start":{"line":135,"column":8},"end":{"line":135,"column":33}},"66":{"start":{"line":138,"column":4},"end":{"line":138,"column":18}},"67":{"start":{"line":142,"column":4},"end":{"line":156,"column":5}},"68":{"start":{"line":144,"column":6},"end":{"line":144,"column":23}},"69":{"start":{"line":145,"column":6},"end":{"line":154,"column":7}},"70":{"start":{"line":146,"column":24},"end":{"line":146,"column":47}},"71":{"start":{"line":147,"column":24},"end":{"line":147,"column":47}},"72":{"start":{"line":148,"column":8},"end":{"line":148,"column":36}},"73":{"start":{"line":150,"column":8},"end":{"line":153,"column":9}},"74":{"start":{"line":151,"column":10},"end":{"line":151,"column":28}},"75":{"start":{"line":152,"column":10},"end":{"line":152,"column":35}},"76":{"start":{"line":155,"column":6},"end":{"line":155,"column":20}},"77":{"start":{"line":158,"column":4},"end":{"line":160,"column":5}},"78":{"start":{"line":159,"column":6},"end":{"line":159,"column":36}},"79":{"start":{"line":161,"column":4},"end":{"line":161,"column":23}},"80":{"start":{"line":164,"column":2},"end":{"line":172,"column":4}},"81":{"start":{"line":170,"column":6},"end":{"line":170,"column":25}}},"fnMap":{"0":{"name":"Player","decl":{"start":{"line":1,"column":24},"end":{"line":1,"column":30}},"loc":{"start":{"line":1,"column":51},"end":{"line":173,"column":1}},"line":1},"1":{"name":"(anonymous_1)","decl":{"start":{"line":2,"column":24},"end":{"line":2,"column":25}},"loc":{"start":{"line":2,"column":34},"end":{"line":2,"column":69}},"line":2},"2":{"name":"(anonymous_2)","decl":{"start":{"line":2,"column":42},"end":{"line":2,"column":43}},"loc":{"start":{"line":2,"column":55},"end":{"line":2,"column":68}},"line":2},"3":{"name":"rememberLastAttack","decl":{"start":{"line":20,"column":11},"end":{"line":20,"column":29}},"loc":{"start":{"line":20,"column":54},"end":{"line":39,"column":3}},"line":20},"4":{"name":"findSubArray","decl":{"start":{"line":41,"column":11},"end":{"line":41,"column":23}},"loc":{"start":{"line":41,"column":34},"end":{"line":48,"column":3}},"line":41},"5":{"name":"getRandomInteger","decl":{"start":{"line":50,"column":11},"end":{"line":50,"column":27}},"loc":{"start":{"line":50,"column":39},"end":{"line":53,"column":3}},"line":50},"6":{"name":"smartAttack","decl":{"start":{"line":55,"column":11},"end":{"line":55,"column":22}},"loc":{"start":{"line":55,"column":25},"end":{"line":139,"column":3}},"line":55},"7":{"name":"attack","decl":{"start":{"line":141,"column":11},"end":{"line":141,"column":17}},"loc":{"start":{"line":141,"column":36},"end":{"line":162,"column":3}},"line":141},"8":{"name":"(anonymous_8)","decl":{"start":{"line":169,"column":4},"end":{"line":169,"column":5}},"loc":{"start":{"line":169,"column":22},"end":{"line":171,"column":5}},"line":169}},"branchMap":{"0":{"loc":{"start":{"line":1,"column":31},"end":{"line":1,"column":49}},"type":"default-arg","locations":[{"start":{"line":1,"column":44},"end":{"line":1,"column":49}}],"line":1},"1":{"loc":{"start":{"line":21,"column":4},"end":{"line":38,"column":5}},"type":"if","locations":[{"start":{"line":21,"column":4},"end":{"line":38,"column":5}},{"start":{"line":34,"column":11},"end":{"line":38,"column":5}}],"line":21},"2":{"loc":{"start":{"line":28,"column":6},"end":{"line":33,"column":7}},"type":"if","locations":[{"start":{"line":28,"column":6},"end":{"line":33,"column":7}},{"start":{},"end":{}}],"line":28},"3":{"loc":{"start":{"line":43,"column":6},"end":{"line":45,"column":7}},"type":"if","locations":[{"start":{"line":43,"column":6},"end":{"line":45,"column":7}},{"start":{},"end":{}}],"line":43},"4":{"loc":{"start":{"line":56,"column":4},"end":{"line":60,"column":5}},"type":"if","locations":[{"start":{"line":56,"column":4},"end":{"line":60,"column":5}},{"start":{},"end":{}}],"line":56},"5":{"loc":{"start":{"line":62,"column":4},"end":{"line":64,"column":5}},"type":"if","locations":[{"start":{"line":62,"column":4},"end":{"line":64,"column":5}},{"start":{},"end":{}}],"line":62},"6":{"loc":{"start":{"line":66,"column":4},"end":{"line":74,"column":5}},"type":"if","locations":[{"start":{"line":66,"column":4},"end":{"line":74,"column":5}},{"start":{},"end":{}}],"line":66},"7":{"loc":{"start":{"line":69,"column":6},"end":{"line":73,"column":7}},"type":"if","locations":[{"start":{"line":69,"column":6},"end":{"line":73,"column":7}},{"start":{"line":71,"column":13},"end":{"line":73,"column":7}}],"line":69},"8":{"loc":{"start":{"line":76,"column":4},"end":{"line":103,"column":5}},"type":"if","locations":[{"start":{"line":76,"column":4},"end":{"line":103,"column":5}},{"start":{},"end":{}}],"line":76},"9":{"loc":{"start":{"line":76,"column":8},"end":{"line":76,"column":27}},"type":"binary-expr","locations":[{"start":{"line":76,"column":8},"end":{"line":76,"column":15}},{"start":{"line":76,"column":19},"end":{"line":76,"column":27}}],"line":76},"10":{"loc":{"start":{"line":85,"column":6},"end":{"line":87,"column":7}},"type":"if","locations":[{"start":{"line":85,"column":6},"end":{"line":87,"column":7}},{"start":{},"end":{}}],"line":85},"11":{"loc":{"start":{"line":90,"column":6},"end":{"line":92,"column":7}},"type":"if","locations":[{"start":{"line":90,"column":6},"end":{"line":92,"column":7}},{"start":{},"end":{}}],"line":90},"12":{"loc":{"start":{"line":95,"column":6},"end":{"line":97,"column":7}},"type":"if","locations":[{"start":{"line":95,"column":6},"end":{"line":97,"column":7}},{"start":{},"end":{}}],"line":95},"13":{"loc":{"start":{"line":100,"column":6},"end":{"line":102,"column":7}},"type":"if","locations":[{"start":{"line":100,"column":6},"end":{"line":102,"column":7}},{"start":{},"end":{}}],"line":100},"14":{"loc":{"start":{"line":105,"column":4},"end":{"line":123,"column":5}},"type":"if","locations":[{"start":{"line":105,"column":4},"end":{"line":123,"column":5}},{"start":{},"end":{}}],"line":105},"15":{"loc":{"start":{"line":105,"column":8},"end":{"line":105,"column":31}},"type":"binary-expr","locations":[{"start":{"line":105,"column":8},"end":{"line":105,"column":19}},{"start":{"line":105,"column":23},"end":{"line":105,"column":31}}],"line":105},"16":{"loc":{"start":{"line":113,"column":8},"end":{"line":117,"column":9}},"type":"if","locations":[{"start":{"line":113,"column":8},"end":{"line":117,"column":9}},{"start":{},"end":{}}],"line":113},"17":{"loc":{"start":{"line":133,"column":6},"end":{"line":136,"column":7}},"type":"if","locations":[{"start":{"line":133,"column":6},"end":{"line":136,"column":7}},{"start":{},"end":{}}],"line":133},"18":{"loc":{"start":{"line":141,"column":18},"end":{"line":141,"column":34}},"type":"default-arg","locations":[{"start":{"line":141,"column":32},"end":{"line":141,"column":34}}],"line":141},"19":{"loc":{"start":{"line":142,"column":4},"end":{"line":156,"column":5}},"type":"if","locations":[{"start":{"line":142,"column":4},"end":{"line":156,"column":5}},{"start":{},"end":{}}],"line":142},"20":{"loc":{"start":{"line":150,"column":8},"end":{"line":153,"column":9}},"type":"if","locations":[{"start":{"line":150,"column":8},"end":{"line":153,"column":9}},{"start":{},"end":{}}],"line":150},"21":{"loc":{"start":{"line":158,"column":4},"end":{"line":160,"column":5}},"type":"if","locations":[{"start":{"line":158,"column":4},"end":{"line":160,"column":5}},{"start":{},"end":{}}],"line":158}},"s":{"0":1,"1":0,"2":0,"3":1,"4":1,"5":1,"6":1,"7":1,"8":1,"9":1,"10":1,"11":0,"12":0,"13":0,"14":0,"15":0,"16":0,"17":0,"18":0,"19":0,"20":0,"21":0,"22":0,"23":0,"24":0,"25":0,"26":0,"27":0,"28":0,"29":0,"30":0,"31":0,"32":0,"33":0,"34":0,"35":0,"36":0,"37":0,"38":0,"39":0,"40":0,"41":0,"42":0,"43":0,"44":0,"45":0,"46":0,"47":0,"48":0,"49":0,"50":0,"51":0,"52":0,"53":0,"54":0,"55":0,"56":0,"57":0,"58":0,"59":0,"60":0,"61":0,"62":0,"63":0,"64":0,"65":0,"66":0,"67":0,"68":0,"69":0,"70":0,"71":0,"72":0,"73":0,"74":0,"75":0,"76":0,"77":0,"78":0,"79":0,"80":1,"81":3},"f":{"0":1,"1":0,"2":0,"3":0,"4":0,"5":0,"6":0,"7":0,"8":3},"b":{"0":[1],"1":[0,0],"2":[0,0],"3":[0,0],"4":[0,0],"5":[0,0],"6":[0,0],"7":[0,0],"8":[0,0],"9":[0,0],"10":[0,0],"11":[0,0],"12":[0,0],"13":[0,0],"14":[0,0],"15":[0,0],"16":[0,0],"17":[0,0],"18":[0],"19":[0,0],"20":[0,0],"21":[0,0]},"_coverageSchema":"1a1c01bbd47fc00a2c39e90264f33305004495a9","hash":"10b1fefa11503a3ff9ceda8fdd9221c2ea4addf1"}
,"/home/fdr/all/dev/theodinproject/battleship/src/app/ship.js": {"path":"/home/fdr/all/dev/theodinproject/battleship/src/app/ship.js","statementMap":{"0":{"start":{"line":6,"column":17},"end":{"line":6,"column":26}},"1":{"start":{"line":7,"column":13},"end":{"line":7,"column":20}},"2":{"start":{"line":8,"column":20},"end":{"line":8,"column":29}},"3":{"start":{"line":11,"column":4},"end":{"line":11,"column":23}},"4":{"start":{"line":16,"column":4},"end":{"line":18,"column":5}},"5":{"start":{"line":17,"column":6},"end":{"line":17,"column":16}},"6":{"start":{"line":20,"column":4},"end":{"line":22,"column":5}},"7":{"start":{"line":21,"column":6},"end":{"line":21,"column":13}},"8":{"start":{"line":24,"column":4},"end":{"line":24,"column":16}},"9":{"start":{"line":27,"column":20},"end":{"line":27,"column":32}},"10":{"start":{"line":27,"column":26},"end":{"line":27,"column":32}},"11":{"start":{"line":28,"column":18},"end":{"line":28,"column":28}},"12":{"start":{"line":28,"column":24},"end":{"line":28,"column":28}},"13":{"start":{"line":29,"column":17},"end":{"line":29,"column":34}},"14":{"start":{"line":29,"column":23},"end":{"line":29,"column":34}},"15":{"start":{"line":31,"column":2},"end":{"line":31,"column":45}}},"fnMap":{"0":{"name":"ShipFactory","decl":{"start":{"line":1,"column":24},"end":{"line":1,"column":35}},"loc":{"start":{"line":5,"column":2},"end":{"line":32,"column":1}},"line":5},"1":{"name":"sink","decl":{"start":{"line":10,"column":11},"end":{"line":10,"column":15}},"loc":{"start":{"line":10,"column":18},"end":{"line":12,"column":3}},"line":10},"2":{"name":"hit","decl":{"start":{"line":14,"column":11},"end":{"line":14,"column":14}},"loc":{"start":{"line":14,"column":17},"end":{"line":25,"column":3}},"line":14},"3":{"name":"(anonymous_3)","decl":{"start":{"line":27,"column":20},"end":{"line":27,"column":21}},"loc":{"start":{"line":27,"column":26},"end":{"line":27,"column":32}},"line":27},"4":{"name":"(anonymous_4)","decl":{"start":{"line":28,"column":18},"end":{"line":28,"column":19}},"loc":{"start":{"line":28,"column":24},"end":{"line":28,"column":28}},"line":28},"5":{"name":"(anonymous_5)","decl":{"start":{"line":29,"column":17},"end":{"line":29,"column":18}},"loc":{"start":{"line":29,"column":23},"end":{"line":29,"column":34}},"line":29}},"branchMap":{"0":{"loc":{"start":{"line":2,"column":2},"end":{"line":2,"column":15}},"type":"default-arg","locations":[{"start":{"line":2,"column":14},"end":{"line":2,"column":15}}],"line":2},"1":{"loc":{"start":{"line":3,"column":2},"end":{"line":3,"column":13}},"type":"default-arg","locations":[{"start":{"line":3,"column":12},"end":{"line":3,"column":13}}],"line":3},"2":{"loc":{"start":{"line":4,"column":2},"end":{"line":4,"column":19}},"type":"default-arg","locations":[{"start":{"line":4,"column":14},"end":{"line":4,"column":19}}],"line":4},"3":{"loc":{"start":{"line":16,"column":4},"end":{"line":18,"column":5}},"type":"if","locations":[{"start":{"line":16,"column":4},"end":{"line":18,"column":5}}],"line":16},"4":{"loc":{"start":{"line":20,"column":4},"end":{"line":22,"column":5}},"type":"if","locations":[{"start":{"line":20,"column":4},"end":{"line":22,"column":5}},{"start":{},"end":{}}],"line":20}},"s":{"0":10,"1":10,"2":10,"3":3,"4":9,"5":9,"6":9,"7":3,"8":9,"9":10,"10":1,"11":10,"12":5,"13":10,"14":5,"15":10},"f":{"0":10,"1":3,"2":9,"3":1,"4":5,"5":5},"b":{"0":[1],"1":[9],"2":[10],"3":[9],"4":[3,6]},"_coverageSchema":"1a1c01bbd47fc00a2c39e90264f33305004495a9","hash":"a0c018618bc8e4dc5cdc546ec8a1bfcb4ca43448"}
,"/home/fdr/all/dev/theodinproject/battleship/src/app/ui.js": {"path":"/home/fdr/all/dev/theodinproject/battleship/src/app/ui.js","statementMap":{"0":{"start":{"line":11,"column":19},"end":{"line":11,"column":52}},"1":{"start":{"line":13,"column":27},"end":{"line":13,"column":56}},"2":{"start":{"line":14,"column":4},"end":{"line":14,"column":51}},"3":{"start":{"line":16,"column":23},"end":{"line":16,"column":52}},"4":{"start":{"line":17,"column":4},"end":{"line":17,"column":43}},"5":{"start":{"line":18,"column":4},"end":{"line":18,"column":34}},"6":{"start":{"line":20,"column":18},"end":{"line":20,"column":47}},"7":{"start":{"line":21,"column":4},"end":{"line":21,"column":33}},"8":{"start":{"line":22,"column":4},"end":{"line":22,"column":35}},"9":{"start":{"line":24,"column":4},"end":{"line":24,"column":43}},"10":{"start":{"line":25,"column":4},"end":{"line":25,"column":38}},"11":{"start":{"line":26,"column":4},"end":{"line":26,"column":39}},"12":{"start":{"line":28,"column":4},"end":{"line":47,"column":5}},"13":{"start":{"line":28,"column":17},"end":{"line":28,"column":18}},"14":{"start":{"line":29,"column":6},"end":{"line":46,"column":7}},"15":{"start":{"line":29,"column":19},"end":{"line":29,"column":20}},"16":{"start":{"line":30,"column":21},"end":{"line":30,"column":50}},"17":{"start":{"line":31,"column":8},"end":{"line":31,"column":35}},"18":{"start":{"line":32,"column":8},"end":{"line":32,"column":40}},"19":{"start":{"line":33,"column":8},"end":{"line":33,"column":27}},"20":{"start":{"line":34,"column":8},"end":{"line":34,"column":27}},"21":{"start":{"line":36,"column":23},"end":{"line":36,"column":52}},"22":{"start":{"line":37,"column":8},"end":{"line":37,"column":39}},"23":{"start":{"line":38,"column":8},"end":{"line":38,"column":47}},"24":{"start":{"line":39,"column":8},"end":{"line":39,"column":39}},"25":{"start":{"line":41,"column":8},"end":{"line":41,"column":61}},"26":{"start":{"line":43,"column":8},"end":{"line":43,"column":33}},"27":{"start":{"line":45,"column":8},"end":{"line":45,"column":32}},"28":{"start":{"line":51,"column":18},"end":{"line":51,"column":52}},"29":{"start":{"line":52,"column":4},"end":{"line":56,"column":5}},"30":{"start":{"line":53,"column":6},"end":{"line":53,"column":33}},"31":{"start":{"line":54,"column":6},"end":{"line":54,"column":37}},"32":{"start":{"line":55,"column":6},"end":{"line":55,"column":35}},"33":{"start":{"line":60,"column":19},"end":{"line":60,"column":63}},"34":{"start":{"line":61,"column":4},"end":{"line":63,"column":5}},"35":{"start":{"line":62,"column":6},"end":{"line":62,"column":17}},"36":{"start":{"line":65,"column":4},"end":{"line":65,"column":49}},"37":{"start":{"line":69,"column":30},"end":{"line":69,"column":74}},"38":{"start":{"line":70,"column":4},"end":{"line":70,"column":44}},"39":{"start":{"line":74,"column":30},"end":{"line":74,"column":74}},"40":{"start":{"line":75,"column":4},"end":{"line":75,"column":47}},"41":{"start":{"line":79,"column":18},"end":{"line":79,"column":50}},"42":{"start":{"line":80,"column":4},"end":{"line":80,"column":32}},"43":{"start":{"line":82,"column":18},"end":{"line":82,"column":54}},"44":{"start":{"line":83,"column":4},"end":{"line":83,"column":32}},"45":{"start":{"line":87,"column":18},"end":{"line":87,"column":50}},"46":{"start":{"line":88,"column":4},"end":{"line":88,"column":35}},"47":{"start":{"line":90,"column":18},"end":{"line":90,"column":54}},"48":{"start":{"line":91,"column":4},"end":{"line":91,"column":35}},"49":{"start":{"line":95,"column":4},"end":{"line":95,"column":19}},"50":{"start":{"line":96,"column":4},"end":{"line":96,"column":19}},"51":{"start":{"line":100,"column":4},"end":{"line":100,"column":19}},"52":{"start":{"line":101,"column":4},"end":{"line":101,"column":19}},"53":{"start":{"line":105,"column":4},"end":{"line":117,"column":5}},"54":{"start":{"line":106,"column":23},"end":{"line":108,"column":7}},"55":{"start":{"line":110,"column":21},"end":{"line":110,"column":50}},"56":{"start":{"line":111,"column":6},"end":{"line":111,"column":61}},"57":{"start":{"line":112,"column":6},"end":{"line":112,"column":36}},"58":{"start":{"line":114,"column":21},"end":{"line":114,"column":51}},"59":{"start":{"line":115,"column":6},"end":{"line":115,"column":22}},"60":{"start":{"line":116,"column":6},"end":{"line":116,"column":35}},"61":{"start":{"line":121,"column":25},"end":{"line":121,"column":64}},"62":{"start":{"line":123,"column":17},"end":{"line":125,"column":5}},"63":{"start":{"line":127,"column":4},"end":{"line":144,"column":5}},"64":{"start":{"line":128,"column":21},"end":{"line":128,"column":50}},"65":{"start":{"line":129,"column":6},"end":{"line":129,"column":65}},"66":{"start":{"line":130,"column":6},"end":{"line":130,"column":34}},"67":{"start":{"line":131,"column":6},"end":{"line":131,"column":42}},"68":{"start":{"line":133,"column":6},"end":{"line":133,"column":31}},"69":{"start":{"line":135,"column":6},"end":{"line":137,"column":7}},"70":{"start":{"line":136,"column":8},"end":{"line":136,"column":37}},"71":{"start":{"line":139,"column":21},"end":{"line":139,"column":50}},"72":{"start":{"line":140,"column":6},"end":{"line":140,"column":35}},"73":{"start":{"line":141,"column":6},"end":{"line":141,"column":68}},"74":{"start":{"line":143,"column":6},"end":{"line":143,"column":31}},"75":{"start":{"line":149,"column":4},"end":{"line":153,"column":5}},"76":{"start":{"line":150,"column":6},"end":{"line":150,"column":26}},"77":{"start":{"line":152,"column":6},"end":{"line":152,"column":24}},"78":{"start":{"line":155,"column":4},"end":{"line":162,"column":5}},"79":{"start":{"line":156,"column":6},"end":{"line":161,"column":7}},"80":{"start":{"line":157,"column":21},"end":{"line":159,"column":9}},"81":{"start":{"line":160,"column":8},"end":{"line":160,"column":31}},"82":{"start":{"line":167,"column":4},"end":{"line":171,"column":5}},"83":{"start":{"line":168,"column":6},"end":{"line":168,"column":26}},"84":{"start":{"line":170,"column":6},"end":{"line":170,"column":24}},"85":{"start":{"line":173,"column":4},"end":{"line":180,"column":5}},"86":{"start":{"line":174,"column":6},"end":{"line":179,"column":7}},"87":{"start":{"line":175,"column":21},"end":{"line":177,"column":9}},"88":{"start":{"line":178,"column":8},"end":{"line":178,"column":34}},"89":{"start":{"line":184,"column":4},"end":{"line":189,"column":5}},"90":{"start":{"line":185,"column":21},"end":{"line":187,"column":7}},"91":{"start":{"line":188,"column":6},"end":{"line":188,"column":40}},"92":{"start":{"line":193,"column":4},"end":{"line":198,"column":5}},"93":{"start":{"line":194,"column":21},"end":{"line":196,"column":7}},"94":{"start":{"line":197,"column":6},"end":{"line":197,"column":37}},"95":{"start":{"line":202,"column":18},"end":{"line":202,"column":52}},"96":{"start":{"line":204,"column":4},"end":{"line":208,"column":5}},"97":{"start":{"line":205,"column":6},"end":{"line":207,"column":7}},"98":{"start":{"line":206,"column":8},"end":{"line":206,"column":42}},"99":{"start":{"line":212,"column":4},"end":{"line":214,"column":5}},"100":{"start":{"line":213,"column":6},"end":{"line":213,"column":13}},"101":{"start":{"line":216,"column":4},"end":{"line":222,"column":5}},"102":{"start":{"line":217,"column":23},"end":{"line":219,"column":7}},"103":{"start":{"line":220,"column":6},"end":{"line":220,"column":42}},"104":{"start":{"line":221,"column":6},"end":{"line":221,"column":44}},"105":{"start":{"line":226,"column":19},"end":{"line":228,"column":5}},"106":{"start":{"line":230,"column":18},"end":{"line":230,"column":62}},"107":{"start":{"line":233,"column":6},"end":{"line":233,"column":77}},"108":{"start":{"line":234,"column":21},"end":{"line":234,"column":51}},"109":{"start":{"line":236,"column":18},"end":{"line":236,"column":49}},"110":{"start":{"line":237,"column":4},"end":{"line":241,"column":5}},"111":{"start":{"line":238,"column":6},"end":{"line":238,"column":45}},"112":{"start":{"line":240,"column":6},"end":{"line":240,"column":48}},"113":{"start":{"line":243,"column":4},"end":{"line":243,"column":45}},"114":{"start":{"line":244,"column":4},"end":{"line":244,"column":34}},"115":{"start":{"line":246,"column":4},"end":{"line":246,"column":40}},"116":{"start":{"line":247,"column":4},"end":{"line":247,"column":42}},"117":{"start":{"line":250,"column":24},"end":{"line":250,"column":26}},"118":{"start":{"line":251,"column":4},"end":{"line":257,"column":5}},"119":{"start":{"line":252,"column":21},"end":{"line":254,"column":7}},"120":{"start":{"line":256,"column":6},"end":{"line":256,"column":31}},"121":{"start":{"line":259,"column":4},"end":{"line":261,"column":5}},"122":{"start":{"line":260,"column":6},"end":{"line":260,"column":45}},"123":{"start":{"line":262,"column":4},"end":{"line":264,"column":5}},"124":{"start":{"line":263,"column":6},"end":{"line":263,"column":45}},"125":{"start":{"line":265,"column":4},"end":{"line":267,"column":5}},"126":{"start":{"line":266,"column":6},"end":{"line":266,"column":46}},"127":{"start":{"line":268,"column":4},"end":{"line":270,"column":5}},"128":{"start":{"line":269,"column":6},"end":{"line":269,"column":46}},"129":{"start":{"line":271,"column":4},"end":{"line":273,"column":5}},"130":{"start":{"line":272,"column":6},"end":{"line":272,"column":46}},"131":{"start":{"line":277,"column":30},"end":{"line":277,"column":74}},"132":{"start":{"line":279,"column":21},"end":{"line":279,"column":50}},"133":{"start":{"line":280,"column":4},"end":{"line":280,"column":39}},"134":{"start":{"line":282,"column":18},"end":{"line":282,"column":47}},"135":{"start":{"line":283,"column":4},"end":{"line":283,"column":32}},"136":{"start":{"line":285,"column":18},"end":{"line":285,"column":47}},"137":{"start":{"line":286,"column":4},"end":{"line":286,"column":32}},"138":{"start":{"line":288,"column":19},"end":{"line":288,"column":48}},"139":{"start":{"line":289,"column":4},"end":{"line":289,"column":33}},"140":{"start":{"line":291,"column":19},"end":{"line":291,"column":48}},"141":{"start":{"line":292,"column":4},"end":{"line":292,"column":33}},"142":{"start":{"line":294,"column":19},"end":{"line":294,"column":48}},"143":{"start":{"line":295,"column":4},"end":{"line":295,"column":33}},"144":{"start":{"line":297,"column":4},"end":{"line":299,"column":5}},"145":{"start":{"line":297,"column":17},"end":{"line":297,"column":18}},"146":{"start":{"line":298,"column":6},"end":{"line":298,"column":55}},"147":{"start":{"line":300,"column":4},"end":{"line":302,"column":5}},"148":{"start":{"line":300,"column":17},"end":{"line":300,"column":18}},"149":{"start":{"line":301,"column":6},"end":{"line":301,"column":55}},"150":{"start":{"line":303,"column":4},"end":{"line":306,"column":5}},"151":{"start":{"line":303,"column":17},"end":{"line":303,"column":18}},"152":{"start":{"line":304,"column":6},"end":{"line":304,"column":56}},"153":{"start":{"line":305,"column":6},"end":{"line":305,"column":56}},"154":{"start":{"line":307,"column":4},"end":{"line":309,"column":5}},"155":{"start":{"line":307,"column":17},"end":{"line":307,"column":18}},"156":{"start":{"line":308,"column":6},"end":{"line":308,"column":56}},"157":{"start":{"line":311,"column":18},"end":{"line":311,"column":47}},"158":{"start":{"line":312,"column":4},"end":{"line":312,"column":32}},"159":{"start":{"line":313,"column":4},"end":{"line":313,"column":33}},"160":{"start":{"line":315,"column":18},"end":{"line":315,"column":47}},"161":{"start":{"line":316,"column":4},"end":{"line":316,"column":32}},"162":{"start":{"line":317,"column":4},"end":{"line":317,"column":33}},"163":{"start":{"line":319,"column":19},"end":{"line":319,"column":48}},"164":{"start":{"line":320,"column":4},"end":{"line":320,"column":33}},"165":{"start":{"line":321,"column":4},"end":{"line":321,"column":35}},"166":{"start":{"line":323,"column":19},"end":{"line":323,"column":48}},"167":{"start":{"line":324,"column":4},"end":{"line":324,"column":33}},"168":{"start":{"line":325,"column":4},"end":{"line":325,"column":35}},"169":{"start":{"line":327,"column":19},"end":{"line":327,"column":48}},"170":{"start":{"line":328,"column":4},"end":{"line":328,"column":33}},"171":{"start":{"line":329,"column":4},"end":{"line":329,"column":35}},"172":{"start":{"line":331,"column":4},"end":{"line":331,"column":29}},"173":{"start":{"line":332,"column":4},"end":{"line":332,"column":29}},"174":{"start":{"line":333,"column":4},"end":{"line":333,"column":31}},"175":{"start":{"line":334,"column":4},"end":{"line":334,"column":31}},"176":{"start":{"line":335,"column":4},"end":{"line":335,"column":31}},"177":{"start":{"line":337,"column":4},"end":{"line":337,"column":32}},"178":{"start":{"line":338,"column":4},"end":{"line":338,"column":32}},"179":{"start":{"line":339,"column":4},"end":{"line":339,"column":33}},"180":{"start":{"line":340,"column":4},"end":{"line":340,"column":33}},"181":{"start":{"line":341,"column":4},"end":{"line":341,"column":33}},"182":{"start":{"line":343,"column":4},"end":{"line":343,"column":44}},"183":{"start":{"line":345,"column":4},"end":{"line":345,"column":59}},"184":{"start":{"line":346,"column":4},"end":{"line":346,"column":59}},"185":{"start":{"line":347,"column":4},"end":{"line":347,"column":61}},"186":{"start":{"line":348,"column":4},"end":{"line":348,"column":61}},"187":{"start":{"line":349,"column":4},"end":{"line":349,"column":61}},"188":{"start":{"line":351,"column":4},"end":{"line":351,"column":22}},"189":{"start":{"line":352,"column":4},"end":{"line":352,"column":22}},"190":{"start":{"line":353,"column":4},"end":{"line":353,"column":23}},"191":{"start":{"line":354,"column":4},"end":{"line":354,"column":23}},"192":{"start":{"line":355,"column":4},"end":{"line":355,"column":23}},"193":{"start":{"line":359,"column":24},"end":{"line":359,"column":56}},"194":{"start":{"line":360,"column":26},"end":{"line":360,"column":60}},"195":{"start":{"line":361,"column":28},"end":{"line":361,"column":64}},"196":{"start":{"line":362,"column":30},"end":{"line":362,"column":67}},"197":{"start":{"line":364,"column":4},"end":{"line":364,"column":78}},"198":{"start":{"line":367,"column":2},"end":{"line":383,"column":4}}},"fnMap":{"0":{"name":"UI","decl":{"start":{"line":3,"column":24},"end":{"line":3,"column":26}},"loc":{"start":{"line":3,"column":50},"end":{"line":384,"column":1}},"line":3},"1":{"name":"createBoard","decl":{"start":{"line":10,"column":11},"end":{"line":10,"column":22}},"loc":{"start":{"line":10,"column":29},"end":{"line":48,"column":3}},"line":10},"2":{"name":"clearCells","decl":{"start":{"line":50,"column":11},"end":{"line":50,"column":21}},"loc":{"start":{"line":50,"column":24},"end":{"line":57,"column":3}},"line":50},"3":{"name":"clear","decl":{"start":{"line":59,"column":11},"end":{"line":59,"column":16}},"loc":{"start":{"line":59,"column":19},"end":{"line":66,"column":3}},"line":59},"4":{"name":"hideShipYard","decl":{"start":{"line":68,"column":11},"end":{"line":68,"column":23}},"loc":{"start":{"line":68,"column":26},"end":{"line":71,"column":3}},"line":68},"5":{"name":"showShipYard","decl":{"start":{"line":73,"column":11},"end":{"line":73,"column":23}},"loc":{"start":{"line":73,"column":26},"end":{"line":76,"column":3}},"line":73},"6":{"name":"hideControls","decl":{"start":{"line":78,"column":11},"end":{"line":78,"column":23}},"loc":{"start":{"line":78,"column":26},"end":{"line":84,"column":3}},"line":78},"7":{"name":"showControls","decl":{"start":{"line":86,"column":11},"end":{"line":86,"column":23}},"loc":{"start":{"line":86,"column":26},"end":{"line":92,"column":3}},"line":86},"8":{"name":"hideUI","decl":{"start":{"line":94,"column":11},"end":{"line":94,"column":17}},"loc":{"start":{"line":94,"column":20},"end":{"line":97,"column":3}},"line":94},"9":{"name":"showUI","decl":{"start":{"line":99,"column":11},"end":{"line":99,"column":17}},"loc":{"start":{"line":99,"column":20},"end":{"line":102,"column":3}},"line":99},"10":{"name":"sinkShip","decl":{"start":{"line":104,"column":11},"end":{"line":104,"column":19}},"loc":{"start":{"line":104,"column":40},"end":{"line":118,"column":3}},"line":104},"11":{"name":"receiveAttack","decl":{"start":{"line":120,"column":11},"end":{"line":120,"column":24}},"loc":{"start":{"line":120,"column":66},"end":{"line":145,"column":3}},"line":120},"12":{"name":"addClasses","decl":{"start":{"line":147,"column":11},"end":{"line":147,"column":21}},"loc":{"start":{"line":147,"column":62},"end":{"line":163,"column":3}},"line":147},"13":{"name":"removeClasses","decl":{"start":{"line":165,"column":11},"end":{"line":165,"column":24}},"loc":{"start":{"line":165,"column":65},"end":{"line":181,"column":3}},"line":165},"14":{"name":"showDisabledSymbols","decl":{"start":{"line":183,"column":11},"end":{"line":183,"column":30}},"loc":{"start":{"line":183,"column":44},"end":{"line":190,"column":3}},"line":183},"15":{"name":"hideDisabledSymbols","decl":{"start":{"line":192,"column":11},"end":{"line":192,"column":30}},"loc":{"start":{"line":192,"column":44},"end":{"line":199,"column":3}},"line":192},"16":{"name":"clearSymbols","decl":{"start":{"line":201,"column":11},"end":{"line":201,"column":23}},"loc":{"start":{"line":201,"column":26},"end":{"line":209,"column":3}},"line":201},"17":{"name":"removeDisabledCells","decl":{"start":{"line":211,"column":11},"end":{"line":211,"column":30}},"loc":{"start":{"line":211,"column":44},"end":{"line":223,"column":3}},"line":211},"18":{"name":"dropShip","decl":{"start":{"line":225,"column":11},"end":{"line":225,"column":19}},"loc":{"start":{"line":225,"column":52},"end":{"line":274,"column":3}},"line":225},"19":{"name":"createShipYard","decl":{"start":{"line":276,"column":11},"end":{"line":276,"column":25}},"loc":{"start":{"line":276,"column":28},"end":{"line":356,"column":3}},"line":276},"20":{"name":"getUIReferences","decl":{"start":{"line":358,"column":11},"end":{"line":358,"column":26}},"loc":{"start":{"line":358,"column":29},"end":{"line":365,"column":3}},"line":358}},"branchMap":{"0":{"loc":{"start":{"line":127,"column":4},"end":{"line":144,"column":5}},"type":"if","locations":[{"start":{"line":127,"column":4},"end":{"line":144,"column":5}},{"start":{"line":138,"column":11},"end":{"line":144,"column":5}}],"line":127},"1":{"loc":{"start":{"line":135,"column":6},"end":{"line":137,"column":7}},"type":"if","locations":[{"start":{"line":135,"column":6},"end":{"line":137,"column":7}},{"start":{},"end":{}}],"line":135},"2":{"loc":{"start":{"line":147,"column":44},"end":{"line":147,"column":60}},"type":"default-arg","locations":[{"start":{"line":147,"column":55},"end":{"line":147,"column":60}}],"line":147},"3":{"loc":{"start":{"line":149,"column":4},"end":{"line":153,"column":5}},"type":"if","locations":[{"start":{"line":149,"column":4},"end":{"line":153,"column":5}},{"start":{"line":151,"column":11},"end":{"line":153,"column":5}}],"line":149},"4":{"loc":{"start":{"line":165,"column":47},"end":{"line":165,"column":63}},"type":"default-arg","locations":[{"start":{"line":165,"column":58},"end":{"line":165,"column":63}}],"line":165},"5":{"loc":{"start":{"line":167,"column":4},"end":{"line":171,"column":5}},"type":"if","locations":[{"start":{"line":167,"column":4},"end":{"line":171,"column":5}},{"start":{"line":169,"column":11},"end":{"line":171,"column":5}}],"line":167},"6":{"loc":{"start":{"line":212,"column":4},"end":{"line":214,"column":5}},"type":"if","locations":[{"start":{"line":212,"column":4},"end":{"line":214,"column":5}},{"start":{},"end":{}}],"line":212},"7":{"loc":{"start":{"line":237,"column":4},"end":{"line":241,"column":5}},"type":"if","locations":[{"start":{"line":237,"column":4},"end":{"line":241,"column":5}},{"start":{"line":239,"column":11},"end":{"line":241,"column":5}}],"line":237},"8":{"loc":{"start":{"line":259,"column":4},"end":{"line":261,"column":5}},"type":"if","locations":[{"start":{"line":259,"column":4},"end":{"line":261,"column":5}},{"start":{},"end":{}}],"line":259},"9":{"loc":{"start":{"line":262,"column":4},"end":{"line":264,"column":5}},"type":"if","locations":[{"start":{"line":262,"column":4},"end":{"line":264,"column":5}},{"start":{},"end":{}}],"line":262},"10":{"loc":{"start":{"line":265,"column":4},"end":{"line":267,"column":5}},"type":"if","locations":[{"start":{"line":265,"column":4},"end":{"line":267,"column":5}},{"start":{},"end":{}}],"line":265},"11":{"loc":{"start":{"line":268,"column":4},"end":{"line":270,"column":5}},"type":"if","locations":[{"start":{"line":268,"column":4},"end":{"line":270,"column":5}},{"start":{},"end":{}}],"line":268},"12":{"loc":{"start":{"line":271,"column":4},"end":{"line":273,"column":5}},"type":"if","locations":[{"start":{"line":271,"column":4},"end":{"line":273,"column":5}},{"start":{},"end":{}}],"line":271}},"s":{"0":0,"1":0,"2":0,"3":0,"4":0,"5":0,"6":0,"7":0,"8":0,"9":0,"10":0,"11":0,"12":0,"13":0,"14":0,"15":0,"16":0,"17":0,"18":0,"19":0,"20":0,"21":0,"22":0,"23":0,"24":0,"25":0,"26":0,"27":0,"28":0,"29":0,"30":0,"31":0,"32":0,"33":0,"34":0,"35":0,"36":0,"37":0,"38":0,"39":0,"40":0,"41":0,"42":0,"43":0,"44":0,"45":0,"46":0,"47":0,"48":0,"49":0,"50":0,"51":0,"52":0,"53":0,"54":0,"55":0,"56":0,"57":0,"58":0,"59":0,"60":0,"61":0,"62":0,"63":0,"64":0,"65":0,"66":0,"67":0,"68":0,"69":0,"70":0,"71":0,"72":0,"73":0,"74":0,"75":0,"76":0,"77":0,"78":0,"79":0,"80":0,"81":0,"82":0,"83":0,"84":0,"85":0,"86":0,"87":0,"88":0,"89":0,"90":0,"91":0,"92":0,"93":0,"94":0,"95":0,"96":0,"97":0,"98":0,"99":0,"100":0,"101":0,"102":0,"103":0,"104":0,"105":0,"106":0,"107":0,"108":0,"109":0,"110":0,"111":0,"112":0,"113":0,"114":0,"115":0,"116":0,"117":0,"118":0,"119":0,"120":0,"121":0,"122":0,"123":0,"124":0,"125":0,"126":0,"127":0,"128":0,"129":0,"130":0,"131":0,"132":0,"133":0,"134":0,"135":0,"136":0,"137":0,"138":0,"139":0,"140":0,"141":0,"142":0,"143":0,"144":0,"145":0,"146":0,"147":0,"148":0,"149":0,"150":0,"151":0,"152":0,"153":0,"154":0,"155":0,"156":0,"157":0,"158":0,"159":0,"160":0,"161":0,"162":0,"163":0,"164":0,"165":0,"166":0,"167":0,"168":0,"169":0,"170":0,"171":0,"172":0,"173":0,"174":0,"175":0,"176":0,"177":0,"178":0,"179":0,"180":0,"181":0,"182":0,"183":0,"184":0,"185":0,"186":0,"187":0,"188":0,"189":0,"190":0,"191":0,"192":0,"193":1,"194":1,"195":1,"196":1,"197":1,"198":1},"f":{"0":1,"1":0,"2":0,"3":0,"4":0,"5":0,"6":0,"7":0,"8":0,"9":0,"10":0,"11":0,"12":0,"13":0,"14":0,"15":0,"16":0,"17":0,"18":0,"19":0,"20":1},"b":{"0":[0,0],"1":[0,0],"2":[0],"3":[0,0],"4":[0],"5":[0,0],"6":[0,0],"7":[0,0],"8":[0,0],"9":[0,0],"10":[0,0],"11":[0,0],"12":[0,0]},"_coverageSchema":"1a1c01bbd47fc00a2c39e90264f33305004495a9","hash":"ff1f6fdb7fe08d206e66f3d751b46b6d23d9fe7f"}
}
