TN:
SF:src/app/cell.js
FN:1,CellFactory
FN:9,renderString
FN:13,setSymbol
FN:17,setDisabledCells
FN:68,init
FN:78,(anonymous_5)
FNF:6
FNH:5
FNDA:404,CellFactory
FNDA:2,renderString
FNDA:0,setSymbol
FNDA:401,setDisabledCells
FNDA:401,init
FNDA:15,(anonymous_5)
DA:2,404
DA:3,404
DA:5,404
DA:7,404
DA:10,2
DA:14,0
DA:18,401
DA:19,401
DA:21,401
DA:22,3208
DA:23,401
DA:26,3208
DA:27,401
DA:28,401
DA:31,3208
DA:32,401
DA:35,3208
DA:36,401
DA:37,401
DA:40,3208
DA:41,401
DA:44,3208
DA:45,401
DA:46,401
DA:49,3208
DA:50,401
DA:53,3208
DA:54,401
DA:55,401
DA:58,3208
DA:60,2739
DA:63,3208
DA:64,3208
DA:69,401
DA:72,404
DA:79,15
LF:36
LH:35
BRDA:22,0,0,401
BRDA:22,0,1,2807
BRDA:26,1,0,401
BRDA:26,1,1,2807
BRDA:31,2,0,401
BRDA:31,2,1,2807
BRDA:35,3,0,401
BRDA:35,3,1,2807
BRDA:40,4,0,401
BRDA:40,4,1,2807
BRDA:44,5,0,401
BRDA:44,5,1,2807
BRDA:49,6,0,401
BRDA:49,6,1,2807
BRDA:53,7,0,401
BRDA:53,7,1,2807
BRDA:58,8,0,2739
BRDA:58,8,1,469
BRDA:58,9,0,3208
BRDA:58,9,1,3085
BRDA:58,9,2,2965
BRDA:58,9,3,2851
BRF:22
BRH:22
end_of_record
TN:
SF:src/app/drag_and_drop.js
FN:1,DragAndDrop
FN:14,detectDropTargets
FN:45,snapShip
FN:59,moveAt
FN:64,detectMove
FN:74,onMouseMove
FN:93,onTouchMove
FN:111,extractArrayOfCoordinates
FN:121,rotateShip
FN:157,(anonymous_9)
FN:202,(anonymous_10)
FN:205,(anonymous_11)
FN:221,(anonymous_12)
FN:244,(anonymous_13)
FN:250,moveAfterResize
FN:262,dragStart
FN:278,(anonymous_16)
FN:305,dragEnd
FN:343,mouseUpResponse
FN:348,cancelDrag
FN:355,setDropTargets
FN:365,init
FNF:22
FNH:0
FNDA:0,DragAndDrop
FNDA:0,detectDropTargets
FNDA:0,snapShip
FNDA:0,moveAt
FNDA:0,detectMove
FNDA:0,onMouseMove
FNDA:0,onTouchMove
FNDA:0,extractArrayOfCoordinates
FNDA:0,rotateShip
FNDA:0,(anonymous_9)
FNDA:0,(anonymous_10)
FNDA:0,(anonymous_11)
FNDA:0,(anonymous_12)
FNDA:0,(anonymous_13)
FNDA:0,moveAfterResize
FNDA:0,dragStart
FNDA:0,(anonymous_16)
FNDA:0,dragEnd
FNDA:0,mouseUpResponse
FNDA:0,cancelDrag
FNDA:0,setDropTargets
FNDA:0,init
DA:2,0
DA:6,0
DA:8,0
DA:9,0
DA:10,0
DA:12,0
DA:15,0
DA:16,0
DA:18,0
DA:19,0
DA:21,0
DA:22,0
DA:25,0
DA:26,0
DA:27,0
DA:29,0
DA:31,0
DA:32,0
DA:36,0
DA:38,0
DA:41,0
DA:48,0
DA:49,0
DA:53,0
DA:54,0
DA:60,0
DA:61,0
DA:66,0
DA:68,0
DA:70,0
DA:80,0
DA:81,0
DA:82,0
DA:84,0
DA:85,0
DA:86,0
DA:89,0
DA:97,0
DA:99,0
DA:100,0
DA:102,0
DA:103,0
DA:105,0
DA:107,0
DA:112,0
DA:114,0
DA:115,0
DA:118,0
DA:125,0
DA:127,0
DA:130,0
DA:132,0
DA:136,0
DA:137,0
DA:141,0
DA:142,0
DA:144,0
DA:145,0
DA:147,0
DA:148,0
DA:151,0
DA:152,0
DA:153,0
DA:157,0
DA:159,0
DA:162,0
DA:164,0
DA:165,0
DA:173,0
DA:175,0
DA:176,0
DA:179,0
DA:180,0
DA:188,0
DA:190,0
DA:191,0
DA:192,0
DA:195,0
DA:196,0
DA:202,0
DA:203,0
DA:205,0
DA:206,0
DA:208,0
DA:211,0
DA:213,0
DA:214,0
DA:221,0
DA:222,0
DA:227,0
DA:229,0
DA:230,0
DA:233,0
DA:235,0
DA:239,0
DA:240,0
DA:242,0
DA:244,0
DA:245,0
DA:252,0
DA:254,0
DA:258,0
DA:259,0
DA:263,0
DA:265,0
DA:267,0
DA:271,0
DA:274,0
DA:276,0
DA:278,0
DA:279,0
DA:280,0
DA:283,0
DA:284,0
DA:285,0
DA:287,0
DA:289,0
DA:290,0
DA:291,0
DA:295,0
DA:296,0
DA:298,0
DA:299,0
DA:301,0
DA:302,0
DA:306,0
DA:310,0
DA:311,0
DA:315,0
DA:316,0
DA:317,0
DA:319,0
DA:320,0
DA:322,0
DA:325,0
DA:327,0
DA:329,0
DA:330,0
DA:332,0
DA:333,0
DA:335,0
DA:344,0
DA:345,0
DA:349,0
DA:351,0
DA:356,0
DA:359,0
DA:361,0
DA:362,0
DA:370,0
DA:371,0
DA:373,0
DA:374,0
DA:376,0
DA:377,0
DA:380,0
LF:156
LH:0
BRDA:29,0,0,0
BRDA:29,0,1,0
BRDA:29,1,0,0
BRDA:29,1,1,0
BRDA:36,2,0,0
BRDA:36,2,1,0
BRDA:68,3,0,0
BRDA:68,3,1,0
BRDA:84,4,0,0
BRDA:84,4,1,0
BRDA:102,5,0,0
BRDA:102,5,1,0
BRDA:125,6,0,0
BRDA:125,6,1,0
BRDA:130,7,0,0
BRDA:130,7,1,0
BRDA:157,8,0,0
BRDA:157,8,1,0
BRDA:190,9,0,0
BRDA:190,9,1,0
BRDA:202,10,0,0
BRDA:202,10,1,0
BRDA:202,11,0,0
BRDA:202,11,1,0
BRDA:227,12,0,0
BRDA:227,12,1,0
BRDA:265,13,0,0
BRDA:265,13,1,0
BRDA:283,14,0,0
BRDA:283,14,1,0
BRDA:315,15,0,0
BRDA:315,15,1,0
BRDA:332,16,0,0
BRDA:332,16,1,0
BRDA:349,17,0,0
BRDA:349,17,1,0
BRF:36
BRH:0
end_of_record
TN:
SF:src/app/game.js
FN:5,Game
FN:21,removeShip
FN:33,showDisabledSymbols
FN:37,hideDisabledSymbols
FN:41,placeShip
FN:51,finishGame
FN:56,(anonymous_6)
FN:95,start
FN:114,initBoardsAndPlayers
FN:127,initShipYard
FN:131,init
FN:136,restart
FN:143,randomize
FN:159,initButtons
FNF:14
FNH:2
FNDA:1,Game
FNDA:0,removeShip
FNDA:0,showDisabledSymbols
FNDA:0,hideDisabledSymbols
FNDA:0,placeShip
FNDA:0,finishGame
FNDA:0,(anonymous_6)
FNDA:0,start
FNDA:0,initBoardsAndPlayers
FNDA:0,initShipYard
FNDA:0,init
FNDA:0,restart
FNDA:0,randomize
FNDA:1,initButtons
DA:6,1
DA:9,1
DA:22,0
DA:24,0
DA:25,0
DA:28,0
DA:29,0
DA:30,0
DA:34,0
DA:38,0
DA:42,0
DA:44,0
DA:45,0
DA:47,0
DA:48,0
DA:52,0
DA:53,0
DA:56,1
DA:57,0
DA:58,0
DA:61,0
DA:62,0
DA:64,0
DA:65,0
DA:68,0
DA:69,0
DA:71,0
DA:73,0
DA:75,0
DA:78,0
DA:80,0
DA:82,0
DA:84,0
DA:86,0
DA:87,0
DA:90,0
DA:91,0
DA:96,0
DA:97,0
DA:100,0
DA:101,0
DA:103,0
DA:104,0
DA:106,0
DA:107,0
DA:110,0
DA:111,0
DA:115,0
DA:116,0
DA:118,0
DA:119,0
DA:121,0
DA:122,0
DA:124,0
DA:128,0
DA:132,0
DA:133,0
DA:137,0
DA:138,0
DA:139,0
DA:140,0
DA:144,0
DA:146,0
DA:147,0
DA:149,0
DA:150,0
DA:152,0
DA:153,0
DA:154,0
DA:155,0
DA:160,1
DA:161,0
DA:162,0
DA:163,0
DA:166,1
LF:75
LH:5
BRDA:24,0,0,0
BRDA:24,0,1,0
BRDA:57,1,0,0
BRDA:57,1,1,0
BRDA:64,2,0,0
BRDA:64,2,1,0
BRDA:86,3,0,0
BRDA:86,3,1,0
BRDA:90,4,0,0
BRDA:90,4,1,0
BRDA:96,5,0,0
BRDA:96,5,1,0
BRF:12
BRH:0
end_of_record
TN:
SF:src/app/gameboard.js
FN:4,GameboardFactory
FN:20,findCell
FN:21,(anonymous_2)
FN:24,clear
FN:29,create
FN:42,(anonymous_5)
FN:42,(anonymous_6)
FN:44,findSubArray
FN:53,addSub
FN:55,(anonymous_9)
FN:55,(anonymous_10)
FN:55,(anonymous_11)
FN:63,findSub
FN:64,(anonymous_13)
FN:64,(anonymous_14)
FN:64,(anonymous_15)
FN:67,findSubArrayCoordinate
FN:76,getRandomInteger
FN:81,removeShipFromArray
FN:85,findShipByCoordinates
FN:95,recalibrateDisabledCells
FN:104,getDisabledCellsForRemoval
FN:106,(anonymous_22)
FN:106,(anonymous_23)
FN:110,removeShip
FN:123,addShip
FN:153,generateShip
FN:175,autoPlaceShips
FN:189,findShip
FN:199,receiveAttack
FN:231,(anonymous_30)
FN:234,(anonymous_31)
FN:237,(anonymous_32)
FN:240,(anonymous_33)
FN:243,(anonymous_34)
FN:246,(anonymous_35)
FNF:36
FNH:22
FNDA:4,GameboardFactory
FNDA:14,findCell
FNDA:300,(anonymous_2)
FNDA:0,clear
FNDA:4,create
FNDA:83,(anonymous_5)
FNDA:85,(anonymous_6)
FNDA:12,findSubArray
FNDA:14,addSub
FNDA:82,(anonymous_9)
FNDA:318,(anonymous_10)
FNDA:377,(anonymous_11)
FNDA:7,findSub
FNDA:58,(anonymous_13)
FNDA:143,(anonymous_14)
FNDA:161,(anonymous_15)
FNDA:3,findSubArrayCoordinate
FNDA:0,getRandomInteger
FNDA:0,removeShipFromArray
FNDA:0,findShipByCoordinates
FNDA:6,recalibrateDisabledCells
FNDA:0,getDisabledCellsForRemoval
FNDA:0,(anonymous_22)
FNDA:0,(anonymous_23)
FNDA:0,removeShip
FNDA:7,addShip
FNDA:0,generateShip
FNDA:0,autoPlaceShips
FNDA:3,findShip
FNDA:3,receiveAttack
FNDA:1,(anonymous_30)
FNDA:1,(anonymous_31)
FNDA:0,(anonymous_32)
FNDA:0,(anonymous_33)
FNDA:0,(anonymous_34)
FNDA:0,(anonymous_35)
DA:5,4
DA:7,4
DA:8,4
DA:10,4
DA:11,4
DA:13,4
DA:14,4
DA:16,4
DA:18,4
DA:21,300
DA:25,0
DA:26,0
DA:30,4
DA:31,40
DA:32,400
DA:33,400
DA:35,400
DA:39,4
DA:42,85
DA:45,12
DA:46,78
DA:47,0
DA:50,12
DA:54,14
DA:55,377
DA:58,14
DA:59,56
DA:64,161
DA:68,3
DA:69,5
DA:70,2
DA:73,1
DA:77,0
DA:78,0
DA:82,0
DA:86,0
DA:87,0
DA:88,0
DA:89,0
DA:92,0
DA:96,6
DA:97,6
DA:98,12
DA:99,12
DA:105,0
DA:106,0
DA:111,0
DA:112,0
DA:113,0
DA:116,0
DA:117,0
DA:119,0
DA:120,0
DA:124,7
DA:125,16
DA:126,0
DA:130,7
DA:131,6
DA:132,14
DA:135,1
DA:138,6
DA:140,6
DA:141,14
DA:143,14
DA:146,6
DA:147,6
DA:149,6
DA:150,6
DA:154,0
DA:155,0
DA:157,0
DA:158,0
DA:160,0
DA:162,0
DA:163,0
DA:164,0
DA:167,0
DA:168,0
DA:172,0
DA:176,0
DA:177,0
DA:178,0
DA:179,0
DA:180,0
DA:182,0
DA:183,0
DA:190,3
DA:191,3
DA:192,3
DA:193,2
DA:196,1
DA:200,3
DA:201,3
DA:202,2
DA:204,2
DA:206,2
DA:207,1
DA:209,1
DA:210,1
DA:213,1
DA:216,1
DA:218,1
DA:220,1
DA:223,4
DA:232,1
DA:235,1
DA:238,0
DA:241,0
DA:244,0
DA:247,0
LF:110
LH:67
BRDA:21,0,0,300
BRDA:21,0,1,39
BRDA:46,1,0,0
BRDA:46,1,1,78
BRDA:69,2,0,2
BRDA:69,2,1,3
BRDA:88,3,0,0
BRDA:88,3,1,0
BRDA:98,4,0,12
BRDA:98,4,1,0
BRDA:106,5,0,0
BRDA:106,5,1,0
BRDA:112,6,0,0
BRDA:112,6,1,0
BRDA:125,7,0,0
BRDA:125,7,1,16
BRDA:125,8,0,16
BRDA:125,8,1,16
BRDA:130,9,0,6
BRDA:130,9,1,1
BRDA:162,10,0,0
BRDA:162,10,1,0
BRDA:182,11,0,0
BRDA:182,11,1,0
BRDA:192,12,0,2
BRDA:192,12,1,1
BRDA:201,13,0,2
BRDA:201,13,1,1
BRDA:206,14,0,1
BRDA:206,14,1,1
BRDA:209,15,0,1
BRDA:209,15,1,0
BRF:32
BRH:18
end_of_record
TN:
SF:src/app/player.js
FN:1,Player
FN:2,(anonymous_1)
FN:2,(anonymous_2)
FN:20,rememberLastAttack
FN:41,findSubArray
FN:50,getRandomInteger
FN:55,smartAttack
FN:141,attack
FN:169,(anonymous_8)
FNF:9
FNH:2
FNDA:1,Player
FNDA:0,(anonymous_1)
FNDA:0,(anonymous_2)
FNDA:0,rememberLastAttack
FNDA:0,findSubArray
FNDA:0,getRandomInteger
FNDA:0,smartAttack
FNDA:0,attack
FNDA:3,(anonymous_8)
DA:2,1
DA:4,1
DA:5,1
DA:7,1
DA:8,1
DA:10,1
DA:12,1
DA:14,1
DA:16,1
DA:21,0
DA:22,0
DA:23,0
DA:25,0
DA:28,0
DA:30,0
DA:32,0
DA:36,0
DA:37,0
DA:42,0
DA:43,0
DA:44,0
DA:47,0
DA:51,0
DA:52,0
DA:56,0
DA:57,0
DA:58,0
DA:62,0
DA:66,0
DA:69,0
DA:76,0
DA:78,0
DA:79,0
DA:82,0
DA:84,0
DA:85,0
DA:86,0
DA:89,0
DA:90,0
DA:91,0
DA:94,0
DA:95,0
DA:96,0
DA:99,0
DA:100,0
DA:101,0
DA:105,0
DA:106,0
DA:109,0
DA:111,0
DA:113,0
DA:114,0
DA:116,0
DA:119,0
DA:122,0
DA:127,0
DA:128,0
DA:129,0
DA:130,0
DA:131,0
DA:133,0
DA:134,0
DA:135,0
DA:138,0
DA:142,0
DA:144,0
DA:145,0
DA:146,0
DA:147,0
DA:148,0
DA:150,0
DA:151,0
DA:152,0
DA:155,0
DA:158,0
DA:159,0
DA:161,0
DA:164,1
DA:170,3
LF:79
LH:11
BRDA:1,0,0,1
BRDA:21,1,0,0
BRDA:21,1,1,0
BRDA:28,2,0,0
BRDA:28,2,1,0
BRDA:43,3,0,0
BRDA:43,3,1,0
BRDA:56,4,0,0
BRDA:56,4,1,0
BRDA:62,5,0,0
BRDA:62,5,1,0
BRDA:66,6,0,0
BRDA:66,6,1,0
BRDA:69,7,0,0
BRDA:69,7,1,0
BRDA:76,8,0,0
BRDA:76,8,1,0
BRDA:76,9,0,0
BRDA:76,9,1,0
BRDA:85,10,0,0
BRDA:85,10,1,0
BRDA:90,11,0,0
BRDA:90,11,1,0
BRDA:95,12,0,0
BRDA:95,12,1,0
BRDA:100,13,0,0
BRDA:100,13,1,0
BRDA:105,14,0,0
BRDA:105,14,1,0
BRDA:105,15,0,0
BRDA:105,15,1,0
BRDA:113,16,0,0
BRDA:113,16,1,0
BRDA:133,17,0,0
BRDA:133,17,1,0
BRDA:141,18,0,0
BRDA:142,19,0,0
BRDA:142,19,1,0
BRDA:150,20,0,0
BRDA:150,20,1,0
BRDA:158,21,0,0
BRDA:158,21,1,0
BRF:42
BRH:1
end_of_record
TN:
SF:src/app/ship.js
FN:1,ShipFactory
FN:10,sink
FN:14,hit
FN:27,(anonymous_3)
FN:28,(anonymous_4)
FN:29,(anonymous_5)
FNF:6
FNH:6
FNDA:10,ShipFactory
FNDA:3,sink
FNDA:9,hit
FNDA:1,(anonymous_3)
FNDA:5,(anonymous_4)
FNDA:5,(anonymous_5)
DA:6,10
DA:7,10
DA:8,10
DA:11,3
DA:16,9
DA:17,9
DA:20,9
DA:21,3
DA:24,9
DA:27,10
DA:28,10
DA:29,10
DA:31,10
LF:13
LH:13
BRDA:2,0,0,1
BRDA:3,1,0,9
BRDA:4,2,0,10
BRDA:16,3,0,9
BRDA:20,4,0,3
BRDA:20,4,1,6
BRF:6
BRH:6
end_of_record
TN:
SF:src/app/ui.js
FN:3,UI
FN:10,createBoard
FN:50,clearCells
FN:59,clear
FN:68,hideShipYard
FN:73,showShipYard
FN:78,hideControls
FN:86,showControls
FN:94,hideUI
FN:99,showUI
FN:104,sinkShip
FN:120,receiveAttack
FN:147,addClasses
FN:165,removeClasses
FN:183,showDisabledSymbols
FN:192,hideDisabledSymbols
FN:201,clearSymbols
FN:211,removeDisabledCells
FN:225,dropShip
FN:276,createShipYard
FN:358,getUIReferences
FNF:21
FNH:2
FNDA:1,UI
FNDA:0,createBoard
FNDA:0,clearCells
FNDA:0,clear
FNDA:0,hideShipYard
FNDA:0,showShipYard
FNDA:0,hideControls
FNDA:0,showControls
FNDA:0,hideUI
FNDA:0,showUI
FNDA:0,sinkShip
FNDA:0,receiveAttack
FNDA:0,addClasses
FNDA:0,removeClasses
FNDA:0,showDisabledSymbols
FNDA:0,hideDisabledSymbols
FNDA:0,clearSymbols
FNDA:0,removeDisabledCells
FNDA:0,dropShip
FNDA:0,createShipYard
FNDA:1,getUIReferences
DA:11,0
DA:13,0
DA:14,0
DA:16,0
DA:17,0
DA:18,0
DA:20,0
DA:21,0
DA:22,0
DA:24,0
DA:25,0
DA:26,0
DA:28,0
DA:29,0
DA:30,0
DA:31,0
DA:32,0
DA:33,0
DA:34,0
DA:36,0
DA:37,0
DA:38,0
DA:39,0
DA:41,0
DA:43,0
DA:45,0
DA:51,0
DA:52,0
DA:53,0
DA:54,0
DA:55,0
DA:60,0
DA:61,0
DA:62,0
DA:65,0
DA:69,0
DA:70,0
DA:74,0
DA:75,0
DA:79,0
DA:80,0
DA:82,0
DA:83,0
DA:87,0
DA:88,0
DA:90,0
DA:91,0
DA:95,0
DA:96,0
DA:100,0
DA:101,0
DA:105,0
DA:106,0
DA:110,0
DA:111,0
DA:112,0
DA:114,0
DA:115,0
DA:116,0
DA:121,0
DA:123,0
DA:127,0
DA:128,0
DA:129,0
DA:130,0
DA:131,0
DA:133,0
DA:135,0
DA:136,0
DA:139,0
DA:140,0
DA:141,0
DA:143,0
DA:149,0
DA:150,0
DA:152,0
DA:155,0
DA:156,0
DA:157,0
DA:160,0
DA:167,0
DA:168,0
DA:170,0
DA:173,0
DA:174,0
DA:175,0
DA:178,0
DA:184,0
DA:185,0
DA:188,0
DA:193,0
DA:194,0
DA:197,0
DA:202,0
DA:204,0
DA:205,0
DA:206,0
DA:212,0
DA:213,0
DA:216,0
DA:217,0
DA:220,0
DA:221,0
DA:226,0
DA:230,0
DA:233,0
DA:234,0
DA:236,0
DA:237,0
DA:238,0
DA:240,0
DA:243,0
DA:244,0
DA:246,0
DA:247,0
DA:250,0
DA:251,0
DA:252,0
DA:256,0
DA:259,0
DA:260,0
DA:262,0
DA:263,0
DA:265,0
DA:266,0
DA:268,0
DA:269,0
DA:271,0
DA:272,0
DA:277,0
DA:279,0
DA:280,0
DA:282,0
DA:283,0
DA:285,0
DA:286,0
DA:288,0
DA:289,0
DA:291,0
DA:292,0
DA:294,0
DA:295,0
DA:297,0
DA:298,0
DA:300,0
DA:301,0
DA:303,0
DA:304,0
DA:305,0
DA:307,0
DA:308,0
DA:311,0
DA:312,0
DA:313,0
DA:315,0
DA:316,0
DA:317,0
DA:319,0
DA:320,0
DA:321,0
DA:323,0
DA:324,0
DA:325,0
DA:327,0
DA:328,0
DA:329,0
DA:331,0
DA:332,0
DA:333,0
DA:334,0
DA:335,0
DA:337,0
DA:338,0
DA:339,0
DA:340,0
DA:341,0
DA:343,0
DA:345,0
DA:346,0
DA:347,0
DA:348,0
DA:349,0
DA:351,0
DA:352,0
DA:353,0
DA:354,0
DA:355,0
DA:359,1
DA:360,1
DA:361,1
DA:362,1
DA:364,1
DA:367,1
LF:193
LH:6
BRDA:127,0,0,0
BRDA:127,0,1,0
BRDA:135,1,0,0
BRDA:135,1,1,0
BRDA:147,2,0,0
BRDA:149,3,0,0
BRDA:149,3,1,0
BRDA:165,4,0,0
BRDA:167,5,0,0
BRDA:167,5,1,0
BRDA:212,6,0,0
BRDA:212,6,1,0
BRDA:237,7,0,0
BRDA:237,7,1,0
BRDA:259,8,0,0
BRDA:259,8,1,0
BRDA:262,9,0,0
BRDA:262,9,1,0
BRDA:265,10,0,0
BRDA:265,10,1,0
BRDA:268,11,0,0
BRDA:268,11,1,0
BRDA:271,12,0,0
BRDA:271,12,1,0
BRF:24
BRH:0
end_of_record
