TN:
SF:src/app/cell.js
FN:1,CellFactory
FN:9,renderString
FN:13,setSymbol
FN:17,setDisabledCells
FN:68,init
FN:78,(anonymous_5)
FNF:6
FNH:6
FNDA:504,CellFactory
FNDA:2,renderString
FNDA:147,setSymbol
FNDA:501,setDisabledCells
FNDA:501,init
FNDA:17,(anonymous_5)
DA:2,504
DA:3,504
DA:5,504
DA:7,504
DA:10,2
DA:14,147
DA:18,501
DA:19,501
DA:21,501
DA:22,4008
DA:23,501
DA:26,4008
DA:27,501
DA:28,501
DA:31,4008
DA:32,501
DA:35,4008
DA:36,501
DA:37,501
DA:40,4008
DA:41,501
DA:44,4008
DA:45,501
DA:46,501
DA:49,4008
DA:50,501
DA:53,4008
DA:54,501
DA:55,501
DA:58,4008
DA:60,3423
DA:63,4008
DA:64,4008
DA:69,501
DA:72,504
DA:79,17
LF:36
LH:36
BRDA:22,0,0,501
BRDA:22,0,1,3507
BRDA:26,1,0,501
BRDA:26,1,1,3507
BRDA:31,2,0,501
BRDA:31,2,1,3507
BRDA:35,3,0,501
BRDA:35,3,1,3507
BRDA:40,4,0,501
BRDA:40,4,1,3507
BRDA:44,5,0,501
BRDA:44,5,1,3507
BRDA:49,6,0,501
BRDA:49,6,1,3507
BRDA:53,7,0,501
BRDA:53,7,1,3507
BRDA:58,8,0,3423
BRDA:58,8,1,585
BRDA:58,9,0,4008
BRDA:58,9,1,3855
BRDA:58,9,2,3705
BRDA:58,9,3,3563
BRF:22
BRH:22
end_of_record
TN:
SF:src/app/gameboard.js
FN:4,GameboardFactory
FN:21,findCell
FN:22,(anonymous_2)
FN:25,create
FN:41,(anonymous_4)
FN:41,(anonymous_5)
FN:43,findSubArray
FN:54,findSubArrayCoordinate
FN:65,placeShip
FN:113,drawBoard
FN:139,findShip
FN:149,receiveAttack
FN:193,(anonymous_12)
FN:196,(anonymous_13)
FN:199,(anonymous_14)
FN:202,(anonymous_15)
FN:205,(anonymous_16)
FNF:17
FNH:13
FNDA:5,GameboardFactory
FNDA:163,findCell
FNDA:4750,(anonymous_2)
FNDA:5,create
FNDA:2520,(anonymous_4)
FNDA:2939,(anonymous_5)
FNDA:302,findSubArray
FNDA:40,findSubArrayCoordinate
FNDA:8,placeShip
FNDA:0,drawBoard
FNDA:40,findShip
FNDA:40,receiveAttack
FNDA:1,(anonymous_12)
FNDA:0,(anonymous_13)
FNDA:0,(anonymous_14)
FNDA:0,(anonymous_15)
FNDA:37,(anonymous_16)
DA:5,5
DA:6,5
DA:9,5
DA:10,5
DA:11,5
DA:12,5
DA:13,5
DA:15,5
DA:16,5
DA:18,5
DA:20,5
DA:22,4750
DA:26,5
DA:27,50
DA:28,500
DA:29,500
DA:33,500
DA:38,5
DA:41,2939
DA:44,302
DA:46,2443
DA:48,84
DA:51,218
DA:55,40
DA:57,77
DA:59,5
DA:62,35
DA:66,8
DA:70,17
DA:71,16
DA:75,1
DA:78,16
DA:81,16
DA:83,106
DA:84,53
DA:90,7
DA:91,7
DA:93,7
DA:94,16
DA:96,16
DA:98,16
DA:101,7
DA:102,117
DA:103,87
DA:104,87
DA:110,7
DA:114,0
DA:116,0
DA:117,0
DA:118,0
DA:125,0
DA:126,0
DA:127,0
DA:129,0
DA:130,0
DA:132,0
DA:134,0
DA:136,0
DA:140,40
DA:141,40
DA:142,40
DA:143,5
DA:146,35
DA:152,40
DA:153,40
DA:154,5
DA:156,5
DA:157,5
DA:159,5
DA:162,5
DA:163,2
DA:164,4
DA:165,4
DA:168,2
DA:172,2
DA:174,2
DA:178,5
DA:180,35
DA:181,35
DA:182,35
DA:185,35
DA:188,5
DA:194,1
DA:197,0
DA:200,0
DA:203,0
DA:206,37
LF:87
LH:72
BRDA:22,0,0,4750
BRDA:22,0,1,573
BRDA:46,1,0,84
BRDA:46,1,1,2359
BRDA:57,2,0,5
BRDA:57,2,1,72
BRDA:70,3,0,16
BRDA:70,3,1,1
BRDA:83,4,0,53
BRDA:83,4,1,53
BRDA:83,5,0,106
BRDA:83,5,1,62
BRDA:102,6,0,87
BRDA:102,6,1,30
BRDA:129,7,0,0
BRDA:129,7,1,0
BRDA:142,8,0,5
BRDA:142,8,1,35
BRDA:153,9,0,5
BRDA:153,9,1,35
BRDA:162,10,0,2
BRDA:162,10,1,3
BRDA:172,11,0,2
BRDA:172,11,1,0
BRF:24
BRH:21
end_of_record
TN:
SF:src/app/player.js
FN:1,Player
FN:4,(anonymous_1)
FN:4,(anonymous_2)
FN:9,findSubArray
FN:20,getRandomInteger
FN:25,attack
FNF:6
FNH:6
FNDA:3,Player
FNDA:652,(anonymous_1)
FNDA:717,(anonymous_2)
FNDA:40,findSubArray
FNDA:80,getRandomInteger
FNDA:37,attack
DA:2,3
DA:4,717
DA:6,3
DA:7,3
DA:10,40
DA:12,652
DA:14,5
DA:17,35
DA:21,80
DA:22,80
DA:26,37
DA:28,35
DA:29,35
DA:30,40
DA:31,40
DA:32,40
DA:34,40
DA:35,35
DA:36,35
DA:40,35
DA:43,2
DA:45,3
LF:22
LH:22
BRDA:1,0,0,2
BRDA:12,1,0,5
BRDA:12,1,1,647
BRDA:25,2,0,35
BRDA:26,3,0,35
BRDA:26,3,1,2
BRDA:34,4,0,35
BRDA:34,4,1,5
BRF:8
BRH:8
end_of_record
TN:
SF:src/app/ship.js
FN:1,ShipFactory
FN:10,sink
FN:14,hit
FN:27,(anonymous_3)
FN:28,(anonymous_4)
FN:29,(anonymous_5)
FNF:6
FNH:6
FNDA:11,ShipFactory
FNDA:4,sink
FNDA:12,hit
FNDA:1,(anonymous_3)
FNDA:5,(anonymous_4)
FNDA:8,(anonymous_5)
DA:6,11
DA:7,11
DA:8,11
DA:11,4
DA:16,12
DA:17,12
DA:20,12
DA:21,4
DA:24,12
DA:27,11
DA:28,11
DA:29,11
DA:31,11
LF:13
LH:13
BRDA:2,0,0,1
BRDA:3,1,0,10
BRDA:4,2,0,11
BRDA:16,3,0,12
BRDA:20,4,0,4
BRDA:20,4,1,8
BRF:6
BRH:6
end_of_record
