{"/home/fdr/all/dev/theodinproject/shopping_cart/src/App.tsx": {"path":"/home/fdr/all/dev/theodinproject/shopping_cart/src/App.tsx","statementMap":{"0":{"start":{"line":12,"column":26},"end":{"line":12,"column":39}},"1":{"start":{"line":23,"column":4},"end":{"line":23,"column":49}},"2":{"start":{"line":26,"column":21},"end":{"line":26,"column":47}},"3":{"start":{"line":28,"column":2},"end":{"line":33,"column":4}}},"fnMap":{"0":{"name":"App","decl":{"start":{"line":6,"column":9},"end":{"line":6,"column":12}},"loc":{"start":{"line":6,"column":15},"end":{"line":34,"column":1}},"line":6},"1":{"name":"handleDarkModeToggle","decl":{"start":{"line":18,"column":11},"end":{"line":18,"column":31}},"loc":{"start":{"line":18,"column":34},"end":{"line":24,"column":3}},"line":18}},"branchMap":{"0":{"loc":{"start":{"line":23,"column":12},"end":{"line":23,"column":47}},"type":"cond-expr","locations":[{"start":{"line":23,"column":31},"end":{"line":23,"column":37}},{"start":{"line":23,"column":40},"end":{"line":23,"column":47}}],"line":23}},"s":{"0":5,"1":2,"2":5,"3":5},"f":{"0":5,"1":2},"b":{"0":[1,1]},"_coverageSchema":"1a1c01bbd47fc00a2c39e90264f33305004495a9","hash":"6409d24f32ad2b75879ad0f167f7373d67f96618"}
,"/home/fdr/all/dev/theodinproject/shopping_cart/src/index.tsx": {"path":"/home/fdr/all/dev/theodinproject/shopping_cart/src/index.tsx","statementMap":{"0":{"start":{"line":6,"column":13},"end":{"line":8,"column":1}},"1":{"start":{"line":10,"column":0},"end":{"line":14,"column":2}}},"fnMap":{},"branchMap":{},"s":{"0":1,"1":1},"f":{},"b":{},"_coverageSchema":"1a1c01bbd47fc00a2c39e90264f33305004495a9","hash":"42c8b083cec4373b0713cfa8a22a4504bbf95313"}
,"/home/fdr/all/dev/theodinproject/shopping_cart/src/hooks/useDarkMode.ts": {"path":"/home/fdr/all/dev/theodinproject/shopping_cart/src/hooks/useDarkMode.ts","statementMap":{"0":{"start":{"line":9,"column":26},"end":{"line":9,"column":56}},"1":{"start":{"line":11,"column":26},"end":{"line":18,"column":4}},"2":{"start":{"line":12,"column":18},"end":{"line":12,"column":58}},"3":{"start":{"line":13,"column":4},"end":{"line":17,"column":5}},"4":{"start":{"line":14,"column":6},"end":{"line":14,"column":49}},"5":{"start":{"line":16,"column":6},"end":{"line":16,"column":75}},"6":{"start":{"line":20,"column":2},"end":{"line":27,"column":9}},"7":{"start":{"line":21,"column":23},"end":{"line":21,"column":57}},"8":{"start":{"line":22,"column":25},"end":{"line":24,"column":5}},"9":{"start":{"line":23,"column":6},"end":{"line":23,"column":53}},"10":{"start":{"line":25,"column":4},"end":{"line":25,"column":56}},"11":{"start":{"line":26,"column":4},"end":{"line":26,"column":72}},"12":{"start":{"line":26,"column":17},"end":{"line":26,"column":71}},"13":{"start":{"line":29,"column":2},"end":{"line":31,"column":13}},"14":{"start":{"line":30,"column":4},"end":{"line":30,"column":51}},"15":{"start":{"line":35,"column":2},"end":{"line":35,"column":34}}},"fnMap":{"0":{"name":"useDarkMode","decl":{"start":{"line":8,"column":16},"end":{"line":8,"column":27}},"loc":{"start":{"line":8,"column":30},"end":{"line":36,"column":1}},"line":8},"1":{"name":"(anonymous_1)","decl":{"start":{"line":11,"column":50},"end":{"line":11,"column":51}},"loc":{"start":{"line":11,"column":56},"end":{"line":18,"column":3}},"line":11},"2":{"name":"(anonymous_2)","decl":{"start":{"line":20,"column":12},"end":{"line":20,"column":13}},"loc":{"start":{"line":20,"column":18},"end":{"line":27,"column":3}},"line":20},"3":{"name":"(anonymous_3)","decl":{"start":{"line":22,"column":25},"end":{"line":22,"column":26}},"loc":{"start":{"line":22,"column":31},"end":{"line":24,"column":5}},"line":22},"4":{"name":"(anonymous_4)","decl":{"start":{"line":26,"column":11},"end":{"line":26,"column":12}},"loc":{"start":{"line":26,"column":17},"end":{"line":26,"column":71}},"line":26},"5":{"name":"(anonymous_5)","decl":{"start":{"line":29,"column":12},"end":{"line":29,"column":13}},"loc":{"start":{"line":29,"column":18},"end":{"line":31,"column":3}},"line":29}},"branchMap":{"0":{"loc":{"start":{"line":13,"column":4},"end":{"line":17,"column":5}},"type":"if","locations":[{"start":{"line":13,"column":4},"end":{"line":17,"column":5}},{"start":{"line":15,"column":11},"end":{"line":17,"column":5}}],"line":13},"1":{"loc":{"start":{"line":14,"column":13},"end":{"line":14,"column":48}},"type":"cond-expr","locations":[{"start":{"line":14,"column":32},"end":{"line":14,"column":38}},{"start":{"line":14,"column":41},"end":{"line":14,"column":48}}],"line":14},"2":{"loc":{"start":{"line":16,"column":13},"end":{"line":16,"column":74}},"type":"cond-expr","locations":[{"start":{"line":16,"column":58},"end":{"line":16,"column":64}},{"start":{"line":16,"column":67},"end":{"line":16,"column":74}}],"line":16},"3":{"loc":{"start":{"line":23,"column":14},"end":{"line":23,"column":51}},"type":"cond-expr","locations":[{"start":{"line":23,"column":35},"end":{"line":23,"column":41}},{"start":{"line":23,"column":44},"end":{"line":23,"column":51}}],"line":23}},"s":{"0":6,"1":6,"2":6,"3":6,"4":2,"5":4,"6":6,"7":6,"8":6,"9":2,"10":6,"11":6,"12":6,"13":6,"14":6,"15":6},"f":{"0":6,"1":6,"2":6,"3":2,"4":6,"5":6},"b":{"0":[2,4],"1":[1,1],"2":[2,2],"3":[1,1]},"_coverageSchema":"1a1c01bbd47fc00a2c39e90264f33305004495a9","hash":"3fdbf4176e8491a14fbe76abbb246fefc57197a7"}
,"/home/fdr/all/dev/theodinproject/shopping_cart/src/hooks/useFetch.ts": {"path":"/home/fdr/all/dev/theodinproject/shopping_cart/src/hooks/useFetch.ts","statementMap":{"0":{"start":{"line":4,"column":26},"end":{"line":4,"column":40}},"1":{"start":{"line":5,"column":36},"end":{"line":5,"column":50}},"2":{"start":{"line":6,"column":32},"end":{"line":6,"column":47}},"3":{"start":{"line":7,"column":42},"end":{"line":7,"column":54}},"4":{"start":{"line":9,"column":2},"end":{"line":32,"column":21}},"5":{"start":{"line":11,"column":6},"end":{"line":28,"column":7}},"6":{"start":{"line":12,"column":25},"end":{"line":12,"column":41}},"7":{"start":{"line":16,"column":8},"end":{"line":19,"column":9}},"8":{"start":{"line":18,"column":10},"end":{"line":18,"column":47}},"9":{"start":{"line":20,"column":8},"end":{"line":20,"column":39}},"10":{"start":{"line":21,"column":8},"end":{"line":21,"column":28}},"11":{"start":{"line":24,"column":8},"end":{"line":24,"column":37}},"12":{"start":{"line":25,"column":8},"end":{"line":25,"column":25}},"13":{"start":{"line":26,"column":8},"end":{"line":26,"column":28}},"14":{"start":{"line":31,"column":4},"end":{"line":31,"column":16}},"15":{"start":{"line":34,"column":2},"end":{"line":34,"column":52}}},"fnMap":{"0":{"name":"useFetch","decl":{"start":{"line":3,"column":16},"end":{"line":3,"column":24}},"loc":{"start":{"line":3,"column":38},"end":{"line":35,"column":1}},"line":3},"1":{"name":"(anonymous_1)","decl":{"start":{"line":9,"column":12},"end":{"line":9,"column":13}},"loc":{"start":{"line":9,"column":18},"end":{"line":32,"column":3}},"line":9},"2":{"name":"fetchData","decl":{"start":{"line":10,"column":19},"end":{"line":10,"column":28}},"loc":{"start":{"line":10,"column":31},"end":{"line":29,"column":5}},"line":10}},"branchMap":{"0":{"loc":{"start":{"line":16,"column":8},"end":{"line":19,"column":9}},"type":"if","locations":[{"start":{"line":16,"column":8},"end":{"line":19,"column":9}},{"start":{},"end":{}}],"line":16}},"s":{"0":8,"1":8,"2":8,"3":8,"4":8,"5":5,"6":5,"7":3,"8":2,"9":1,"10":1,"11":4,"12":4,"13":4,"14":5,"15":8},"f":{"0":8,"1":5,"2":5},"b":{"0":[2,1]},"_coverageSchema":"1a1c01bbd47fc00a2c39e90264f33305004495a9","hash":"576ce46cb3d2d02043df7fcb2e7629ce25f59ae5"}
}
