TN:
SF:src/App.tsx
FN:11,App
FNF:1
FNH:0
FNDA:0,App
DA:12,0
DA:13,0
DA:15,0
LF:3
LH:0
BRF:0
BRH:0
end_of_record
TN:
SF:src/Counter.tsx
FN:3,Counter
FN:6,handleClick
FN:7,(anonymous_2)
FNF:3
FNH:0
FNDA:0,Counter
FNDA:0,handleClick
FNDA:0,(anonymous_2)
DA:4,0
DA:7,0
DA:10,0
LF:3
LH:0
BRF:0
BRH:0
end_of_record
TN:
SF:src/Router.tsx
FN:14,Router
FNF:1
FNH:0
FNDA:0,Router
DA:15,0
DA:58,0
LF:2
LH:0
BRF:0
BRH:0
end_of_record
TN:
SF:src/index.tsx
FN:10,Fallback
FN:21,(anonymous_1)
FNF:2
FNH:0
FNDA:0,Fallback
FNDA:0,(anonymous_1)
DA:8,0
DA:13,0
DA:21,0
DA:23,0
DA:24,0
DA:27,0
LF:6
LH:0
BRF:0
BRH:0
end_of_record
TN:
SF:src/components/About.tsx
FN:4,About
FN:5,(anonymous_1)
FNF:2
FNH:0
FNDA:0,About
FNDA:0,(anonymous_1)
DA:5,0
DA:6,0
DA:9,0
LF:3
LH:0
BRF:0
BRH:0
end_of_record
TN:
SF:src/components/Button.tsx
FN:13,Button
FNF:1
FNH:0
FNDA:0,Button
DA:14,0
DA:15,0
LF:2
LH:0
BRF:0
BRH:0
end_of_record
TN:
SF:src/components/Card.tsx
FN:12,Card
FN:18,(anonymous_1)
FN:31,(anonymous_2)
FN:53,(anonymous_3)
FNF:4
FNH:0
FNDA:0,Card
FNDA:0,(anonymous_1)
FNDA:0,(anonymous_2)
FNDA:0,(anonymous_3)
DA:13,0
DA:14,0
DA:17,0
DA:18,0
DA:20,0
DA:32,0
DA:54,0
LF:7
LH:0
BRDA:29,0,0,0
BRDA:29,0,1,0
BRDA:37,1,0,0
BRDA:37,1,1,0
BRDA:42,2,0,0
BRDA:42,2,1,0
BRDA:52,3,0,0
BRDA:52,3,1,0
BRDA:59,4,0,0
BRDA:59,4,1,0
BRDA:62,5,0,0
BRDA:62,5,1,0
BRF:12
BRH:0
end_of_record
TN:
SF:src/components/Cart.tsx
FN:9,Cart
FN:29,(anonymous_1)
FN:38,(anonymous_2)
FNF:3
FNH:0
FNDA:0,Cart
FNDA:0,(anonymous_1)
FNDA:0,(anonymous_2)
DA:10,0
DA:11,0
DA:13,0
DA:14,0
DA:22,0
DA:30,0
DA:39,0
LF:7
LH:0
BRDA:13,0,0,0
BRDA:13,0,1,0
BRF:2
BRH:0
end_of_record
TN:
SF:src/components/CartButton.tsx
FN:8,CartButton
FNF:1
FNH:0
FNDA:0,CartButton
DA:9,0
DA:11,0
LF:2
LH:0
BRF:0
BRH:0
end_of_record
TN:
SF:src/components/CartItem.tsx
FN:6,CartItem
FN:26,(anonymous_1)
FN:38,(anonymous_2)
FN:52,(anonymous_3)
FNF:4
FNH:0
FNDA:0,CartItem
FNDA:0,(anonymous_1)
FNDA:0,(anonymous_2)
FNDA:0,(anonymous_3)
DA:7,0
DA:9,0
DA:27,0
DA:39,0
DA:53,0
LF:5
LH:0
BRF:0
BRH:0
end_of_record
TN:
SF:src/components/DarkModeButton.tsx
FN:7,DarkModeButton
FN:15,(anonymous_1)
FNF:2
FNH:0
FNDA:0,DarkModeButton
FNDA:0,(anonymous_1)
DA:8,0
DA:9,0
DA:11,0
DA:13,0
DA:16,0
LF:5
LH:0
BRDA:22,0,0,0
BRDA:22,0,1,0
BRF:2
BRH:0
end_of_record
TN:
SF:src/components/Footer.tsx
FN:5,Footer
FNF:1
FNH:0
FNDA:0,Footer
DA:6,0
DA:8,0
LF:2
LH:0
BRF:0
BRH:0
end_of_record
TN:
SF:src/components/Header.tsx
FN:6,Header
FNF:1
FNH:0
FNDA:0,Header
DA:7,0
LF:1
LH:0
BRF:0
BRH:0
end_of_record
TN:
SF:src/components/Home.tsx
FN:7,Home
FN:10,(anonymous_1)
FNF:2
FNH:0
FNDA:0,Home
FNDA:0,(anonymous_1)
DA:10,0
DA:11,0
DA:14,0
LF:3
LH:0
BRF:0
BRH:0
end_of_record
TN:
SF:src/components/Products.tsx
FN:114,a
FNF:1
FNH:0
FNDA:0,a
LF:0
LH:0
BRF:0
BRH:0
end_of_record
TN:
SF:src/components/Shop.tsx
FN:5,Shop
FN:6,(anonymous_1)
FN:18,(anonymous_2)
FN:28,(anonymous_3)
FN:38,(anonymous_4)
FN:48,(anonymous_5)
FN:58,(anonymous_6)
FNF:7
FNH:0
FNDA:0,Shop
FNDA:0,(anonymous_1)
FNDA:0,(anonymous_2)
FNDA:0,(anonymous_3)
FNDA:0,(anonymous_4)
FNDA:0,(anonymous_5)
FNDA:0,(anonymous_6)
DA:6,0
DA:7,0
DA:10,0
DA:19,0
DA:29,0
DA:39,0
DA:49,0
DA:59,0
LF:8
LH:0
BRDA:19,0,0,0
BRDA:19,0,1,0
BRDA:19,1,0,0
BRDA:19,1,1,0
BRDA:29,2,0,0
BRDA:29,2,1,0
BRDA:29,3,0,0
BRDA:29,3,1,0
BRDA:39,4,0,0
BRDA:39,4,1,0
BRDA:39,5,0,0
BRDA:39,5,1,0
BRDA:49,6,0,0
BRDA:49,6,1,0
BRDA:49,7,0,0
BRDA:49,7,1,0
BRDA:59,8,0,0
BRDA:59,8,1,0
BRDA:59,9,0,0
BRDA:59,9,1,0
BRF:20
BRH:0
end_of_record
TN:
SF:src/context/CartContext.tsx
FN:12,(anonymous_0)
FN:19,useCart
FN:23,useCartDispatch
FN:27,CartProvider
FN:38,cartReducer
FN:41,(anonymous_5)
FN:44,(anonymous_6)
FN:81,(anonymous_7)
FN:87,(anonymous_8)
FN:111,(anonymous_9)
FN:113,(anonymous_10)
FNF:11
FNH:0
FNDA:0,(anonymous_0)
FNDA:0,useCart
FNDA:0,useCartDispatch
FNDA:0,CartProvider
FNDA:0,cartReducer
FNDA:0,(anonymous_5)
FNDA:0,(anonymous_6)
FNDA:0,(anonymous_7)
FNDA:0,(anonymous_8)
FNDA:0,(anonymous_9)
FNDA:0,(anonymous_10)
DA:4,0
DA:10,0
DA:12,0
DA:20,0
DA:24,0
DA:29,0
DA:31,0
DA:39,0
DA:41,0
DA:43,0
DA:44,0
DA:45,0
DA:46,0
DA:48,0
DA:50,0
DA:54,0
DA:56,0
DA:63,0
DA:65,0
DA:71,0
DA:81,0
DA:83,0
DA:84,0
DA:87,0
DA:88,0
DA:93,0
DA:95,0
DA:97,0
DA:101,0
DA:103,0
DA:111,0
DA:113,0
DA:116,0
DA:120,0
DA:129,0
DA:136,0
LF:36
LH:0
BRDA:27,0,0,0
BRDA:39,1,0,0
BRDA:39,1,1,0
BRDA:39,1,2,0
BRDA:39,1,3,0
BRDA:39,1,4,0
BRDA:43,2,0,0
BRDA:43,2,1,0
BRDA:45,3,0,0
BRDA:45,3,1,0
BRDA:83,4,0,0
BRDA:83,4,1,0
BRDA:88,5,0,0
BRDA:88,5,1,0
BRF:14
BRH:0
end_of_record
TN:
SF:src/context/DarkModeContext.tsx
FN:5,(anonymous_0)
FN:11,useDarkModeContext
FN:15,useDarkModeDispatchContext
FN:19,DarkModeProvider
FN:20,getInitialMode
FN:33,(anonymous_5)
FN:35,(anonymous_6)
FN:39,(anonymous_7)
FN:42,(anonymous_8)
FN:55,darkModeReducer
FNF:10
FNH:0
FNDA:0,(anonymous_0)
FNDA:0,useDarkModeContext
FNDA:0,useDarkModeDispatchContext
FNDA:0,DarkModeProvider
FNDA:0,getInitialMode
FNDA:0,(anonymous_5)
FNDA:0,(anonymous_6)
FNDA:0,(anonymous_7)
FNDA:0,(anonymous_8)
FNDA:0,darkModeReducer
DA:4,0
DA:5,0
DA:12,0
DA:16,0
DA:21,0
DA:22,0
DA:23,0
DA:25,0
DA:28,0
DA:29,0
DA:31,0
DA:33,0
DA:34,0
DA:35,0
DA:36,0
DA:38,0
DA:39,0
DA:42,0
DA:43,0
DA:46,0
DA:56,0
DA:58,0
DA:60,0
DA:62,0
LF:24
LH:0
BRDA:22,0,0,0
BRDA:22,0,1,0
BRDA:23,1,0,0
BRDA:23,1,1,0
BRDA:25,2,0,0
BRDA:25,2,1,0
BRDA:36,3,0,0
BRDA:36,3,1,0
BRDA:56,4,0,0
BRDA:56,4,1,0
BRDA:56,4,2,0
BRDA:58,5,0,0
BRDA:58,5,1,0
BRF:13
BRH:0
end_of_record
TN:
SF:src/context/ProductsContext.tsx
FN:16,useProducts
FN:25,getAllByCategory
FN:27,(anonymous_2)
FN:28,(anonymous_3)
FN:31,ProductsProvider
FNF:5
FNH:5
FNDA:2,useProducts
FNDA:8,getAllByCategory
FNDA:160,(anonymous_2)
FNDA:40,(anonymous_3)
FNDA:2,ProductsProvider
DA:7,1
DA:9,1
DA:17,2
DA:26,8
DA:27,160
DA:28,40
DA:32,2
DA:36,2
DA:37,2
DA:38,1
DA:47,2
LF:11
LH:11
BRDA:31,0,0,2
BRDA:37,1,0,1
BRDA:37,1,1,1
BRF:3
BRH:3
end_of_record
TN:
SF:src/context/ProductsMock.ts
FNF:0
FNH:0
DA:1,1
LF:1
LH:1
BRF:0
BRH:0
end_of_record
TN:
SF:src/hooks/useDarkMode.ts
FN:6,useDarkMode
FN:9,(anonymous_1)
FN:18,(anonymous_2)
FN:20,(anonymous_3)
FN:24,(anonymous_4)
FN:27,(anonymous_5)
FNF:6
FNH:0
FNDA:0,useDarkMode
FNDA:0,(anonymous_1)
FNDA:0,(anonymous_2)
FNDA:0,(anonymous_3)
FNDA:0,(anonymous_4)
FNDA:0,(anonymous_5)
DA:7,0
DA:9,0
DA:10,0
DA:11,0
DA:12,0
DA:14,0
DA:18,0
DA:19,0
DA:20,0
DA:21,0
DA:23,0
DA:24,0
DA:27,0
DA:28,0
DA:33,0
LF:15
LH:0
BRDA:11,0,0,0
BRDA:11,0,1,0
BRDA:12,1,0,0
BRDA:12,1,1,0
BRDA:14,2,0,0
BRDA:14,2,1,0
BRDA:21,3,0,0
BRDA:21,3,1,0
BRF:8
BRH:0
end_of_record
TN:
SF:src/hooks/useFetch.ts
FN:3,useFetch
FN:9,(anonymous_1)
FN:10,fetchData
FNF:3
FNH:0
FNDA:0,useFetch
FNDA:0,(anonymous_1)
FNDA:0,fetchData
DA:4,0
DA:5,0
DA:6,0
DA:7,0
DA:9,0
DA:11,0
DA:12,0
DA:16,0
DA:18,0
DA:20,0
DA:21,0
DA:23,0
DA:24,0
DA:25,0
DA:30,0
DA:33,0
LF:16
LH:0
BRDA:16,0,0,0
BRDA:16,0,1,0
BRF:2
BRH:0
end_of_record
TN:
SF:src/types/types.ts
FNF:0
FNH:0
LF:0
LH:0
BRF:0
BRH:0
end_of_record
