TN:
SF:src/App.tsx
FN:5,App
FN:13,handleDarkModeToggle
FN:14,(anonymous_2)
FNF:3
FNH:1
FNDA:1,App
FNDA:0,handleDarkModeToggle
FNDA:0,(anonymous_2)
DA:6,1
DA:8,1
DA:14,0
DA:15,0
DA:16,0
DA:20,1
DA:22,1
LF:7
LH:4
BRDA:9,0,0,1
BRDA:9,0,1,0
BRDA:15,1,0,0
BRDA:15,1,1,0
BRDA:16,2,0,0
BRDA:16,2,1,0
BRF:6
BRH:1
end_of_record
TN:
SF:src/index.tsx
FNF:0
FNH:0
DA:6,0
DA:10,0
LF:2
LH:0
BRF:0
BRH:0
end_of_record
TN:
SF:src/hooks/useLocalStorage.ts
FN:3,useLocalStorage
FN:4,(anonymous_1)
FN:14,(anonymous_2)
FNF:3
FNH:3
FNDA:1,useLocalStorage
FNDA:1,(anonymous_1)
FNDA:1,(anonymous_2)
DA:4,1
DA:5,1
DA:6,1
DA:8,1
DA:10,1
DA:14,1
DA:15,1
DA:18,1
LF:8
LH:8
BRDA:5,0,0,1
BRDA:5,0,1,0
BRDA:8,1,0,0
BRDA:8,1,1,1
BRF:4
BRH:2
end_of_record
